#
# There is insufficient memory for the Java Runtime Environment to continue.
# Native memory allocation (mmap) failed to map 538968064 bytes for G1 virtual space
# Possible reasons:
#   The system is out of physical RAM or swap space
#   The process is running with CompressedOops enabled, and the Java Heap may be blocking the growth of the native heap
# Possible solutions:
#   Reduce memory load on the system
#   Increase physical memory or swap space
#   Check if swap backing store is full
#   Decrease Java heap size (-Xmx/-Xms)
#   Decrease number of Java threads
#   Decrease Java thread stack sizes (-Xss)
#   Set larger code cache with -XX:ReservedCodeCacheSize=
#   JVM is running with Zero Based Compressed Oops mode in which the Java heap is
#     placed in the first 32GB address space. The Java Heap base address is the
#     maximum limit for the native heap growth. Please use -XX:HeapBaseMinAddress
#     to set the Java Heap base and to place the Java Heap above 32GB virtual address.
# This output file may be truncated or incomplete.
#
#  Out of Memory Error (os_windows.cpp:3469), pid=3456, tid=21908
#
# JRE version: Java(TM) SE Runtime Environment (17.0.1+12) (build 17.0.1+12-LTS-39)
# Java VM: Java HotSpot(TM) 64-Bit Server VM (17.0.1+12-LTS-39, mixed mode, sharing, tiered, compressed oops, compressed class ptrs, g1 gc, windows-amd64)
# No core dump will be written. Minidumps are not enabled by default on client versions of Windows
#

---------------  S U M M A R Y ------------

Command Line: --add-opens=java.base/java.util=ALL-UNNAMED --add-opens=java.base/java.lang=ALL-UNNAMED --add-opens=java.base/java.lang.invoke=ALL-UNNAMED --add-opens=java.base/java.util=ALL-UNNAMED --add-opens=java.prefs/java.util.prefs=ALL-UNNAMED --add-opens=java.prefs/java.util.prefs=ALL-UNNAMED --add-opens=java.base/java.nio.charset=ALL-UNNAMED --add-opens=java.base/java.net=ALL-UNNAMED --add-opens=java.base/java.util.concurrent.atomic=ALL-UNNAMED -Xmx3G -Dfile.encoding=windows-1252 -Duser.country=US -Duser.language=en -Duser.variant org.gradle.launcher.daemon.bootstrap.GradleDaemon 7.4

Host: AMD Ryzen 5 2400G with Radeon Vega Graphics    , 8 cores, 13G,  Windows 10 , 64 bit Build 19041 (10.0.19041.2913)
Time: Thu Jun  8 16:20:54 2023 GTB Daylight Time elapsed time: 15.213944 seconds (0d 0h 0m 15s)

---------------  T H R E A D  ---------------

Current thread (0x00000122f8e0cb10):  VMThread "VM Thread" [stack: 0x0000001356200000,0x0000001356300000] [id=21908]

Stack: [0x0000001356200000,0x0000001356300000]
Native frames: (J=compiled Java code, j=interpreted, Vv=VM code, C=native code)
V  [jvm.dll+0x66fa1a]
V  [jvm.dll+0x7ce5a4]
V  [jvm.dll+0x7cfd4e]
V  [jvm.dll+0x7d03b3]
V  [jvm.dll+0x242b05]
V  [jvm.dll+0x66ca39]
V  [jvm.dll+0x661502]
V  [jvm.dll+0x30081b]
V  [jvm.dll+0x307da6]
V  [jvm.dll+0x357a1e]
V  [jvm.dll+0x357c4f]
V  [jvm.dll+0x2d7ad8]
V  [jvm.dll+0x2d5da4]
V  [jvm.dll+0x2d53ac]
V  [jvm.dll+0x318d0b]
V  [jvm.dll+0x7d484b]
V  [jvm.dll+0x7d5584]
V  [jvm.dll+0x7d5a9c]
V  [jvm.dll+0x7d5e74]
V  [jvm.dll+0x7d5f40]
V  [jvm.dll+0x77e91a]
V  [jvm.dll+0x66e845]
C  [ucrtbase.dll+0x21bb2]
C  [KERNEL32.DLL+0x17614]
C  [ntdll.dll+0x526a1]

VM_Operation (0x0000001357bf6c80): G1CollectForAllocation, mode: safepoint, requested by thread 0x00000122fb91a030


---------------  P R O C E S S  ---------------

Threads class SMR info:
_java_thread_list=0x0000012280639d50, length=137, elements={
0x00000122d86e13f0, 0x00000122f8e105e0, 0x00000122f8e11360, 0x00000122f8e2a400,
0x00000122f8e2aec0, 0x00000122f8e2d890, 0x00000122f8e2e8f0, 0x00000122f8e345b0,
0x00000122f8e38460, 0x00000122f8e3e190, 0x00000122f98d1b90, 0x00000122f98f4080,
0x00000122fbe9f010, 0x00000122fad29b30, 0x00000122fc3b47e0, 0x00000122fbcd8960,
0x00000122fc2571f0, 0x00000122fb082980, 0x00000122fb91a030, 0x00000122faf96060,
0x00000122faf94850, 0x00000122faf94380, 0x00000122faf95b90, 0x00000122faf93510,
0x00000122faf93eb0, 0x00000122faf956c0, 0x00000122faf94d20, 0x00000122faf96530,
0x00000122faf96a00, 0x00000122faf951f0, 0x00000122faf93040, 0x00000122fcf7ab30,
0x00000122fcf784b0, 0x00000122fcf78980, 0x00000122fcf7cce0, 0x00000122fcf77fe0,
0x00000122fcf78e50, 0x00000122fcf7a660, 0x00000122fcf76300, 0x00000122fcf7b4d0,
0x00000122fcf75960, 0x00000122fcf767d0, 0x00000122fcf79320, 0x00000122fcf75e30,
0x00000122fcf7be70, 0x00000122fcf76ca0, 0x00000122fcf797f0, 0x00000122fcf77170,
0x00000122fcf77640, 0x00000122fcf79cc0, 0x00000122fcff5f50, 0x00000122fcff7c30,
0x00000122fcff20c0, 0x00000122fcff6dc0, 0x00000122fcff4270, 0x00000122fcff2a60,
0x00000122fcff9440, 0x00000122fcff1bf0, 0x00000122fcff2590, 0x00000122fcff8f70,
0x00000122fcff85d0, 0x00000122fcff8100, 0x00000122fcff68f0, 0x00000122fcff4c10,
0x00000122fcff6420, 0x00000122fcff8aa0, 0x00000122fcff2f30, 0x00000122fcff4740,
0x00000122fcff3400, 0x00000122fcff38d0, 0x00000122fcff7290, 0x00000122fcff50e0,
0x00000122fcff3da0, 0x00000122fcff55b0, 0x00000122fcff5a80, 0x00000122fcff7760,
0x00000122804eca30, 0x00000122804e7860, 0x00000122fa888680, 0x00000122f9fbc130,
0x00000122804e8200, 0x00000122804ec560, 0x00000122804e86d0, 0x00000122804e7d30,
0x00000122804e6050, 0x00000122804e8ba0, 0x00000122804ecf00, 0x00000122804eb220,
0x00000122804ebbc0, 0x00000122804ed3d0, 0x00000122804e9070, 0x00000122804e9ee0,
0x00000122804e5b80, 0x00000122804e6520, 0x00000122804e69f0, 0x00000122804e6ec0,
0x00000122804eb6f0, 0x00000122804e9540, 0x00000122804e9a10, 0x00000122804ead50,
0x00000122804ec090, 0x000001228064ca00, 0x0000012280652a40, 0x0000012280652f10,
0x00000122806533e0, 0x00000122806520a0, 0x000001228064d870, 0x000001228064d3a0,
0x000001228064dd40, 0x000001228064f080, 0x00000122806503c0, 0x000001228064f550,
0x0000012280651700, 0x0000012280650d60, 0x0000012280651bd0, 0x000001228064ebb0,
0x000001228064ced0, 0x000001228064e6e0, 0x000001228064fa20, 0x0000012280652570,
0x0000012280650890, 0x00000122806538b0, 0x000001228064c060, 0x000001228064c530,
0x000001228064e210, 0x000001228064fef0, 0x00000122fa3ecf50, 0x00000122fa3eada0,
0x00000122fa3e8bf0, 0x00000122fa3e7d80, 0x00000122fa3eec30, 0x00000122fa3ebc10,
0x00000122fa3eb270, 0x00000122fa3ed8f0, 0x00000122fa3ee760, 0x00000122fa3e9f30,
0x00000122fa3e90c0
}

Java Threads: ( => current thread )
  0x00000122d86e13f0 JavaThread "main" [_thread_blocked, id=6256, stack(0x0000001355c00000,0x0000001355d00000)]
  0x00000122f8e105e0 JavaThread "Reference Handler" daemon [_thread_blocked, id=12216, stack(0x0000001356300000,0x0000001356400000)]
  0x00000122f8e11360 JavaThread "Finalizer" daemon [_thread_blocked, id=11292, stack(0x0000001356400000,0x0000001356500000)]
  0x00000122f8e2a400 JavaThread "Signal Dispatcher" daemon [_thread_blocked, id=21432, stack(0x0000001356500000,0x0000001356600000)]
  0x00000122f8e2aec0 JavaThread "Attach Listener" daemon [_thread_blocked, id=16828, stack(0x0000001356600000,0x0000001356700000)]
  0x00000122f8e2d890 JavaThread "Service Thread" daemon [_thread_blocked, id=1956, stack(0x0000001356700000,0x0000001356800000)]
  0x00000122f8e2e8f0 JavaThread "Monitor Deflation Thread" daemon [_thread_blocked, id=17796, stack(0x0000001356800000,0x0000001356900000)]
  0x00000122f8e345b0 JavaThread "C2 CompilerThread0" daemon [_thread_blocked, id=14604, stack(0x0000001356900000,0x0000001356a00000)]
  0x00000122f8e38460 JavaThread "C1 CompilerThread0" daemon [_thread_blocked, id=20016, stack(0x0000001356a00000,0x0000001356b00000)]
  0x00000122f8e3e190 JavaThread "Sweeper thread" daemon [_thread_blocked, id=11004, stack(0x0000001356b00000,0x0000001356c00000)]
  0x00000122f98d1b90 JavaThread "Common-Cleaner" daemon [_thread_blocked, id=1172, stack(0x0000001356c00000,0x0000001356d00000)]
  0x00000122f98f4080 JavaThread "Notification Thread" daemon [_thread_blocked, id=18960, stack(0x0000001356d00000,0x0000001356e00000)]
  0x00000122fbe9f010 JavaThread "Daemon health stats" [_thread_blocked, id=22392, stack(0x0000001357500000,0x0000001357600000)]
  0x00000122fad29b30 JavaThread "Incoming local TCP Connector on port 64983" [_thread_in_native, id=10548, stack(0x0000001357600000,0x0000001357700000)]
  0x00000122fc3b47e0 JavaThread "Daemon periodic checks" [_thread_blocked, id=18244, stack(0x0000001357700000,0x0000001357800000)]
  0x00000122fbcd8960 JavaThread "Daemon" [_thread_blocked, id=20568, stack(0x0000001357800000,0x0000001357900000)]
  0x00000122fc2571f0 JavaThread "Handler for socket connection from /127.0.0.1:64983 to /127.0.0.1:64984" [_thread_in_native, id=21532, stack(0x0000001357900000,0x0000001357a00000)]
  0x00000122fb082980 JavaThread "Cancel handler" [_thread_blocked, id=15436, stack(0x0000001357a00000,0x0000001357b00000)]
  0x00000122fb91a030 JavaThread "Daemon worker" [_thread_blocked, id=11684, stack(0x0000001357b00000,0x0000001357c00000)]
  0x00000122faf96060 JavaThread "Asynchronous log dispatcher for DefaultDaemonConnection: socket connection from /127.0.0.1:64983 to /127.0.0.1:64984" [_thread_blocked, id=14672, stack(0x0000001357c00000,0x0000001357d00000)]
  0x00000122faf94850 JavaThread "Stdin handler" [_thread_blocked, id=8728, stack(0x0000001357d00000,0x0000001357e00000)]
  0x00000122faf94380 JavaThread "Daemon client event forwarder" [_thread_blocked, id=12160, stack(0x0000001357e00000,0x0000001357f00000)]
  0x00000122faf95b90 JavaThread "Cache worker for journal cache (D:\jais\.gradle\caches\journal-1)" [_thread_blocked, id=11556, stack(0x0000001357000000,0x0000001357100000)]
  0x00000122faf93510 JavaThread "File lock request listener" [_thread_in_native, id=3184, stack(0x0000001357f00000,0x0000001358000000)]
  0x00000122faf93eb0 JavaThread "Cache worker for file hash cache (D:\jais\.gradle\caches\7.4\fileHashes)" [_thread_blocked, id=14904, stack(0x0000001358000000,0x0000001358100000)]
  0x00000122faf956c0 JavaThread "File watcher server" daemon [_thread_in_native, id=7456, stack(0x0000001358200000,0x0000001358300000)]
  0x00000122faf94d20 JavaThread "File watcher consumer" daemon [_thread_blocked, id=16848, stack(0x0000001358300000,0x0000001358400000)]
  0x00000122faf96530 JavaThread "Cache worker for checksums cache (D:\jais\projects\dyenamicsandfriends-1.18\.gradle\7.4\checksums)" [_thread_blocked, id=3424, stack(0x0000001358400000,0x0000001358500000)]
  0x00000122faf96a00 JavaThread "Cache worker for cache directory md-rule (D:\jais\.gradle\caches\7.4\md-rule)" [_thread_blocked, id=2392, stack(0x0000001358500000,0x0000001358600000)]
  0x00000122faf951f0 JavaThread "Cache worker for file hash cache (D:\jais\projects\dyenamicsandfriends-1.18\.gradle\7.4\fileHashes)" [_thread_blocked, id=16552, stack(0x0000001358600000,0x0000001358700000)]
  0x00000122faf93040 JavaThread "Cache worker for cache directory md-supplier (D:\jais\.gradle\caches\7.4\md-supplier)" [_thread_blocked, id=21824, stack(0x0000001358700000,0x0000001358800000)]
  0x00000122fcf7ab30 JavaThread "Cache worker for execution history cache (D:\jais\.gradle\caches\7.4\executionHistory)" [_thread_blocked, id=7172, stack(0x0000001358c00000,0x0000001358d00000)]
  0x00000122fcf784b0 JavaThread "jar transforms" [_thread_blocked, id=12432, stack(0x0000001358100000,0x0000001358200000)]
  0x00000122fcf78980 JavaThread "jar transforms Thread 2" [_thread_blocked, id=9484, stack(0x0000001358d00000,0x0000001358e00000)]
  0x00000122fcf7cce0 JavaThread "Cache worker for file content cache (D:\jais\.gradle\caches\7.4\fileContent)" [_thread_blocked, id=10508, stack(0x0000001359100000,0x0000001359200000)]
  0x00000122fcf77fe0 JavaThread "jar transforms Thread 3" [_thread_blocked, id=18036, stack(0x0000001359200000,0x0000001359300000)]
  0x00000122fcf78e50 JavaThread "jar transforms Thread 4" [_thread_blocked, id=16156, stack(0x0000001359300000,0x0000001359400000)]
  0x00000122fcf7a660 JavaThread "Cache worker for dependencies-accessors (D:\jais\projects\dyenamicsandfriends-1.18\.gradle\7.4\dependencies-accessors)" [_thread_blocked, id=20224, stack(0x0000001359400000,0x0000001359500000)]
  0x00000122fcf76300 JavaThread "jar transforms Thread 5" [_thread_blocked, id=4700, stack(0x0000001359500000,0x0000001359600000)]
  0x00000122fcf7b4d0 JavaThread "Cache worker for Build Output Cleanup Cache (D:\jais\projects\dyenamicsandfriends-1.18\.gradle\buildOutputCleanup)" [_thread_blocked, id=11368, stack(0x0000001359600000,0x0000001359700000)]
  0x00000122fcf75960 JavaThread "Unconstrained build operations" [_thread_blocked, id=2112, stack(0x0000001356f00000,0x0000001357000000)]
  0x00000122fcf767d0 JavaThread "Unconstrained build operations Thread 2" [_thread_blocked, id=11244, stack(0x0000001358e00000,0x0000001358f00000)]
  0x00000122fcf79320 JavaThread "Unconstrained build operations Thread 3" [_thread_blocked, id=9564, stack(0x0000001359700000,0x0000001359800000)]
  0x00000122fcf75e30 JavaThread "Unconstrained build operations Thread 4" [_thread_blocked, id=21472, stack(0x0000001359800000,0x0000001359900000)]
  0x00000122fcf7be70 JavaThread "Unconstrained build operations Thread 5" [_thread_blocked, id=10948, stack(0x0000001359900000,0x0000001359a00000)]
  0x00000122fcf76ca0 JavaThread "Unconstrained build operations Thread 6" [_thread_blocked, id=17732, stack(0x0000001359a00000,0x0000001359b00000)]
  0x00000122fcf797f0 JavaThread "Unconstrained build operations Thread 7" [_thread_blocked, id=15460, stack(0x0000001359b00000,0x0000001359c00000)]
  0x00000122fcf77170 JavaThread "Unconstrained build operations Thread 8" [_thread_blocked, id=11724, stack(0x0000001359c00000,0x0000001359d00000)]
  0x00000122fcf77640 JavaThread "Unconstrained build operations Thread 9" [_thread_blocked, id=19260, stack(0x0000001359d00000,0x0000001359e00000)]
  0x00000122fcf79cc0 JavaThread "Unconstrained build operations Thread 10" [_thread_blocked, id=16272, stack(0x0000001359e00000,0x0000001359f00000)]
  0x00000122fcff5f50 JavaThread "Unconstrained build operations Thread 11" [_thread_blocked, id=10024, stack(0x0000001359f00000,0x000000135a000000)]
  0x00000122fcff7c30 JavaThread "Unconstrained build operations Thread 12" [_thread_blocked, id=18452, stack(0x000000135a000000,0x000000135a100000)]
  0x00000122fcff20c0 JavaThread "Unconstrained build operations Thread 13" [_thread_blocked, id=11052, stack(0x000000135a100000,0x000000135a200000)]
  0x00000122fcff6dc0 JavaThread "Unconstrained build operations Thread 14" [_thread_blocked, id=10932, stack(0x000000135a200000,0x000000135a300000)]
  0x00000122fcff4270 JavaThread "Unconstrained build operations Thread 15" [_thread_blocked, id=22156, stack(0x000000135a300000,0x000000135a400000)]
  0x00000122fcff2a60 JavaThread "Unconstrained build operations Thread 16" [_thread_blocked, id=21716, stack(0x000000135a400000,0x000000135a500000)]
  0x00000122fcff9440 JavaThread "Unconstrained build operations Thread 17" [_thread_blocked, id=13772, stack(0x000000135a500000,0x000000135a600000)]
  0x00000122fcff1bf0 JavaThread "Unconstrained build operations Thread 18" [_thread_blocked, id=2924, stack(0x000000135a600000,0x000000135a700000)]
  0x00000122fcff2590 JavaThread "Unconstrained build operations Thread 19" [_thread_blocked, id=14544, stack(0x000000135a700000,0x000000135a800000)]
  0x00000122fcff8f70 JavaThread "Unconstrained build operations Thread 20" [_thread_blocked, id=3648, stack(0x000000135a800000,0x000000135a900000)]
  0x00000122fcff85d0 JavaThread "Unconstrained build operations Thread 21" [_thread_blocked, id=3044, stack(0x000000135a900000,0x000000135aa00000)]
  0x00000122fcff8100 JavaThread "Unconstrained build operations Thread 22" [_thread_blocked, id=19744, stack(0x000000135aa00000,0x000000135ab00000)]
  0x00000122fcff68f0 JavaThread "Unconstrained build operations Thread 23" [_thread_blocked, id=4200, stack(0x000000135ab00000,0x000000135ac00000)]
  0x00000122fcff4c10 JavaThread "Unconstrained build operations Thread 24" [_thread_blocked, id=6832, stack(0x000000135ac00000,0x000000135ad00000)]
  0x00000122fcff6420 JavaThread "Unconstrained build operations Thread 25" [_thread_blocked, id=12732, stack(0x000000135ad00000,0x000000135ae00000)]
  0x00000122fcff8aa0 JavaThread "Unconstrained build operations Thread 26" [_thread_blocked, id=14040, stack(0x000000135ae00000,0x000000135af00000)]
  0x00000122fcff2f30 JavaThread "Unconstrained build operations Thread 27" [_thread_blocked, id=6784, stack(0x000000135af00000,0x000000135b000000)]
  0x00000122fcff4740 JavaThread "Unconstrained build operations Thread 28" [_thread_blocked, id=1072, stack(0x000000135b000000,0x000000135b100000)]
  0x00000122fcff3400 JavaThread "Unconstrained build operations Thread 29" [_thread_blocked, id=17172, stack(0x000000135b100000,0x000000135b200000)]
  0x00000122fcff38d0 JavaThread "Unconstrained build operations Thread 30" [_thread_blocked, id=11220, stack(0x000000135b200000,0x000000135b300000)]
  0x00000122fcff7290 JavaThread "Unconstrained build operations Thread 31" [_thread_blocked, id=7144, stack(0x000000135b300000,0x000000135b400000)]
  0x00000122fcff50e0 JavaThread "Unconstrained build operations Thread 32" [_thread_blocked, id=11356, stack(0x000000135b400000,0x000000135b500000)]
  0x00000122fcff3da0 JavaThread "Unconstrained build operations Thread 33" [_thread_blocked, id=22044, stack(0x000000135b500000,0x000000135b600000)]
  0x00000122fcff55b0 JavaThread "Unconstrained build operations Thread 34" [_thread_blocked, id=20412, stack(0x000000135b600000,0x000000135b700000)]
  0x00000122fcff5a80 JavaThread "jar transforms Thread 6" [_thread_blocked, id=11544, stack(0x000000135b800000,0x000000135b900000)]
  0x00000122fcff7760 JavaThread "jar transforms Thread 7" [_thread_blocked, id=18668, stack(0x000000135b900000,0x000000135ba00000)]
  0x00000122804eca30 JavaThread "jar transforms Thread 8" [_thread_blocked, id=18580, stack(0x000000135ba00000,0x000000135bb00000)]
  0x00000122804e7860 JavaThread "Keep-Alive-Timer" daemon [_thread_blocked, id=17752, stack(0x000000135b700000,0x000000135b800000)]
  0x00000122fa888680 JavaThread "C2 CompilerThread1" daemon [_thread_in_native, id=8272, stack(0x000000135bb00000,0x000000135bc00000)]
  0x00000122f9fbc130 JavaThread "C2 CompilerThread2" daemon [_thread_blocked, id=5536, stack(0x000000135bc00000,0x000000135bd00000)]
  0x00000122804e8200 JavaThread "Memory manager" [_thread_blocked, id=11652, stack(0x000000135bd00000,0x000000135be00000)]
  0x00000122804ec560 JavaThread "ForkJoinPool.commonPool-worker-1" daemon [_thread_blocked, id=15752, stack(0x000000135be00000,0x000000135bf00000)]
  0x00000122804e86d0 JavaThread "ForkJoinPool.commonPool-worker-2" daemon [_thread_blocked, id=9720, stack(0x000000135bf00000,0x000000135c000000)]
  0x00000122804e7d30 JavaThread "ForkJoinPool.commonPool-worker-3" daemon [_thread_blocked, id=3252, stack(0x000000135c000000,0x000000135c100000)]
  0x00000122804e6050 JavaThread "ForkJoinPool.commonPool-worker-4" daemon [_thread_blocked, id=1332, stack(0x000000135c100000,0x000000135c200000)]
  0x00000122804e8ba0 JavaThread "ForkJoinPool.commonPool-worker-5" daemon [_thread_blocked, id=14600, stack(0x000000135c200000,0x000000135c300000)]
  0x00000122804ecf00 JavaThread "ForkJoinPool.commonPool-worker-6" daemon [_thread_blocked, id=17344, stack(0x000000135c300000,0x000000135c400000)]
  0x00000122804eb220 JavaThread "ForkJoinPool.commonPool-worker-7" daemon [_thread_blocked, id=20464, stack(0x000000135c400000,0x000000135c500000)]
  0x00000122804ebbc0 JavaThread "Exec process" [_thread_blocked, id=3552, stack(0x000000135c500000,0x000000135c600000)]
  0x00000122804ed3d0 JavaThread "Exec process Thread 2" [_thread_blocked, id=15756, stack(0x000000135c600000,0x000000135c700000)]
  0x00000122804e9070 JavaThread "Exec process Thread 3" [_thread_blocked, id=16376, stack(0x000000135c700000,0x000000135c800000)]
  0x00000122804e9ee0 JavaThread "Unconstrained build operations Thread 35" [_thread_blocked, id=4344, stack(0x000000135c800000,0x000000135c900000)]
  0x00000122804e5b80 JavaThread "Unconstrained build operations Thread 36" [_thread_blocked, id=468, stack(0x000000135c900000,0x000000135ca00000)]
  0x00000122804e6520 JavaThread "Unconstrained build operations Thread 37" [_thread_blocked, id=21584, stack(0x000000135ca00000,0x000000135cb00000)]
  0x00000122804e69f0 JavaThread "Unconstrained build operations Thread 38" [_thread_blocked, id=11444, stack(0x000000135cb00000,0x000000135cc00000)]
  0x00000122804e6ec0 JavaThread "Unconstrained build operations Thread 39" [_thread_blocked, id=18988, stack(0x000000135cc00000,0x000000135cd00000)]
  0x00000122804eb6f0 JavaThread "Unconstrained build operations Thread 40" [_thread_blocked, id=11160, stack(0x000000135cd00000,0x000000135ce00000)]
  0x00000122804e9540 JavaThread "Unconstrained build operations Thread 41" [_thread_blocked, id=9552, stack(0x000000135ce00000,0x000000135cf00000)]
  0x00000122804e9a10 JavaThread "Unconstrained build operations Thread 42" [_thread_blocked, id=6972, stack(0x000000135cf00000,0x000000135d000000)]
  0x00000122804ead50 JavaThread "Unconstrained build operations Thread 43" [_thread_blocked, id=21612, stack(0x000000135d000000,0x000000135d100000)]
  0x00000122804ec090 JavaThread "Unconstrained build operations Thread 44" [_thread_blocked, id=1792, stack(0x000000135d100000,0x000000135d200000)]
  0x000001228064ca00 JavaThread "Unconstrained build operations Thread 45" [_thread_blocked, id=2944, stack(0x000000135d200000,0x000000135d300000)]
  0x0000012280652a40 JavaThread "Unconstrained build operations Thread 46" [_thread_blocked, id=15304, stack(0x000000135d300000,0x000000135d400000)]
  0x0000012280652f10 JavaThread "Unconstrained build operations Thread 47" [_thread_blocked, id=16512, stack(0x000000135d400000,0x000000135d500000)]
  0x00000122806533e0 JavaThread "Unconstrained build operations Thread 48" [_thread_blocked, id=22224, stack(0x000000135d500000,0x000000135d600000)]
  0x00000122806520a0 JavaThread "Unconstrained build operations Thread 49" [_thread_blocked, id=18564, stack(0x000000135d600000,0x000000135d700000)]
  0x000001228064d870 JavaThread "Unconstrained build operations Thread 50" [_thread_blocked, id=14908, stack(0x000000135d700000,0x000000135d800000)]
  0x000001228064d3a0 JavaThread "Unconstrained build operations Thread 51" [_thread_blocked, id=2912, stack(0x000000135d800000,0x000000135d900000)]
  0x000001228064dd40 JavaThread "Unconstrained build operations Thread 52" [_thread_blocked, id=252, stack(0x000000135d900000,0x000000135da00000)]
  0x000001228064f080 JavaThread "Unconstrained build operations Thread 53" [_thread_blocked, id=19728, stack(0x000000135da00000,0x000000135db00000)]
  0x00000122806503c0 JavaThread "Unconstrained build operations Thread 54" [_thread_blocked, id=7620, stack(0x000000135db00000,0x000000135dc00000)]
  0x000001228064f550 JavaThread "Unconstrained build operations Thread 55" [_thread_blocked, id=12004, stack(0x000000135dc00000,0x000000135dd00000)]
  0x0000012280651700 JavaThread "Unconstrained build operations Thread 56" [_thread_blocked, id=15688, stack(0x000000135dd00000,0x000000135de00000)]
  0x0000012280650d60 JavaThread "Unconstrained build operations Thread 57" [_thread_blocked, id=21852, stack(0x000000135de00000,0x000000135df00000)]
  0x0000012280651bd0 JavaThread "Unconstrained build operations Thread 58" [_thread_blocked, id=1196, stack(0x000000135df00000,0x000000135e000000)]
  0x000001228064ebb0 JavaThread "Unconstrained build operations Thread 59" [_thread_blocked, id=10760, stack(0x000000135e000000,0x000000135e100000)]
  0x000001228064ced0 JavaThread "Unconstrained build operations Thread 60" [_thread_blocked, id=22496, stack(0x000000135e100000,0x000000135e200000)]
  0x000001228064e6e0 JavaThread "Unconstrained build operations Thread 61" [_thread_blocked, id=15956, stack(0x000000135e200000,0x000000135e300000)]
  0x000001228064fa20 JavaThread "Unconstrained build operations Thread 62" [_thread_blocked, id=9576, stack(0x000000135e300000,0x000000135e400000)]
  0x0000012280652570 JavaThread "Unconstrained build operations Thread 63" [_thread_blocked, id=22168, stack(0x000000135e400000,0x000000135e500000)]
  0x0000012280650890 JavaThread "Unconstrained build operations Thread 64" [_thread_blocked, id=19056, stack(0x000000135e500000,0x000000135e600000)]
  0x00000122806538b0 JavaThread "Unconstrained build operations Thread 65" [_thread_blocked, id=21800, stack(0x000000135e600000,0x000000135e700000)]
  0x000001228064c060 JavaThread "Unconstrained build operations Thread 66" [_thread_blocked, id=6512, stack(0x000000135e700000,0x000000135e800000)]
  0x000001228064c530 JavaThread "Unconstrained build operations Thread 67" [_thread_blocked, id=12948, stack(0x000000135e800000,0x000000135e900000)]
  0x000001228064e210 JavaThread "Unconstrained build operations Thread 68" [_thread_blocked, id=17384, stack(0x000000135e900000,0x000000135ea00000)]
  0x000001228064fef0 JavaThread "Unconstrained build operations Thread 69" [_thread_blocked, id=20092, stack(0x000000135ea00000,0x000000135eb00000)]
  0x00000122fa3ecf50 JavaThread "Unconstrained build operations Thread 70" [_thread_blocked, id=1800, stack(0x000000135eb00000,0x000000135ec00000)]
  0x00000122fa3eada0 JavaThread "Unconstrained build operations Thread 71" [_thread_blocked, id=22368, stack(0x000000135ec00000,0x000000135ed00000)]
  0x00000122fa3e8bf0 JavaThread "Unconstrained build operations Thread 72" [_thread_blocked, id=20448, stack(0x000000135ed00000,0x000000135ee00000)]
  0x00000122fa3e7d80 JavaThread "Unconstrained build operations Thread 73" [_thread_blocked, id=2884, stack(0x000000135ee00000,0x000000135ef00000)]
  0x00000122fa3eec30 JavaThread "Unconstrained build operations Thread 74" [_thread_blocked, id=20908, stack(0x000000135ef00000,0x000000135f000000)]
  0x00000122fa3ebc10 JavaThread "Unconstrained build operations Thread 75" [_thread_blocked, id=5636, stack(0x000000135f000000,0x000000135f100000)]
  0x00000122fa3eb270 JavaThread "Unconstrained build operations Thread 76" [_thread_blocked, id=1624, stack(0x000000135f100000,0x000000135f200000)]
  0x00000122fa3ed8f0 JavaThread "Unconstrained build operations Thread 77" [_thread_blocked, id=3512, stack(0x000000135f200000,0x000000135f300000)]
  0x00000122fa3ee760 JavaThread "Unconstrained build operations Thread 78" [_thread_blocked, id=7896, stack(0x000000135f300000,0x000000135f400000)]
  0x00000122fa3e9f30 JavaThread "Unconstrained build operations Thread 79" [_thread_blocked, id=904, stack(0x000000135f400000,0x000000135f500000)]
  0x00000122fa3e90c0 JavaThread "Unconstrained build operations Thread 80" [_thread_blocked, id=11596, stack(0x000000135f500000,0x000000135f600000)]

Other Threads:
=>0x00000122f8e0cb10 VMThread "VM Thread" [stack: 0x0000001356200000,0x0000001356300000] [id=21908]
  0x00000122d8747280 WatcherThread [stack: 0x0000001356e00000,0x0000001356f00000] [id=22084]
  0x00000122d87253b0 GCTaskThread "GC Thread#0" [stack: 0x0000001355d00000,0x0000001355e00000] [id=15096]
  0x00000122fa5e79e0 GCTaskThread "GC Thread#1" [stack: 0x0000001357100000,0x0000001357200000] [id=19552]
  0x00000122fa5b14c0 GCTaskThread "GC Thread#2" [stack: 0x0000001357200000,0x0000001357300000] [id=7236]
  0x00000122fa65a0f0 GCTaskThread "GC Thread#3" [stack: 0x0000001357300000,0x0000001357400000] [id=9440]
  0x00000122fa65a3a0 GCTaskThread "GC Thread#4" [stack: 0x0000001357400000,0x0000001357500000] [id=4604]
  0x00000122ff3fd7f0 GCTaskThread "GC Thread#5" [stack: 0x0000001358800000,0x0000001358900000] [id=16388]
  0x00000122fcee3680 GCTaskThread "GC Thread#6" [stack: 0x0000001358900000,0x0000001358a00000] [id=10684]
  0x00000122fcee3930 GCTaskThread "GC Thread#7" [stack: 0x0000001358a00000,0x0000001358b00000] [id=9860]
  0x00000122d8732200 ConcurrentGCThread "G1 Main Marker" [stack: 0x0000001355e00000,0x0000001355f00000] [id=18192]
  0x00000122d87342d0 ConcurrentGCThread "G1 Conc#0" [stack: 0x0000001355f00000,0x0000001356000000] [id=3140]
  0x00000122fbe16890 ConcurrentGCThread "G1 Conc#1" [stack: 0x0000001358b00000,0x0000001358c00000] [id=11636]
  0x00000122d87a7110 ConcurrentGCThread "G1 Refine#0" [stack: 0x0000001356000000,0x0000001356100000] [id=12292]
  0x000001228037fec0 ConcurrentGCThread "G1 Refine#1" [stack: 0x0000001358f00000,0x0000001359000000] [id=16232]
  0x00000122803801a0 ConcurrentGCThread "G1 Refine#2" [stack: 0x0000001359000000,0x0000001359100000] [id=12208]
  0x00000122f9a69be0 ConcurrentGCThread "G1 Refine#3" [stack: 0x000000135f600000,0x000000135f700000] [id=3392]
  0x00000122f9a6c9e0 ConcurrentGCThread "G1 Refine#4" [stack: 0x000000135f700000,0x000000135f800000] [id=12020]
  0x00000122f9a6c700 ConcurrentGCThread "G1 Refine#5" [stack: 0x000000135f800000,0x000000135f900000] [id=10136]
  0x00000122f9a6a1a0 ConcurrentGCThread "G1 Refine#6" [stack: 0x000000135f900000,0x000000135fa00000] [id=11408]
  0x00000122f9a6ccc0 ConcurrentGCThread "G1 Refine#7" [stack: 0x000000135fa00000,0x000000135fb00000] [id=11896]
  0x00000122d87a7a40 ConcurrentGCThread "G1 Service" [stack: 0x0000001356100000,0x0000001356200000] [id=17316]

Threads with active compile tasks:
C2 CompilerThread1    15243 7668       4       net.minecraftforge.srgutils.InternalUtils::loadTSrg2 (661 bytes)

VM state: at safepoint (normal execution)

VM Mutex/Monitor currently owned by a thread:  ([mutex/lock_event])
[0x00000122d86ddcd0] Threads_lock - owner thread: 0x00000122f8e0cb10
[0x00000122d86de150] Heap_lock - owner thread: 0x00000122fb91a030

Heap address: 0x0000000740000000, size: 3072 MB, Compressed Oops mode: Zero based, Oop shift amount: 3

CDS archive(s) mapped at: [0x0000000800000000-0x0000000800bc0000-0x0000000800bc0000), size 12320768, SharedBaseAddress: 0x0000000800000000, ArchiveRelocationMode: 0.
Compressed class space mapped at: 0x0000000800c00000-0x0000000840c00000, reserved size: 1073741824
Narrow klass base: 0x0000000800000000, Narrow klass shift: 0, Narrow klass range: 0x100000000

GC Precious Log:
 CPUs: 8 total, 8 available
 Memory: 14244M
 Large Page Support: Disabled
 NUMA Support: Disabled
 Compressed Oops: Enabled (Zero based)
 Heap Region Size: 2M
 Heap Min Capacity: 8M
 Heap Initial Capacity: 224M
 Heap Max Capacity: 3G
 Pre-touch: Disabled
 Parallel Workers: 8
 Concurrent Workers: 2
 Concurrent Refinement Workers: 8
 Periodic GC: Disabled

Heap:
 garbage-first heap   total 438272K, used 263364K [0x0000000740000000, 0x0000000800000000)
  region size 2048K, 7 young (14336K), 7 survivors (14336K)
 Metaspace       used 57550K, committed 58176K, reserved 1105920K
  class space    used 7828K, committed 8128K, reserved 1048576K

Heap Regions: E=young(eden), S=young(survivor), O=old, HS=humongous(starts), HC=humongous(continues), CS=collection set, F=free, OA=open archive, CA=closed archive, TAMS=top-at-mark-start (previous, next)
|   0|0x0000000740000000, 0x0000000740200000, 0x0000000740200000|100%| O|  |TAMS 0x0000000740200000, 0x0000000740000000| Untracked 
|   1|0x0000000740200000, 0x0000000740400000, 0x0000000740400000|100%| O|  |TAMS 0x0000000740400000, 0x0000000740200000| Untracked 
|   2|0x0000000740400000, 0x0000000740600000, 0x0000000740600000|100%|HS|  |TAMS 0x0000000740600000, 0x0000000740400000| Complete 
|   3|0x0000000740600000, 0x0000000740800000, 0x0000000740800000|100%|HC|  |TAMS 0x0000000740800000, 0x0000000740600000| Complete 
|   4|0x0000000740800000, 0x0000000740a00000, 0x0000000740a00000|100%| O|  |TAMS 0x0000000740a00000, 0x0000000740800000| Untracked 
|   5|0x0000000740a00000, 0x0000000740c00000, 0x0000000740c00000|100%| O|  |TAMS 0x0000000740c00000, 0x0000000740a00000| Untracked 
|   6|0x0000000740c00000, 0x0000000740e00000, 0x0000000740e00000|100%| O|  |TAMS 0x0000000740e00000, 0x0000000740c00000| Untracked 
|   7|0x0000000740e00000, 0x0000000741000000, 0x0000000741000000|100%| O|  |TAMS 0x0000000741000000, 0x0000000740e00000| Untracked 
|   8|0x0000000741000000, 0x0000000741200000, 0x0000000741200000|100%| O|  |TAMS 0x0000000741200000, 0x0000000741000000| Untracked 
|   9|0x0000000741200000, 0x0000000741400000, 0x0000000741400000|100%| O|  |TAMS 0x0000000741400000, 0x0000000741200000| Untracked 
|  10|0x0000000741400000, 0x0000000741600000, 0x0000000741600000|100%| O|  |TAMS 0x0000000741600000, 0x0000000741400000| Untracked 
|  11|0x0000000741600000, 0x0000000741800000, 0x0000000741800000|100%| O|  |TAMS 0x0000000741800000, 0x0000000741600000| Untracked 
|  12|0x0000000741800000, 0x0000000741a00000, 0x0000000741a00000|100%| O|  |TAMS 0x0000000741a00000, 0x0000000741800000| Untracked 
|  13|0x0000000741a00000, 0x0000000741c00000, 0x0000000741c00000|100%| O|  |TAMS 0x0000000741c00000, 0x0000000741a00000| Untracked 
|  14|0x0000000741c00000, 0x0000000741cd3a00, 0x0000000741e00000| 41%| O|  |TAMS 0x0000000741cd3a00, 0x0000000741c00000| Untracked 
|  15|0x0000000741e00000, 0x0000000742000000, 0x0000000742000000|100%|HS|  |TAMS 0x0000000742000000, 0x0000000741e00000| Complete 
|  16|0x0000000742000000, 0x0000000742200000, 0x0000000742200000|100%| O|  |TAMS 0x0000000742200000, 0x0000000742000000| Untracked 
|  17|0x0000000742200000, 0x0000000742400000, 0x0000000742400000|100%| O|  |TAMS 0x0000000742400000, 0x0000000742200000| Untracked 
|  18|0x0000000742400000, 0x0000000742600000, 0x0000000742600000|100%| O|  |TAMS 0x0000000742600000, 0x0000000742400000| Untracked 
|  19|0x0000000742600000, 0x0000000742800000, 0x0000000742800000|100%| O|  |TAMS 0x0000000742800000, 0x0000000742600000| Untracked 
|  20|0x0000000742800000, 0x0000000742a00000, 0x0000000742a00000|100%| O|  |TAMS 0x0000000742a00000, 0x0000000742800000| Untracked 
|  21|0x0000000742a00000, 0x0000000742c00000, 0x0000000742c00000|100%| O|  |TAMS 0x0000000742c00000, 0x0000000742a00000| Untracked 
|  22|0x0000000742c00000, 0x0000000742e00000, 0x0000000742e00000|100%| O|  |TAMS 0x0000000742c00000, 0x0000000742c00000| Untracked 
|  23|0x0000000742e00000, 0x0000000743000000, 0x0000000743000000|100%| O|  |TAMS 0x0000000742e00000, 0x0000000742e00000| Untracked 
|  24|0x0000000743000000, 0x0000000743200000, 0x0000000743200000|100%| O|  |TAMS 0x0000000743200000, 0x0000000743000000| Untracked 
|  25|0x0000000743200000, 0x0000000743400000, 0x0000000743400000|100%| O|  |TAMS 0x0000000743200000, 0x0000000743200000| Untracked 
|  26|0x0000000743400000, 0x0000000743600000, 0x0000000743600000|100%| O|  |TAMS 0x0000000743400000, 0x0000000743400000| Untracked 
|  27|0x0000000743600000, 0x0000000743800000, 0x0000000743800000|100%| O|  |TAMS 0x0000000743800000, 0x0000000743600000| Untracked 
|  28|0x0000000743800000, 0x0000000743a00000, 0x0000000743a00000|100%| O|  |TAMS 0x0000000743a00000, 0x0000000743800000| Untracked 
|  29|0x0000000743a00000, 0x0000000743c00000, 0x0000000743c00000|100%| O|  |TAMS 0x0000000743c00000, 0x0000000743a00000| Untracked 
|  30|0x0000000743c00000, 0x0000000743e00000, 0x0000000743e00000|100%| O|  |TAMS 0x0000000743c00000, 0x0000000743c00000| Untracked 
|  31|0x0000000743e00000, 0x0000000744000000, 0x0000000744000000|100%| O|  |TAMS 0x0000000743e00000, 0x0000000743e00000| Untracked 
|  32|0x0000000744000000, 0x0000000744200000, 0x0000000744200000|100%| O|  |TAMS 0x0000000744000000, 0x0000000744000000| Untracked 
|  33|0x0000000744200000, 0x0000000744400000, 0x0000000744400000|100%| O|  |TAMS 0x0000000744200000, 0x0000000744200000| Untracked 
|  34|0x0000000744400000, 0x0000000744600000, 0x0000000744600000|100%| O|  |TAMS 0x0000000744400000, 0x0000000744400000| Untracked 
|  35|0x0000000744600000, 0x0000000744800000, 0x0000000744800000|100%| O|  |TAMS 0x0000000744600000, 0x0000000744600000| Untracked 
|  36|0x0000000744800000, 0x0000000744a00000, 0x0000000744a00000|100%| O|  |TAMS 0x0000000744800000, 0x0000000744800000| Untracked 
|  37|0x0000000744a00000, 0x0000000744c00000, 0x0000000744c00000|100%| O|  |TAMS 0x0000000744a00000, 0x0000000744a00000| Untracked 
|  38|0x0000000744c00000, 0x0000000744e00000, 0x0000000744e00000|100%| O|  |TAMS 0x0000000744c00000, 0x0000000744c00000| Untracked 
|  39|0x0000000744e00000, 0x0000000745000000, 0x0000000745000000|100%| O|  |TAMS 0x0000000744e00000, 0x0000000744e00000| Untracked 
|  40|0x0000000745000000, 0x0000000745200000, 0x0000000745200000|100%| O|  |TAMS 0x0000000745000000, 0x0000000745000000| Untracked 
|  41|0x0000000745200000, 0x0000000745400000, 0x0000000745400000|100%| O|  |TAMS 0x0000000745200000, 0x0000000745200000| Untracked 
|  42|0x0000000745400000, 0x0000000745600000, 0x0000000745600000|100%| O|  |TAMS 0x0000000745400000, 0x0000000745400000| Untracked 
|  43|0x0000000745600000, 0x0000000745800000, 0x0000000745800000|100%| O|  |TAMS 0x0000000745600000, 0x0000000745600000| Untracked 
|  44|0x0000000745800000, 0x0000000745a00000, 0x0000000745a00000|100%| O|  |TAMS 0x0000000745800000, 0x0000000745800000| Untracked 
|  45|0x0000000745a00000, 0x0000000745c00000, 0x0000000745c00000|100%| O|  |TAMS 0x0000000745a00000, 0x0000000745a00000| Untracked 
|  46|0x0000000745c00000, 0x0000000745e00000, 0x0000000745e00000|100%| O|  |TAMS 0x0000000745c00000, 0x0000000745c00000| Untracked 
|  47|0x0000000745e00000, 0x0000000746000000, 0x0000000746000000|100%| O|  |TAMS 0x0000000745e00000, 0x0000000745e00000| Untracked 
|  48|0x0000000746000000, 0x0000000746200000, 0x0000000746200000|100%| O|  |TAMS 0x0000000746000000, 0x0000000746000000| Untracked 
|  49|0x0000000746200000, 0x0000000746400000, 0x0000000746400000|100%| O|  |TAMS 0x0000000746200000, 0x0000000746200000| Untracked 
|  50|0x0000000746400000, 0x0000000746600000, 0x0000000746600000|100%| O|  |TAMS 0x0000000746400000, 0x0000000746400000| Untracked 
|  51|0x0000000746600000, 0x0000000746800000, 0x0000000746800000|100%| O|  |TAMS 0x0000000746600000, 0x0000000746600000| Untracked 
|  52|0x0000000746800000, 0x0000000746a00000, 0x0000000746a00000|100%| O|  |TAMS 0x0000000746800000, 0x0000000746800000| Untracked 
|  53|0x0000000746a00000, 0x0000000746c00000, 0x0000000746c00000|100%| O|  |TAMS 0x0000000746a00000, 0x0000000746a00000| Untracked 
|  54|0x0000000746c00000, 0x0000000746e00000, 0x0000000746e00000|100%| O|  |TAMS 0x0000000746c00000, 0x0000000746c00000| Untracked 
|  55|0x0000000746e00000, 0x0000000747000000, 0x0000000747000000|100%| O|  |TAMS 0x0000000746e00000, 0x0000000746e00000| Untracked 
|  56|0x0000000747000000, 0x0000000747200000, 0x0000000747200000|100%| O|  |TAMS 0x0000000747000000, 0x0000000747000000| Untracked 
|  57|0x0000000747200000, 0x0000000747400000, 0x0000000747400000|100%| O|  |TAMS 0x0000000747200000, 0x0000000747200000| Untracked 
|  58|0x0000000747400000, 0x0000000747600000, 0x0000000747600000|100%| O|  |TAMS 0x0000000747400000, 0x0000000747400000| Untracked 
|  59|0x0000000747600000, 0x0000000747800000, 0x0000000747800000|100%| O|  |TAMS 0x0000000747600000, 0x0000000747600000| Untracked 
|  60|0x0000000747800000, 0x0000000747a00000, 0x0000000747a00000|100%| O|  |TAMS 0x0000000747800000, 0x0000000747800000| Untracked 
|  61|0x0000000747a00000, 0x0000000747c00000, 0x0000000747c00000|100%| O|  |TAMS 0x0000000747a00000, 0x0000000747a00000| Untracked 
|  62|0x0000000747c00000, 0x0000000747e00000, 0x0000000747e00000|100%| O|  |TAMS 0x0000000747c00000, 0x0000000747c00000| Untracked 
|  63|0x0000000747e00000, 0x0000000748000000, 0x0000000748000000|100%| O|  |TAMS 0x0000000747e00000, 0x0000000747e00000| Untracked 
|  64|0x0000000748000000, 0x0000000748200000, 0x0000000748200000|100%| O|  |TAMS 0x0000000748000000, 0x0000000748000000| Untracked 
|  65|0x0000000748200000, 0x0000000748400000, 0x0000000748400000|100%| O|  |TAMS 0x0000000748200000, 0x0000000748200000| Untracked 
|  66|0x0000000748400000, 0x0000000748600000, 0x0000000748600000|100%| O|  |TAMS 0x0000000748400000, 0x0000000748400000| Untracked 
|  67|0x0000000748600000, 0x0000000748800000, 0x0000000748800000|100%| O|  |TAMS 0x0000000748600000, 0x0000000748600000| Untracked 
|  68|0x0000000748800000, 0x0000000748a00000, 0x0000000748a00000|100%| O|  |TAMS 0x0000000748800000, 0x0000000748800000| Untracked 
|  69|0x0000000748a00000, 0x0000000748c00000, 0x0000000748c00000|100%| O|  |TAMS 0x0000000748a00000, 0x0000000748a00000| Untracked 
|  70|0x0000000748c00000, 0x0000000748e00000, 0x0000000748e00000|100%| O|  |TAMS 0x0000000748c00000, 0x0000000748c00000| Untracked 
|  71|0x0000000748e00000, 0x0000000749000000, 0x0000000749000000|100%| O|  |TAMS 0x0000000748e00000, 0x0000000748e00000| Untracked 
|  72|0x0000000749000000, 0x0000000749200000, 0x0000000749200000|100%| O|  |TAMS 0x0000000749000000, 0x0000000749000000| Untracked 
|  73|0x0000000749200000, 0x0000000749400000, 0x0000000749400000|100%| O|  |TAMS 0x0000000749200000, 0x0000000749200000| Untracked 
|  74|0x0000000749400000, 0x0000000749600000, 0x0000000749600000|100%| O|  |TAMS 0x0000000749400000, 0x0000000749400000| Untracked 
|  75|0x0000000749600000, 0x0000000749800000, 0x0000000749800000|100%| O|  |TAMS 0x0000000749600000, 0x0000000749600000| Untracked 
|  76|0x0000000749800000, 0x0000000749a00000, 0x0000000749a00000|100%| O|  |TAMS 0x0000000749800000, 0x0000000749800000| Untracked 
|  77|0x0000000749a00000, 0x0000000749c00000, 0x0000000749c00000|100%| O|  |TAMS 0x0000000749a00000, 0x0000000749a00000| Untracked 
|  78|0x0000000749c00000, 0x0000000749e00000, 0x0000000749e00000|100%| O|  |TAMS 0x0000000749c00000, 0x0000000749c00000| Untracked 
|  79|0x0000000749e00000, 0x000000074a000000, 0x000000074a000000|100%| O|  |TAMS 0x0000000749e00000, 0x0000000749e00000| Untracked 
|  80|0x000000074a000000, 0x000000074a200000, 0x000000074a200000|100%| O|  |TAMS 0x000000074a000000, 0x000000074a000000| Untracked 
|  81|0x000000074a200000, 0x000000074a400000, 0x000000074a400000|100%| O|  |TAMS 0x000000074a200000, 0x000000074a200000| Untracked 
|  82|0x000000074a400000, 0x000000074a600000, 0x000000074a600000|100%| O|  |TAMS 0x000000074a400000, 0x000000074a400000| Untracked 
|  83|0x000000074a600000, 0x000000074a65d600, 0x000000074a800000| 18%| O|  |TAMS 0x000000074a600000, 0x000000074a600000| Untracked 
|  84|0x000000074a800000, 0x000000074a800000, 0x000000074aa00000|  0%| F|  |TAMS 0x000000074a800000, 0x000000074a800000| Untracked 
|  85|0x000000074aa00000, 0x000000074aa00000, 0x000000074ac00000|  0%| F|  |TAMS 0x000000074aa00000, 0x000000074aa00000| Untracked 
|  86|0x000000074ac00000, 0x000000074ac00000, 0x000000074ae00000|  0%| F|  |TAMS 0x000000074ac00000, 0x000000074ac00000| Untracked 
|  87|0x000000074ae00000, 0x000000074ae00000, 0x000000074b000000|  0%| F|  |TAMS 0x000000074ae00000, 0x000000074ae00000| Untracked 
|  88|0x000000074b000000, 0x000000074b000000, 0x000000074b200000|  0%| F|  |TAMS 0x000000074b000000, 0x000000074b000000| Untracked 
|  89|0x000000074b200000, 0x000000074b200000, 0x000000074b400000|  0%| F|  |TAMS 0x000000074b200000, 0x000000074b200000| Untracked 
|  90|0x000000074b400000, 0x000000074b400000, 0x000000074b600000|  0%| F|  |TAMS 0x000000074b400000, 0x000000074b400000| Untracked 
|  91|0x000000074b600000, 0x000000074b600000, 0x000000074b800000|  0%| F|  |TAMS 0x000000074b600000, 0x000000074b600000| Untracked 
|  92|0x000000074b800000, 0x000000074b800000, 0x000000074ba00000|  0%| F|  |TAMS 0x000000074b800000, 0x000000074b800000| Untracked 
|  93|0x000000074ba00000, 0x000000074ba00000, 0x000000074bc00000|  0%| F|  |TAMS 0x000000074ba00000, 0x000000074ba00000| Untracked 
|  94|0x000000074bc00000, 0x000000074bc00000, 0x000000074be00000|  0%| F|  |TAMS 0x000000074bc00000, 0x000000074bc00000| Untracked 
|  95|0x000000074be00000, 0x000000074be00000, 0x000000074c000000|  0%| F|  |TAMS 0x000000074be00000, 0x000000074be00000| Untracked 
|  96|0x000000074c000000, 0x000000074c000000, 0x000000074c200000|  0%| F|  |TAMS 0x000000074c000000, 0x000000074c000000| Untracked 
|  97|0x000000074c200000, 0x000000074c200000, 0x000000074c400000|  0%| F|  |TAMS 0x000000074c200000, 0x000000074c200000| Untracked 
|  98|0x000000074c400000, 0x000000074c400000, 0x000000074c600000|  0%| F|  |TAMS 0x000000074c400000, 0x000000074c400000| Untracked 
|  99|0x000000074c600000, 0x000000074c600000, 0x000000074c800000|  0%| F|  |TAMS 0x000000074c600000, 0x000000074c600000| Untracked 
| 100|0x000000074c800000, 0x000000074c800000, 0x000000074ca00000|  0%| F|  |TAMS 0x000000074c800000, 0x000000074c800000| Untracked 
| 101|0x000000074ca00000, 0x000000074ca00000, 0x000000074cc00000|  0%| F|  |TAMS 0x000000074ca00000, 0x000000074ca00000| Untracked 
| 102|0x000000074cc00000, 0x000000074cc00000, 0x000000074ce00000|  0%| F|  |TAMS 0x000000074cc00000, 0x000000074cc00000| Untracked 
| 103|0x000000074ce00000, 0x000000074ce00000, 0x000000074d000000|  0%| F|  |TAMS 0x000000074ce00000, 0x000000074ce00000| Untracked 
| 104|0x000000074d000000, 0x000000074d000000, 0x000000074d200000|  0%| F|  |TAMS 0x000000074d000000, 0x000000074d000000| Untracked 
| 105|0x000000074d200000, 0x000000074d200000, 0x000000074d400000|  0%| F|  |TAMS 0x000000074d200000, 0x000000074d200000| Untracked 
| 106|0x000000074d400000, 0x000000074d400000, 0x000000074d600000|  0%| F|  |TAMS 0x000000074d400000, 0x000000074d400000| Untracked 
| 107|0x000000074d600000, 0x000000074d600000, 0x000000074d800000|  0%| F|  |TAMS 0x000000074d600000, 0x000000074d600000| Untracked 
| 108|0x000000074d800000, 0x000000074d800000, 0x000000074da00000|  0%| F|  |TAMS 0x000000074d800000, 0x000000074d800000| Untracked 
| 109|0x000000074da00000, 0x000000074da00000, 0x000000074dc00000|  0%| F|  |TAMS 0x000000074da00000, 0x000000074da00000| Untracked 
| 110|0x000000074dc00000, 0x000000074dc00000, 0x000000074de00000|  0%| F|  |TAMS 0x000000074dc00000, 0x000000074dc00000| Untracked 
| 111|0x000000074de00000, 0x000000074de00000, 0x000000074e000000|  0%| F|  |TAMS 0x000000074de00000, 0x000000074de00000| Untracked 
| 112|0x000000074e000000, 0x000000074e000000, 0x000000074e200000|  0%| F|  |TAMS 0x000000074e000000, 0x000000074e000000| Untracked 
| 113|0x000000074e200000, 0x000000074e200000, 0x000000074e400000|  0%| F|  |TAMS 0x000000074e200000, 0x000000074e200000| Untracked 
| 114|0x000000074e400000, 0x000000074e400000, 0x000000074e600000|  0%| F|  |TAMS 0x000000074e400000, 0x000000074e400000| Untracked 
| 115|0x000000074e600000, 0x000000074e600000, 0x000000074e800000|  0%| F|  |TAMS 0x000000074e600000, 0x000000074e600000| Untracked 
| 116|0x000000074e800000, 0x000000074e800000, 0x000000074ea00000|  0%| F|  |TAMS 0x000000074e800000, 0x000000074e800000| Untracked 
| 117|0x000000074ea00000, 0x000000074ea00000, 0x000000074ec00000|  0%| F|  |TAMS 0x000000074ea00000, 0x000000074ea00000| Untracked 
| 118|0x000000074ec00000, 0x000000074ee00000, 0x000000074ee00000|100%| S|CS|TAMS 0x000000074ec00000, 0x000000074ec00000| Complete 
| 119|0x000000074ee00000, 0x000000074f000000, 0x000000074f000000|100%| S|CS|TAMS 0x000000074ee00000, 0x000000074ee00000| Complete 
| 120|0x000000074f000000, 0x000000074f200000, 0x000000074f200000|100%| S|CS|TAMS 0x000000074f000000, 0x000000074f000000| Complete 
| 121|0x000000074f200000, 0x000000074f400000, 0x000000074f400000|100%| S|CS|TAMS 0x000000074f200000, 0x000000074f200000| Complete 
| 122|0x000000074f400000, 0x000000074f600000, 0x000000074f600000|100%| S|CS|TAMS 0x000000074f400000, 0x000000074f400000| Complete 
| 123|0x000000074f600000, 0x000000074f800000, 0x000000074f800000|100%| S|CS|TAMS 0x000000074f600000, 0x000000074f600000| Complete 
| 124|0x000000074f800000, 0x000000074fa00000, 0x000000074fa00000|100%| S|CS|TAMS 0x000000074f800000, 0x000000074f800000| Complete 
| 125|0x000000074fa00000, 0x000000074fa00000, 0x000000074fc00000|  0%| F|  |TAMS 0x000000074fa00000, 0x000000074fa00000| Untracked 
| 126|0x000000074fc00000, 0x000000074fc00000, 0x000000074fe00000|  0%| F|  |TAMS 0x000000074fc00000, 0x000000074fc00000| Untracked 
| 127|0x000000074fe00000, 0x000000074fe00000, 0x0000000750000000|  0%| F|  |TAMS 0x000000074fe00000, 0x000000074fe00000| Untracked 
| 128|0x0000000750000000, 0x0000000750000000, 0x0000000750200000|  0%| F|  |TAMS 0x0000000750000000, 0x0000000750000000| Untracked 
| 129|0x0000000750200000, 0x0000000750200000, 0x0000000750400000|  0%| F|  |TAMS 0x0000000750200000, 0x0000000750200000| Untracked 
| 130|0x0000000750400000, 0x0000000750400000, 0x0000000750600000|  0%| F|  |TAMS 0x0000000750400000, 0x0000000750400000| Untracked 
| 131|0x0000000750600000, 0x0000000750600000, 0x0000000750800000|  0%| F|  |TAMS 0x0000000750600000, 0x0000000750600000| Untracked 
| 132|0x0000000750800000, 0x0000000750800000, 0x0000000750a00000|  0%| F|  |TAMS 0x0000000750800000, 0x0000000750800000| Untracked 
| 133|0x0000000750a00000, 0x0000000750a00000, 0x0000000750c00000|  0%| F|  |TAMS 0x0000000750a00000, 0x0000000750a00000| Untracked 
| 134|0x0000000750c00000, 0x0000000750c00000, 0x0000000750e00000|  0%| F|  |TAMS 0x0000000750c00000, 0x0000000750c00000| Untracked 
| 135|0x0000000750e00000, 0x0000000750e00000, 0x0000000751000000|  0%| F|  |TAMS 0x0000000750e00000, 0x0000000750e00000| Untracked 
| 136|0x0000000751000000, 0x0000000751000000, 0x0000000751200000|  0%| F|  |TAMS 0x0000000751000000, 0x0000000751000000| Untracked 
| 137|0x0000000751200000, 0x0000000751200000, 0x0000000751400000|  0%| F|  |TAMS 0x0000000751200000, 0x0000000751200000| Untracked 
| 138|0x0000000751400000, 0x0000000751400000, 0x0000000751600000|  0%| F|  |TAMS 0x0000000751400000, 0x0000000751400000| Untracked 
| 139|0x0000000751600000, 0x0000000751600000, 0x0000000751800000|  0%| F|  |TAMS 0x0000000751600000, 0x0000000751600000| Untracked 
| 140|0x0000000751800000, 0x0000000751800000, 0x0000000751a00000|  0%| F|  |TAMS 0x0000000751800000, 0x0000000751800000| Untracked 
| 141|0x0000000751a00000, 0x0000000751a00000, 0x0000000751c00000|  0%| F|  |TAMS 0x0000000751a00000, 0x0000000751a00000| Untracked 
| 142|0x0000000751c00000, 0x0000000751c00000, 0x0000000751e00000|  0%| F|  |TAMS 0x0000000751c00000, 0x0000000751c00000| Untracked 
| 143|0x0000000751e00000, 0x0000000751e00000, 0x0000000752000000|  0%| F|  |TAMS 0x0000000751e00000, 0x0000000751e00000| Untracked 
| 144|0x0000000752000000, 0x0000000752000000, 0x0000000752200000|  0%| F|  |TAMS 0x0000000752000000, 0x0000000752000000| Untracked 
| 145|0x0000000752200000, 0x0000000752200000, 0x0000000752400000|  0%| F|  |TAMS 0x0000000752200000, 0x0000000752200000| Untracked 
| 146|0x0000000752400000, 0x0000000752400000, 0x0000000752600000|  0%| F|  |TAMS 0x0000000752400000, 0x0000000752400000| Untracked 
| 147|0x0000000752600000, 0x0000000752600000, 0x0000000752800000|  0%| F|  |TAMS 0x0000000752600000, 0x0000000752600000| Untracked 
| 148|0x0000000752800000, 0x0000000752800000, 0x0000000752a00000|  0%| F|  |TAMS 0x0000000752800000, 0x0000000752800000| Untracked 
| 149|0x0000000752a00000, 0x0000000752a00000, 0x0000000752c00000|  0%| F|  |TAMS 0x0000000752a00000, 0x0000000752a00000| Untracked 
| 150|0x0000000752c00000, 0x0000000752c00000, 0x0000000752e00000|  0%| F|  |TAMS 0x0000000752c00000, 0x0000000752c00000| Untracked 
| 151|0x0000000752e00000, 0x0000000752e00000, 0x0000000753000000|  0%| F|  |TAMS 0x0000000752e00000, 0x0000000752e00000| Untracked 
| 152|0x0000000753000000, 0x0000000753000000, 0x0000000753200000|  0%| F|  |TAMS 0x0000000753000000, 0x0000000753000000| Untracked 
| 153|0x0000000753200000, 0x0000000753200000, 0x0000000753400000|  0%| F|  |TAMS 0x0000000753200000, 0x0000000753200000| Untracked 
| 154|0x0000000753400000, 0x0000000753400000, 0x0000000753600000|  0%| F|  |TAMS 0x0000000753400000, 0x0000000753400000| Untracked 
| 155|0x0000000753600000, 0x0000000753600000, 0x0000000753800000|  0%| F|  |TAMS 0x0000000753600000, 0x0000000753600000| Untracked 
| 156|0x0000000753800000, 0x0000000753800000, 0x0000000753a00000|  0%| F|  |TAMS 0x0000000753800000, 0x0000000753800000| Untracked 
| 157|0x0000000753a00000, 0x0000000753a00000, 0x0000000753c00000|  0%| F|  |TAMS 0x0000000753a00000, 0x0000000753a00000| Untracked 
| 158|0x0000000753c00000, 0x0000000753c00000, 0x0000000753e00000|  0%| F|  |TAMS 0x0000000753c00000, 0x0000000753c00000| Untracked 
| 159|0x0000000753e00000, 0x0000000753e00000, 0x0000000754000000|  0%| F|  |TAMS 0x0000000753e00000, 0x0000000753e00000| Untracked 
| 160|0x0000000754000000, 0x0000000754000000, 0x0000000754200000|  0%| F|  |TAMS 0x0000000754000000, 0x0000000754000000| Untracked 
| 161|0x0000000754200000, 0x0000000754200000, 0x0000000754400000|  0%| F|  |TAMS 0x0000000754200000, 0x0000000754200000| Untracked 
| 162|0x0000000754400000, 0x0000000754400000, 0x0000000754600000|  0%| F|  |TAMS 0x0000000754400000, 0x0000000754400000| Untracked 
| 163|0x0000000754600000, 0x0000000754800000, 0x0000000754800000|100%|HS|  |TAMS 0x0000000754600000, 0x0000000754600000| Complete 
| 164|0x0000000754800000, 0x0000000754a00000, 0x0000000754a00000|100%|HC|  |TAMS 0x0000000754800000, 0x0000000754800000| Complete 
| 165|0x0000000754a00000, 0x0000000754c00000, 0x0000000754c00000|100%|HC|  |TAMS 0x0000000754a00000, 0x0000000754a00000| Complete 
| 166|0x0000000754c00000, 0x0000000754e00000, 0x0000000754e00000|100%| O|  |TAMS 0x0000000754c00000, 0x0000000754c00000| Untracked 
| 167|0x0000000754e00000, 0x0000000755000000, 0x0000000755000000|100%| O|  |TAMS 0x0000000754e00000, 0x0000000754e00000| Untracked 
| 168|0x0000000755000000, 0x0000000755200000, 0x0000000755200000|100%| O|  |TAMS 0x0000000755000000, 0x0000000755000000| Untracked 
| 169|0x0000000755200000, 0x0000000755400000, 0x0000000755400000|100%| O|  |TAMS 0x0000000755200000, 0x0000000755200000| Untracked 
| 170|0x0000000755400000, 0x0000000755600000, 0x0000000755600000|100%| O|  |TAMS 0x0000000755400000, 0x0000000755400000| Untracked 
| 171|0x0000000755600000, 0x0000000755800000, 0x0000000755800000|100%| O|  |TAMS 0x0000000755600000, 0x0000000755600000| Untracked 
| 172|0x0000000755800000, 0x0000000755a00000, 0x0000000755a00000|100%| O|  |TAMS 0x0000000755800000, 0x0000000755800000| Untracked 
| 173|0x0000000755a00000, 0x0000000755c00000, 0x0000000755c00000|100%| O|  |TAMS 0x0000000755a00000, 0x0000000755a00000| Untracked 
| 174|0x0000000755c00000, 0x0000000755c00000, 0x0000000755e00000|  0%| F|  |TAMS 0x0000000755c00000, 0x0000000755c00000| Untracked 
| 175|0x0000000755e00000, 0x0000000755e00000, 0x0000000756000000|  0%| F|  |TAMS 0x0000000755e00000, 0x0000000755e00000| Untracked 
| 176|0x0000000756000000, 0x0000000756000000, 0x0000000756200000|  0%| F|  |TAMS 0x0000000756000000, 0x0000000756000000| Untracked 
| 177|0x0000000756200000, 0x0000000756200000, 0x0000000756400000|  0%| F|  |TAMS 0x0000000756200000, 0x0000000756200000| Untracked 
| 178|0x0000000756400000, 0x0000000756400000, 0x0000000756600000|  0%| F|  |TAMS 0x0000000756400000, 0x0000000756400000| Untracked 
| 179|0x0000000756600000, 0x0000000756600000, 0x0000000756800000|  0%| F|  |TAMS 0x0000000756600000, 0x0000000756600000| Untracked 
| 180|0x0000000756800000, 0x0000000756800000, 0x0000000756a00000|  0%| F|  |TAMS 0x0000000756800000, 0x0000000756800000| Untracked 
| 181|0x0000000756a00000, 0x0000000756a00000, 0x0000000756c00000|  0%| F|  |TAMS 0x0000000756a00000, 0x0000000756a00000| Untracked 
| 182|0x0000000756c00000, 0x0000000756c00000, 0x0000000756e00000|  0%| F|  |TAMS 0x0000000756c00000, 0x0000000756c00000| Untracked 
| 183|0x0000000756e00000, 0x0000000756e00000, 0x0000000757000000|  0%| F|  |TAMS 0x0000000756e00000, 0x0000000756e00000| Untracked 
| 184|0x0000000757000000, 0x0000000757000000, 0x0000000757200000|  0%| F|  |TAMS 0x0000000757000000, 0x0000000757000000| Untracked 
|1507|0x00000007fc600000, 0x00000007fc800000, 0x00000007fc800000|100%| O|  |TAMS 0x00000007fc750c00, 0x00000007fc600000| Untracked 
|1508|0x00000007fc800000, 0x00000007fca00000, 0x00000007fca00000|100%| O|  |TAMS 0x00000007fca00000, 0x00000007fc800000| Untracked 
|1509|0x00000007fca00000, 0x00000007fcc00000, 0x00000007fcc00000|100%| O|  |TAMS 0x00000007fcc00000, 0x00000007fca00000| Untracked 
|1510|0x00000007fcc00000, 0x00000007fce00000, 0x00000007fce00000|100%| O|  |TAMS 0x00000007fce00000, 0x00000007fcc00000| Untracked 
|1511|0x00000007fce00000, 0x00000007fd000000, 0x00000007fd000000|100%| O|  |TAMS 0x00000007fd000000, 0x00000007fce00000| Untracked 
|1512|0x00000007fd000000, 0x00000007fd200000, 0x00000007fd200000|100%| O|  |TAMS 0x00000007fd200000, 0x00000007fd000000| Untracked 
|1513|0x00000007fd200000, 0x00000007fd400000, 0x00000007fd400000|100%| O|  |TAMS 0x00000007fd400000, 0x00000007fd200000| Untracked 
|1514|0x00000007fd400000, 0x00000007fd600000, 0x00000007fd600000|100%| O|  |TAMS 0x00000007fd600000, 0x00000007fd400000| Untracked 
|1515|0x00000007fd600000, 0x00000007fd800000, 0x00000007fd800000|100%| O|  |TAMS 0x00000007fd800000, 0x00000007fd600000| Untracked 
|1516|0x00000007fd800000, 0x00000007fda00000, 0x00000007fda00000|100%| O|  |TAMS 0x00000007fda00000, 0x00000007fd800000| Untracked 
|1517|0x00000007fda00000, 0x00000007fdc00000, 0x00000007fdc00000|100%| O|  |TAMS 0x00000007fdc00000, 0x00000007fda00000| Untracked 
|1518|0x00000007fdc00000, 0x00000007fde00000, 0x00000007fde00000|100%| O|  |TAMS 0x00000007fde00000, 0x00000007fdc00000| Untracked 
|1519|0x00000007fde00000, 0x00000007fe000000, 0x00000007fe000000|100%| O|  |TAMS 0x00000007fe000000, 0x00000007fde00000| Untracked 
|1520|0x00000007fe000000, 0x00000007fe200000, 0x00000007fe200000|100%| O|  |TAMS 0x00000007fe200000, 0x00000007fe000000| Untracked 
|1521|0x00000007fe200000, 0x00000007fe400000, 0x00000007fe400000|100%| O|  |TAMS 0x00000007fe400000, 0x00000007fe200000| Untracked 
|1522|0x00000007fe400000, 0x00000007fe600000, 0x00000007fe600000|100%| O|  |TAMS 0x00000007fe600000, 0x00000007fe400000| Untracked 
|1523|0x00000007fe600000, 0x00000007fe800000, 0x00000007fe800000|100%| O|  |TAMS 0x00000007fe800000, 0x00000007fe600000| Untracked 
|1524|0x00000007fe800000, 0x00000007fea00000, 0x00000007fea00000|100%| O|  |TAMS 0x00000007fea00000, 0x00000007fe800000| Untracked 
|1525|0x00000007fea00000, 0x00000007fec00000, 0x00000007fec00000|100%| O|  |TAMS 0x00000007fec00000, 0x00000007fea00000| Untracked 
|1526|0x00000007fec00000, 0x00000007fee00000, 0x00000007fee00000|100%| O|  |TAMS 0x00000007fee00000, 0x00000007fec00000| Untracked 
|1527|0x00000007fee00000, 0x00000007ff000000, 0x00000007ff000000|100%| O|  |TAMS 0x00000007ff000000, 0x00000007fee00000| Untracked 
|1528|0x00000007ff000000, 0x00000007ff200000, 0x00000007ff200000|100%| O|  |TAMS 0x00000007ff200000, 0x00000007ff000000| Untracked 
|1529|0x00000007ff200000, 0x00000007ff400000, 0x00000007ff400000|100%| O|  |TAMS 0x00000007ff400000, 0x00000007ff200000| Untracked 
|1530|0x00000007ff400000, 0x00000007ff600000, 0x00000007ff600000|100%| O|  |TAMS 0x00000007ff600000, 0x00000007ff400000| Untracked 
|1531|0x00000007ff600000, 0x00000007ff800000, 0x00000007ff800000|100%| O|  |TAMS 0x00000007ff800000, 0x00000007ff600000| Untracked 
|1532|0x00000007ff800000, 0x00000007ffa00000, 0x00000007ffa00000|100%| O|  |TAMS 0x00000007ffa00000, 0x00000007ff800000| Untracked 
|1533|0x00000007ffa00000, 0x00000007ffa00000, 0x00000007ffc00000|  0%| F|  |TAMS 0x00000007ffa00000, 0x00000007ffa00000| Untracked 
|1534|0x00000007ffc00000, 0x00000007ffe00000, 0x00000007ffe00000|100%| O|  |TAMS 0x00000007ffe00000, 0x00000007ffc00000| Untracked 
|1535|0x00000007ffe00000, 0x0000000800000000, 0x0000000800000000|100%| O|  |TAMS 0x0000000800000000, 0x00000007ffe00000| Untracked 

Card table byte_map: [0x00000122ef820000,0x00000122efe20000] _byte_map_base: 0x00000122ebe20000

Marking Bits (Prev, Next): (CMBitMap*) 0x00000122d8725910, (CMBitMap*) 0x00000122d87258d0
 Prev Bits: [0x00000122f3420000, 0x00000122f6420000)
 Next Bits: [0x00000122f0420000, 0x00000122f3420000)

Polling page: 0x00000122d6620000

Metaspace:

Usage:
  Non-class:     48.56 MB used.
      Class:      7.65 MB used.
       Both:     56.20 MB used.

Virtual space:
  Non-class space:       56.00 MB reserved,      48.88 MB ( 87%) committed,  7 nodes.
      Class space:        1.00 GB reserved,       7.94 MB ( <1%) committed,  1 nodes.
             Both:        1.05 GB reserved,      56.81 MB (  5%) committed. 

Chunk freelists:
   Non-Class:  3.15 MB
       Class:  106.00 KB
        Both:  3.26 MB

MaxMetaspaceSize: unlimited
CompressedClassSpaceSize: 1.00 GB
Initial GC threshold: 21.00 MB
Current GC threshold: 94.62 MB
CDS: on
MetaspaceReclaimPolicy: balanced
 - commit_granule_bytes: 65536.
 - commit_granule_words: 8192.
 - virtual_space_node_default_size: 1048576.
 - enlarge_chunks_in_place: 1.
 - new_chunks_are_fully_committed: 0.
 - uncommit_free_chunks: 1.
 - use_allocation_guard: 0.
 - handle_deallocations: 1.


Internal statistics:

num_allocs_failed_limit: 6.
num_arena_births: 562.
num_arena_deaths: 0.
num_vsnodes_births: 8.
num_vsnodes_deaths: 0.
num_space_committed: 909.
num_space_uncommitted: 0.
num_chunks_returned_to_freelist: 6.
num_chunks_taken_from_freelist: 2603.
num_chunk_merges: 6.
num_chunk_splits: 1682.
num_chunks_enlarged: 1090.
num_purges: 0.
num_inconsistent_stats: 0.

CodeHeap 'non-profiled nmethods': size=120000Kb used=4291Kb max_used=4291Kb free=115708Kb
 bounds [0x00000122e79c0000, 0x00000122e7e00000, 0x00000122eeef0000]
CodeHeap 'profiled nmethods': size=120000Kb used=13765Kb max_used=13765Kb free=106235Kb
 bounds [0x00000122e0490000, 0x00000122e1210000, 0x00000122e79c0000]
CodeHeap 'non-nmethods': size=5760Kb used=2372Kb max_used=2428Kb free=3387Kb
 bounds [0x00000122dfef0000, 0x00000122e0160000, 0x00000122e0490000]
 total_blobs=7743 nmethods=6848 adapters=807
 compilation: enabled
              stopped_count=0, restarted_count=0
 full_count=0

Compilation events (20 events):
Event: 15.052 Thread 0x00000122f9fbc130 nmethod 7659 0x00000122e7dedd10 code [0x00000122e7dede80, 0x00000122e7dedf78]
Event: 15.053 Thread 0x00000122f8e345b0 nmethod 7660 0x00000122e7dee090 code [0x00000122e7dee200, 0x00000122e7dee2d8]
Event: 15.054 Thread 0x00000122fa888680 nmethod 7657 0x00000122e7dee410 code [0x00000122e7dee5c0, 0x00000122e7dee7f8]
Event: 15.055 Thread 0x00000122fa888680 7661 %     4       java.util.Iterator::forEachRemaining @ 5 (30 bytes)
Event: 15.057 Thread 0x00000122fa888680 nmethod 7661% 0x00000122e7deeb10 code [0x00000122e7deecc0, 0x00000122e7deef98]
Event: 15.060 Thread 0x00000122fa888680 7662       4       java.nio.ByteBuffer::position (6 bytes)
Event: 15.060 Thread 0x00000122fa888680 nmethod 7662 0x00000122e7def210 code [0x00000122e7def3a0, 0x00000122e7def498]
Event: 15.095 Thread 0x00000122f9fbc130 7663       4       java.nio.CharBuffer::position (6 bytes)
Event: 15.096 Thread 0x00000122f9fbc130 nmethod 7663 0x00000122e7def590 code [0x00000122e7def700, 0x00000122e7def7d8]
Event: 15.100 Thread 0x00000122fa888680 7664       4       java.util.ArrayList$ArrayListSpliterator::forEachRemaining (127 bytes)
Event: 15.103 Thread 0x00000122fa888680 nmethod 7664 0x00000122e7def910 code [0x00000122e7defaa0, 0x00000122e7defd78]
Event: 15.108 Thread 0x00000122fa888680 7665       4       java.util.Arrays::copyOfRange (90 bytes)
Event: 15.109 Thread 0x00000122f8e345b0 7666       4       java.lang.reflect.Array::newInstance (6 bytes)
Event: 15.109 Thread 0x00000122f9fbc130 7667       4       java.lang.Class::getComponentType (14 bytes)
Event: 15.110 Thread 0x00000122f9fbc130 nmethod 7667 0x00000122e7deff90 code [0x00000122e7df0100, 0x00000122e7df0198]
Event: 15.110 Thread 0x00000122f8e345b0 nmethod 7666 0x00000122e7df0290 code [0x00000122e7df0400, 0x00000122e7df05b8]
Event: 15.119 Thread 0x00000122fa888680 nmethod 7665 0x00000122e7df0690 code [0x00000122e7df0820, 0x00000122e7df0d18]
Event: 15.120 Thread 0x00000122fa888680 7668       4       net.minecraftforge.srgutils.InternalUtils::loadTSrg2 (661 bytes)
Event: 15.120 Thread 0x00000122f8e38460 7669       3       java.util.Spliterators::emptySpliterator (4 bytes)
Event: 15.120 Thread 0x00000122f8e38460 nmethod 7669 0x00000122e0a6a090 code [0x00000122e0a6a220, 0x00000122e0a6a318]

GC Heap History (20 events):
Event: 13.170 GC heap after
{Heap after GC invocations=14 (full 0):
 garbage-first heap   total 122880K, used 50987K [0x0000000740000000, 0x0000000800000000)
  region size 2048K, 1 young (2048K), 1 survivors (2048K)
 Metaspace       used 55225K, committed 55808K, reserved 1097728K
  class space    used 7599K, committed 7872K, reserved 1048576K
}
Event: 13.180 GC heap before
{Heap before GC invocations=14 (full 0):
 garbage-first heap   total 122880K, used 53035K [0x0000000740000000, 0x0000000800000000)
  region size 2048K, 2 young (4096K), 1 survivors (2048K)
 Metaspace       used 55227K, committed 55808K, reserved 1097728K
  class space    used 7599K, committed 7872K, reserved 1048576K
}
Event: 13.181 GC heap after
{Heap after GC invocations=15 (full 0):
 garbage-first heap   total 122880K, used 50513K [0x0000000740000000, 0x0000000800000000)
  region size 2048K, 1 young (2048K), 1 survivors (2048K)
 Metaspace       used 55227K, committed 55808K, reserved 1097728K
  class space    used 7599K, committed 7872K, reserved 1048576K
}
Event: 13.189 GC heap before
{Heap before GC invocations=15 (full 0):
 garbage-first heap   total 122880K, used 52561K [0x0000000740000000, 0x0000000800000000)
  region size 2048K, 2 young (4096K), 1 survivors (2048K)
 Metaspace       used 55243K, committed 55808K, reserved 1097728K
  class space    used 7601K, committed 7872K, reserved 1048576K
}
Event: 13.191 GC heap after
{Heap after GC invocations=16 (full 0):
 garbage-first heap   total 122880K, used 50463K [0x0000000740000000, 0x0000000800000000)
  region size 2048K, 1 young (2048K), 1 survivors (2048K)
 Metaspace       used 55243K, committed 55808K, reserved 1097728K
  class space    used 7601K, committed 7872K, reserved 1048576K
}
Event: 13.295 GC heap before
{Heap before GC invocations=16 (full 0):
 garbage-first heap   total 122880K, used 56607K [0x0000000740000000, 0x0000000800000000)
  region size 2048K, 4 young (8192K), 1 survivors (2048K)
 Metaspace       used 55459K, committed 56064K, reserved 1097728K
  class space    used 7631K, committed 7936K, reserved 1048576K
}
Event: 13.297 GC heap after
{Heap after GC invocations=17 (full 0):
 garbage-first heap   total 122880K, used 50865K [0x0000000740000000, 0x0000000800000000)
  region size 2048K, 1 young (2048K), 1 survivors (2048K)
 Metaspace       used 55459K, committed 56064K, reserved 1097728K
  class space    used 7631K, committed 7936K, reserved 1048576K
}
Event: 13.304 GC heap before
{Heap before GC invocations=17 (full 0):
 garbage-first heap   total 122880K, used 52913K [0x0000000740000000, 0x0000000800000000)
  region size 2048K, 2 young (4096K), 1 survivors (2048K)
 Metaspace       used 55470K, committed 56064K, reserved 1097728K
  class space    used 7631K, committed 7936K, reserved 1048576K
}
Event: 13.305 GC heap after
{Heap after GC invocations=18 (full 0):
 garbage-first heap   total 241664K, used 50891K [0x0000000740000000, 0x0000000800000000)
  region size 2048K, 1 young (2048K), 1 survivors (2048K)
 Metaspace       used 55470K, committed 56064K, reserved 1097728K
  class space    used 7631K, committed 7936K, reserved 1048576K
}
Event: 13.786 GC heap before
{Heap before GC invocations=18 (full 0):
 garbage-first heap   total 241664K, used 143051K [0x0000000740000000, 0x0000000800000000)
  region size 2048K, 24 young (49152K), 1 survivors (2048K)
 Metaspace       used 56844K, committed 57408K, reserved 1105920K
  class space    used 7743K, committed 8000K, reserved 1048576K
}
Event: 13.789 GC heap after
{Heap after GC invocations=19 (full 0):
 garbage-first heap   total 241664K, used 51993K [0x0000000740000000, 0x0000000800000000)
  region size 2048K, 1 young (2048K), 1 survivors (2048K)
 Metaspace       used 56844K, committed 57408K, reserved 1105920K
  class space    used 7743K, committed 8000K, reserved 1048576K
}
Event: 14.325 GC heap before
{Heap before GC invocations=19 (full 0):
 garbage-first heap   total 241664K, used 226073K [0x0000000740000000, 0x0000000800000000)
  region size 2048K, 61 young (124928K), 1 survivors (2048K)
 Metaspace       used 57323K, committed 57856K, reserved 1105920K
  class space    used 7813K, committed 8064K, reserved 1048576K
}
Event: 14.382 GC heap after
{Heap after GC invocations=20 (full 0):
 garbage-first heap   total 311296K, used 135313K [0x0000000740000000, 0x0000000800000000)
  region size 2048K, 9 young (18432K), 9 survivors (18432K)
 Metaspace       used 57323K, committed 57856K, reserved 1105920K
  class space    used 7813K, committed 8064K, reserved 1048576K
}
Event: 14.589 GC heap before
{Heap before GC invocations=20 (full 0):
 garbage-first heap   total 311296K, used 217233K [0x0000000740000000, 0x0000000800000000)
  region size 2048K, 40 young (81920K), 9 survivors (18432K)
 Metaspace       used 57468K, committed 58048K, reserved 1105920K
  class space    used 7828K, committed 8128K, reserved 1048576K
}
Event: 14.626 GC heap after
{Heap after GC invocations=21 (full 0):
 garbage-first heap   total 311296K, used 169806K [0x0000000740000000, 0x0000000800000000)
  region size 2048K, 6 young (12288K), 6 survivors (12288K)
 Metaspace       used 57468K, committed 58048K, reserved 1105920K
  class space    used 7828K, committed 8128K, reserved 1048576K
}
Event: 15.071 GC heap before
{Heap before GC invocations=22 (full 0):
 garbage-first heap   total 434176K, used 409422K [0x0000000740000000, 0x0000000800000000)
  region size 2048K, 16 young (32768K), 6 survivors (12288K)
 Metaspace       used 57550K, committed 58176K, reserved 1105920K
  class space    used 7828K, committed 8128K, reserved 1048576K
}
Event: 15.092 GC heap after
{Heap after GC invocations=23 (full 0):
 garbage-first heap   total 438272K, used 188238K [0x0000000740000000, 0x0000000800000000)
  region size 2048K, 4 young (8192K), 4 survivors (8192K)
 Metaspace       used 57550K, committed 58176K, reserved 1105920K
  class space    used 7828K, committed 8128K, reserved 1048576K
}
Event: 15.112 GC heap before
{Heap before GC invocations=23 (full 0):
 garbage-first heap   total 438272K, used 198478K [0x0000000740000000, 0x0000000800000000)
  region size 2048K, 10 young (20480K), 4 survivors (8192K)
 Metaspace       used 57550K, committed 58176K, reserved 1105920K
  class space    used 7828K, committed 8128K, reserved 1048576K
}
Event: 15.119 GC heap after
{Heap after GC invocations=24 (full 0):
 garbage-first heap   total 438272K, used 197431K [0x0000000740000000, 0x0000000800000000)
  region size 2048K, 2 young (4096K), 2 survivors (4096K)
 Metaspace       used 57550K, committed 58176K, reserved 1105920K
  class space    used 7828K, committed 8128K, reserved 1048576K
}
Event: 15.174 GC heap before
{Heap before GC invocations=24 (full 0):
 garbage-first heap   total 438272K, used 295735K [0x0000000740000000, 0x0000000800000000)
  region size 2048K, 50 young (102400K), 2 survivors (4096K)
 Metaspace       used 57550K, committed 58176K, reserved 1105920K
  class space    used 7828K, committed 8128K, reserved 1048576K
}

Deoptimization events (20 events):
Event: 15.052 Thread 0x00000122fb91a030 Uncommon trap: trap_request=0xffffffbe fr.pc=0x00000122e7d7e3e8 relative=0x00000000000002a8
Event: 15.052 Thread 0x00000122fb91a030 Uncommon trap: reason=profile_predicate action=maybe_recompile pc=0x00000122e7d7e3e8 method=java.util.Iterator.forEachRemaining(Ljava/util/function/Consumer;)V @ 5 c2
Event: 15.052 Thread 0x00000122fb91a030 DEOPT PACKING pc=0x00000122e7d7e3e8 sp=0x0000001357bf6e10
Event: 15.052 Thread 0x00000122fb91a030 DEOPT UNPACKING pc=0x00000122dff423a3 sp=0x0000001357bf6de8 mode 2
Event: 15.052 Thread 0x00000122fb91a030 Uncommon trap: trap_request=0xffffffbe fr.pc=0x00000122e7d7e3e8 relative=0x00000000000002a8
Event: 15.052 Thread 0x00000122fb91a030 Uncommon trap: reason=profile_predicate action=maybe_recompile pc=0x00000122e7d7e3e8 method=java.util.Iterator.forEachRemaining(Ljava/util/function/Consumer;)V @ 5 c2
Event: 15.052 Thread 0x00000122fb91a030 DEOPT PACKING pc=0x00000122e7d7e3e8 sp=0x0000001357bf6e10
Event: 15.052 Thread 0x00000122fb91a030 DEOPT UNPACKING pc=0x00000122dff423a3 sp=0x0000001357bf6de8 mode 2
Event: 15.052 Thread 0x00000122fb91a030 Uncommon trap: trap_request=0xffffffbe fr.pc=0x00000122e7d7e3e8 relative=0x00000000000002a8
Event: 15.052 Thread 0x00000122fb91a030 Uncommon trap: reason=profile_predicate action=maybe_recompile pc=0x00000122e7d7e3e8 method=java.util.Iterator.forEachRemaining(Ljava/util/function/Consumer;)V @ 5 c2
Event: 15.052 Thread 0x00000122fb91a030 DEOPT PACKING pc=0x00000122e7d7e3e8 sp=0x0000001357bf6e10
Event: 15.052 Thread 0x00000122fb91a030 DEOPT UNPACKING pc=0x00000122dff423a3 sp=0x0000001357bf6de8 mode 2
Event: 15.100 Thread 0x00000122fb91a030 DEOPT PACKING pc=0x00000122e1161810 sp=0x0000001357bf6e30
Event: 15.100 Thread 0x00000122fb91a030 DEOPT UNPACKING pc=0x00000122dff42b43 sp=0x0000001357bf62d0 mode 0
Event: 15.119 Thread 0x00000122fbe9f010 Uncommon trap: trap_request=0xffffff45 fr.pc=0x00000122e7db4ed0 relative=0x0000000000000230
Event: 15.119 Thread 0x00000122fbe9f010 Uncommon trap: reason=unstable_if action=reinterpret pc=0x00000122e7db4ed0 method=java.util.HashMap$ValueSpliterator.forEachRemaining(Ljava/util/function/Consumer;)V @ 31 c2
Event: 15.119 Thread 0x00000122fbe9f010 DEOPT PACKING pc=0x00000122e7db4ed0 sp=0x00000013575feca0
Event: 15.119 Thread 0x00000122fbe9f010 DEOPT UNPACKING pc=0x00000122dff423a3 sp=0x00000013575fec40 mode 2
Event: 15.120 Thread 0x00000122fb91a030 DEOPT PACKING pc=0x00000122e1180d89 sp=0x0000001357bf6f00
Event: 15.120 Thread 0x00000122fb91a030 DEOPT UNPACKING pc=0x00000122dff42b43 sp=0x0000001357bf64f0 mode 0

Classes unloaded (0 events):
No events

Classes redefined (0 events):
No events

Internal exceptions (20 events):
Event: 12.287 Thread 0x00000122fb91a030 Exception <a 'java/lang/ClassNotFoundException'{0x0000000745bd5438}: org/gradle/api/tasks/compile/AbstractOptionsBeanInfo> (0x0000000745bd5438) 
thrown [t:\workspace\open\src\hotspot\share\classfile\systemDictionary.cpp, line 256]
Event: 12.287 Thread 0x00000122fb91a030 Exception <a 'java/lang/ClassNotFoundException'{0x0000000745be5ac8}: org/gradle/api/tasks/compile/AbstractOptionsCustomizer> (0x0000000745be5ac8) 
thrown [t:\workspace\open\src\hotspot\share\classfile\systemDictionary.cpp, line 256]
Event: 12.288 Thread 0x00000122fb91a030 Exception <a 'java/lang/ClassNotFoundException'{0x0000000745bf8a20}: org/gradle/api/tasks/compile/CompileOptionsCustomizer> (0x0000000745bf8a20) 
thrown [t:\workspace\open\src\hotspot\share\classfile\systemDictionary.cpp, line 256]
Event: 12.290 Thread 0x00000122fb91a030 Exception <a 'java/lang/ClassNotFoundException'{0x000000074583b058}: org/gradle/api/tasks/compile/CompileOptions_DecoratedCustomizer> (0x000000074583b058) 
thrown [t:\workspace\open\src\hotspot\share\classfile\systemDictionary.cpp, line 256]
Event: 12.307 Thread 0x00000122804eb220 Implicit null exception at 0x00000122e7c64a83 to 0x00000122e7c64c6c
Event: 12.307 Thread 0x00000122804ec560 Implicit null exception at 0x00000122e7c64a83 to 0x00000122e7c64c6c
Event: 12.354 Thread 0x00000122804ebbc0 Exception <a 'java/lang/NoSuchMethodError'{0x00000007457afe68}: 'void java.lang.invoke.DirectMethodHandle$Holder.invokeStatic(java.lang.Object, long)'> (0x00000007457afe68) 
thrown [t:\workspace\open\src\hotspot\share\interpreter\linkResolver.cpp, line 766]
Event: 12.354 Thread 0x00000122804ebbc0 Exception <a 'java/lang/NoSuchMethodError'{0x00000007457b5210}: 'java.lang.Object java.lang.invoke.DirectMethodHandle$Holder.newInvokeSpecial(java.lang.Object, long)'> (0x00000007457b5210) 
thrown [t:\workspace\open\src\hotspot\share\interpreter\linkResolver.cpp, line 766]
Event: 12.356 Thread 0x00000122804ebbc0 Exception <a 'java/lang/NoSuchMethodError'{0x00000007457bc020}: 'java.lang.Object java.lang.invoke.DirectMethodHandle$Holder.invokeStatic(java.lang.Object, java.lang.Object, long, java.lang.Object)'> (0x00000007457bc020) 
thrown [t:\workspace\open\src\hotspot\share\interpreter\linkResolver.cpp, line 766]
Event: 12.357 Thread 0x00000122804ebbc0 Exception <a 'java/lang/NoSuchMethodError'{0x00000007457bfab8}: 'java.lang.Object java.lang.invoke.DirectMethodHandle$Holder.invokeStaticInit(java.lang.Object, java.lang.Object, long, java.lang.Object)'> (0x00000007457bfab8) 
thrown [t:\workspace\open\src\hotspot\share\interpreter\linkResolver.cpp, line 766]
Event: 12.357 Thread 0x00000122804ebbc0 Exception <a 'java/lang/NoSuchMethodError'{0x00000007457c60c8}: 'java.lang.Object java.lang.invoke.DirectMethodHandle$Holder.newInvokeSpecial(java.lang.Object, java.lang.Object, long)'> (0x00000007457c60c8) 
thrown [t:\workspace\open\src\hotspot\share\interpreter\linkResolver.cpp, line 766]
Event: 12.358 Thread 0x00000122804ebbc0 Exception <a 'java/lang/NoSuchMethodError'{0x00000007457ca1d8}: 'java.lang.Object java.lang.invoke.Invokers$Holder.linkToTargetMethod(java.lang.Object, long, java.lang.Object)'> (0x00000007457ca1d8) 
thrown [t:\workspace\open\src\hotspot\share\interpreter\linkResolver.cpp, line 766]
Event: 12.930 Thread 0x00000122fb91a030 Implicit null exception at 0x00000122e79fd272 to 0x00000122e79fd864
Event: 13.130 Thread 0x00000122fb91a030 Implicit null exception at 0x00000122e7b40ee8 to 0x00000122e7b41b48
Event: 13.232 Thread 0x00000122fb91a030 Implicit null exception at 0x00000122e7b375b6 to 0x00000122e7b37ca8
Event: 13.292 Thread 0x00000122fb91a030 Implicit null exception at 0x00000122e7a0b2f2 to 0x00000122e7a0b8d0
Event: 13.839 Thread 0x00000122fb91a030 Exception <a 'java/lang/NoSuchMethodError'{0x000000074eb2b4a0}: 'void java.lang.invoke.DirectMethodHandle$Holder.invokeVirtual(java.lang.Object, java.lang.Object)'> (0x000000074eb2b4a0) 
thrown [t:\workspace\open\src\hotspot\share\interpreter\linkResolver.cpp, line 766]
Event: 13.842 Thread 0x00000122fb91a030 Exception <a 'java/lang/NoSuchMethodError'{0x000000074eb3e7f8}: 'void java.lang.invoke.DirectMethodHandle$Holder.invokeStatic(java.lang.Object, java.lang.Object, java.lang.Object, java.lang.Object, java.lang.Object, java.lang.Object, java.lang.Object)'> (0x000000074eb3e7f8) 
thrown [t:\workspace\open\src\hotspot\share\interpreter\linkResolver.cpp, line 766]
Event: 14.421 Thread 0x00000122fb91a030 Exception <a 'java/lang/NoSuchMethodError'{0x000000074dc80020}: 'java.lang.Object java.lang.invoke.DirectMethodHandle$Holder.newInvokeSpecial(java.lang.Object, java.lang.Object, int, int)'> (0x000000074dc80020) 
thrown [t:\workspace\open\src\hotspot\share\interpreter\linkResolver.cpp, line 766]
Event: 14.424 Thread 0x00000122fb91a030 Exception <a 'java/lang/NoSuchMethodError'{0x000000074dca0400}: 'void java.lang.invoke.DirectMethodHandle$Holder.invokeStatic(java.lang.Object, java.lang.Object, int, int, java.lang.Object)'> (0x000000074dca0400) 
thrown [t:\workspace\open\src\hotspot\share\interpreter\linkResolver.cpp, line 766]

VM Operations (20 events):
Event: 13.632 Executing VM operation: ICBufferFull done
Event: 13.786 Executing VM operation: G1TryInitiateConcMark
Event: 13.790 Executing VM operation: G1TryInitiateConcMark done
Event: 13.840 Executing VM operation: HandshakeAllThreads
Event: 13.841 Executing VM operation: HandshakeAllThreads done
Event: 13.857 Executing VM operation: ICBufferFull
Event: 13.857 Executing VM operation: ICBufferFull done
Event: 14.325 Executing VM operation: G1CollectForAllocation
Event: 14.382 Executing VM operation: G1CollectForAllocation done
Event: 14.589 Executing VM operation: G1TryInitiateConcMark
Event: 14.626 Executing VM operation: G1TryInitiateConcMark done
Event: 14.782 Executing VM operation: G1Concurrent
Event: 14.793 Executing VM operation: G1Concurrent done
Event: 14.860 Executing VM operation: G1Concurrent
Event: 14.861 Executing VM operation: G1Concurrent done
Event: 15.071 Executing VM operation: G1CollectForAllocation
Event: 15.092 Executing VM operation: G1CollectForAllocation done
Event: 15.112 Executing VM operation: G1CollectForAllocation
Event: 15.119 Executing VM operation: G1CollectForAllocation done
Event: 15.174 Executing VM operation: G1CollectForAllocation

Events (20 events):
Event: 13.720 Thread 0x00000122fa3eada0 Thread added: 0x00000122fa3eada0
Event: 13.720 Thread 0x00000122fa3e8bf0 Thread added: 0x00000122fa3e8bf0
Event: 13.721 Thread 0x00000122fa3e7d80 Thread added: 0x00000122fa3e7d80
Event: 13.721 Thread 0x00000122fa3eec30 Thread added: 0x00000122fa3eec30
Event: 13.722 Thread 0x00000122fa3ebc10 Thread added: 0x00000122fa3ebc10
Event: 13.724 Thread 0x00000122fa3eb270 Thread added: 0x00000122fa3eb270
Event: 13.724 Thread 0x00000122fa3ed8f0 Thread added: 0x00000122fa3ed8f0
Event: 13.724 Thread 0x00000122fa3ee760 Thread added: 0x00000122fa3ee760
Event: 13.724 Thread 0x00000122fa3e9f30 Thread added: 0x00000122fa3e9f30
Event: 13.725 Thread 0x00000122fa3e90c0 Thread added: 0x00000122fa3e90c0
Event: 13.877 loading class java/lang/StackTraceElement$HashedModules
Event: 13.878 loading class java/lang/StackTraceElement$HashedModules done
Event: 13.914 loading class java/util/TreeMap$KeySpliterator
Event: 13.914 loading class java/util/TreeMap$TreeMapSpliterator
Event: 13.914 loading class java/util/TreeMap$TreeMapSpliterator done
Event: 13.914 loading class java/util/TreeMap$KeySpliterator done
Event: 13.972 loading class java/io/BufferedReader$1
Event: 13.972 loading class java/io/BufferedReader$1 done
Event: 14.874 loading class jdk/internal/access/foreign/MemorySegmentProxy
Event: 14.874 loading class jdk/internal/access/foreign/MemorySegmentProxy done


Dynamic libraries:
0x00007ff772160000 - 0x00007ff772170000 	C:\Program Files\Java\jdk-17.0.1\bin\java.exe
0x00007ff928fb0000 - 0x00007ff9291a8000 	C:\WINDOWS\SYSTEM32\ntdll.dll
0x00007ff927fc0000 - 0x00007ff92807f000 	C:\WINDOWS\System32\KERNEL32.DLL
0x00007ff926980000 - 0x00007ff926c76000 	C:\WINDOWS\System32\KERNELBASE.dll
0x00007ff926c80000 - 0x00007ff926d80000 	C:\WINDOWS\System32\ucrtbase.dll
0x00007ff913ca0000 - 0x00007ff913cb8000 	C:\Program Files\Java\jdk-17.0.1\bin\jli.dll
0x00007ff906e20000 - 0x00007ff906e3a000 	C:\Program Files\Java\jdk-17.0.1\bin\VCRUNTIME140.dll
0x00007ff927770000 - 0x00007ff92781f000 	C:\WINDOWS\System32\ADVAPI32.dll
0x00007ff928300000 - 0x00007ff92839e000 	C:\WINDOWS\System32\msvcrt.dll
0x00007ff927010000 - 0x00007ff9270ac000 	C:\WINDOWS\System32\sechost.dll
0x00007ff928100000 - 0x00007ff928226000 	C:\WINDOWS\System32\RPCRT4.dll
0x00007ff927840000 - 0x00007ff9279dd000 	C:\WINDOWS\System32\USER32.dll
0x00007ff926ef0000 - 0x00007ff926f12000 	C:\WINDOWS\System32\win32u.dll
0x00007ff9148a0000 - 0x00007ff914b3a000 	C:\WINDOWS\WinSxS\amd64_microsoft.windows.common-controls_6595b64144ccf1df_6.0.19041.1110_none_60b5254171f9507e\COMCTL32.dll
0x00007ff927f90000 - 0x00007ff927fbc000 	C:\WINDOWS\System32\GDI32.dll
0x00007ff926860000 - 0x00007ff926975000 	C:\WINDOWS\System32\gdi32full.dll
0x00007ff926f70000 - 0x00007ff92700d000 	C:\WINDOWS\System32\msvcp_win.dll
0x00007ff9214c0000 - 0x00007ff9214ca000 	C:\WINDOWS\SYSTEM32\VERSION.dll
0x00007ff9270b0000 - 0x00007ff9270e0000 	C:\WINDOWS\System32\IMM32.DLL
0x00007ff906d40000 - 0x00007ff906d4c000 	C:\Program Files\Java\jdk-17.0.1\bin\vcruntime140_1.dll
0x00007ff8f3660000 - 0x00007ff8f36ed000 	C:\Program Files\Java\jdk-17.0.1\bin\msvcp140.dll
0x00007ff870310000 - 0x00007ff870ece000 	C:\Program Files\Java\jdk-17.0.1\bin\server\jvm.dll
0x00007ff9271d0000 - 0x00007ff9271d8000 	C:\WINDOWS\System32\PSAPI.DLL
0x00007ff905310000 - 0x00007ff905319000 	C:\WINDOWS\SYSTEM32\WSOCK32.dll
0x00007ff91ab00000 - 0x00007ff91ab27000 	C:\WINDOWS\SYSTEM32\WINMM.dll
0x00007ff9279f0000 - 0x00007ff927a5b000 	C:\WINDOWS\System32\WS2_32.dll
0x00007ff924530000 - 0x00007ff924542000 	C:\WINDOWS\SYSTEM32\kernel.appcore.dll
0x00007ff903840000 - 0x00007ff90384a000 	C:\Program Files\Java\jdk-17.0.1\bin\jimage.dll
0x00007ff914d40000 - 0x00007ff914f24000 	C:\WINDOWS\SYSTEM32\DBGHELP.DLL
0x00007ff90b0e0000 - 0x00007ff90b114000 	C:\WINDOWS\SYSTEM32\dbgcore.DLL
0x00007ff926db0000 - 0x00007ff926e32000 	C:\WINDOWS\System32\bcryptPrimitives.dll
0x00007ff8f8a70000 - 0x00007ff8f8a95000 	C:\Program Files\Java\jdk-17.0.1\bin\java.dll
0x00007ff8ee6f0000 - 0x00007ff8ee7c6000 	C:\Program Files\Java\jdk-17.0.1\bin\svml.dll
0x00007ff9284d0000 - 0x00007ff928c14000 	C:\WINDOWS\System32\SHELL32.dll
0x00007ff924730000 - 0x00007ff924ec3000 	C:\WINDOWS\SYSTEM32\windows.storage.dll
0x00007ff9272f0000 - 0x00007ff927644000 	C:\WINDOWS\System32\combase.dll
0x00007ff925fa0000 - 0x00007ff925fce000 	C:\WINDOWS\SYSTEM32\Wldp.dll
0x00007ff927ed0000 - 0x00007ff927f7d000 	C:\WINDOWS\System32\SHCORE.dll
0x00007ff927170000 - 0x00007ff9271c5000 	C:\WINDOWS\System32\shlwapi.dll
0x00007ff9265d0000 - 0x00007ff9265ef000 	C:\WINDOWS\SYSTEM32\profapi.dll
0x00007ff8fe040000 - 0x00007ff8fe059000 	C:\Program Files\Java\jdk-17.0.1\bin\net.dll
0x00007ff91f3c0000 - 0x00007ff91f4ca000 	C:\WINDOWS\SYSTEM32\WINHTTP.dll
0x00007ff925d10000 - 0x00007ff925d7a000 	C:\WINDOWS\system32\mswsock.dll
0x00007ff8f8a50000 - 0x00007ff8f8a65000 	C:\Program Files\Java\jdk-17.0.1\bin\nio.dll
0x00007ff8f3640000 - 0x00007ff8f3658000 	C:\Program Files\Java\jdk-17.0.1\bin\zip.dll
0x00007ff8f3630000 - 0x00007ff8f3640000 	C:\Program Files\Java\jdk-17.0.1\bin\verify.dll
0x00007ff902210000 - 0x00007ff902237000 	D:\jais\.gradle\native\e1d6ef7f7dcc3fd88c89a11ec53ec762bb8ba0a96d01ffa2cd45eb1d1d8dd5c5\windows-amd64\native-platform.dll
0x00007ff8ec1e0000 - 0x00007ff8ec324000 	D:\jais\.gradle\native\0d407fdbe67a94daf76414ababcb853783967236a71b16ec16e742cd7a986fd3\windows-amd64\native-platform-file-events.dll
0x00007ff8f3620000 - 0x00007ff8f3629000 	C:\Program Files\Java\jdk-17.0.1\bin\management.dll
0x00007ff8f3610000 - 0x00007ff8f361b000 	C:\Program Files\Java\jdk-17.0.1\bin\management_ext.dll
0x00007ff926050000 - 0x00007ff926068000 	C:\WINDOWS\SYSTEM32\CRYPTSP.dll
0x00007ff925650000 - 0x00007ff925684000 	C:\WINDOWS\system32\rsaenh.dll
0x00007ff926d80000 - 0x00007ff926da7000 	C:\WINDOWS\System32\bcrypt.dll
0x00007ff926590000 - 0x00007ff9265be000 	C:\WINDOWS\SYSTEM32\USERENV.dll
0x00007ff925ea0000 - 0x00007ff925eac000 	C:\WINDOWS\SYSTEM32\CRYPTBASE.dll
0x00007ff925a20000 - 0x00007ff925a5c000 	C:\WINDOWS\SYSTEM32\IPHLPAPI.DLL
0x00007ff927f80000 - 0x00007ff927f88000 	C:\WINDOWS\System32\NSI.dll
0x00007ff920710000 - 0x00007ff920727000 	C:\WINDOWS\SYSTEM32\dhcpcsvc6.DLL
0x00007ff921040000 - 0x00007ff92105d000 	C:\WINDOWS\SYSTEM32\dhcpcsvc.DLL
0x00007ff925a60000 - 0x00007ff925b2b000 	C:\WINDOWS\SYSTEM32\DNSAPI.dll
0x00007ff8f33d0000 - 0x00007ff8f33de000 	C:\Program Files\Java\jdk-17.0.1\bin\sunmscapi.dll
0x00007ff926700000 - 0x00007ff92685e000 	C:\WINDOWS\System32\CRYPT32.dll
0x00007ff926160000 - 0x00007ff926188000 	C:\WINDOWS\SYSTEM32\ncrypt.dll
0x00007ff926120000 - 0x00007ff92615b000 	C:\WINDOWS\SYSTEM32\NTASN1.dll
0x00007ff8ea4f0000 - 0x00007ff8ea4f7000 	C:\WINDOWS\system32\wshunix.dll
0x000000005b180000 - 0x000000005b1a6000 	C:\Program Files\Bonjour\mdnsNSP.dll
0x00007ff90bf10000 - 0x00007ff90bf1a000 	C:\Windows\System32\rasadhlp.dll
0x00007ff91cf00000 - 0x00007ff91cf82000 	C:\WINDOWS\System32\fwpuclnt.dll

dbghelp: loaded successfully - version: 4.0.5 - missing functions: none
symbol engine: initialized successfully - sym options: 0x614 - pdb path: .;C:\Program Files\Java\jdk-17.0.1\bin;C:\WINDOWS\SYSTEM32;C:\WINDOWS\WinSxS\amd64_microsoft.windows.common-controls_6595b64144ccf1df_6.0.19041.1110_none_60b5254171f9507e;C:\Program Files\Java\jdk-17.0.1\bin\server;D:\jais\.gradle\native\e1d6ef7f7dcc3fd88c89a11ec53ec762bb8ba0a96d01ffa2cd45eb1d1d8dd5c5\windows-amd64;D:\jais\.gradle\native\0d407fdbe67a94daf76414ababcb853783967236a71b16ec16e742cd7a986fd3\windows-amd64;C:\Program Files\Bonjour

VM Arguments:
jvm_args: --add-opens=java.base/java.util=ALL-UNNAMED --add-opens=java.base/java.lang=ALL-UNNAMED --add-opens=java.base/java.lang.invoke=ALL-UNNAMED --add-opens=java.base/java.util=ALL-UNNAMED --add-opens=java.prefs/java.util.prefs=ALL-UNNAMED --add-opens=java.prefs/java.util.prefs=ALL-UNNAMED --add-opens=java.base/java.nio.charset=ALL-UNNAMED --add-opens=java.base/java.net=ALL-UNNAMED --add-opens=java.base/java.util.concurrent.atomic=ALL-UNNAMED -Xmx3G -Dfile.encoding=windows-1252 -Duser.country=US -Duser.language=en -Duser.variant 
java_command: org.gradle.launcher.daemon.bootstrap.GradleDaemon 7.4
java_class_path (initial): D:\jais\.gradle\wrapper\dists\gradle-7.4-bin\c0gwcg53nkjbqw7r0h0umtfvt\gradle-7.4\lib\gradle-launcher-7.4.jar
Launcher Type: SUN_STANDARD

[Global flags]
     intx CICompilerCount                          = 4                                         {product} {ergonomic}
     uint ConcGCThreads                            = 2                                         {product} {ergonomic}
     uint G1ConcRefinementThreads                  = 8                                         {product} {ergonomic}
   size_t G1HeapRegionSize                         = 2097152                                   {product} {ergonomic}
    uintx GCDrainStackTargetSize                   = 64                                        {product} {ergonomic}
   size_t InitialHeapSize                          = 234881024                                 {product} {ergonomic}
   size_t MarkStackSize                            = 4194304                                   {product} {ergonomic}
   size_t MaxHeapSize                              = 3221225472                                {product} {command line}
   size_t MaxNewSize                               = 1931476992                                {product} {ergonomic}
   size_t MinHeapDeltaBytes                        = 2097152                                   {product} {ergonomic}
   size_t MinHeapSize                              = 8388608                                   {product} {ergonomic}
    uintx NonNMethodCodeHeapSize                   = 5839372                                {pd product} {ergonomic}
    uintx NonProfiledCodeHeapSize                  = 122909434                              {pd product} {ergonomic}
    uintx ProfiledCodeHeapSize                     = 122909434                              {pd product} {ergonomic}
    uintx ReservedCodeCacheSize                    = 251658240                              {pd product} {ergonomic}
     bool SegmentedCodeCache                       = true                                      {product} {ergonomic}
   size_t SoftMaxHeapSize                          = 3221225472                             {manageable} {ergonomic}
     bool UseCompressedClassPointers               = true                           {product lp64_product} {ergonomic}
     bool UseCompressedOops                        = true                           {product lp64_product} {ergonomic}
     bool UseG1GC                                  = true                                      {product} {ergonomic}
     bool UseLargePagesIndividualAllocation        = false                                  {pd product} {ergonomic}

Logging:
Log output configuration:
 #0: stdout all=warning uptime,level,tags
 #1: stderr all=off uptime,level,tags

Environment Variables:
PATH=C:\Program Files\OpenJDK\jdk-11.0.18.10-hotspot\bin;C:\Python310\Scripts\;C:\Python310\;C:\Program Files\Zulu\zulu-8\bin\;C:\Program Files\Common Files\Oracle\Java\javapath;C:\Program Files\AdoptOpenJDK\jre-11.0.10.9-openj9\bin;C:\Program Files\AdoptOpenJDK\jre-8.0.282.8-hotspot\bin;C:\WINDOWS\system32;C:\WINDOWS;C:\WINDOWS\System32\Wbem;C:\WINDOWS\System32\WindowsPowerShell\v1.0\;C:\WINDOWS\System32\OpenSSH\;C:\Program Files\Calibre2\;C:\Program Files (x86)\QuickTime\QTSystem\;C:\Program Files\PuTTY\;C:\Program Files\Git\cmd;D:\jais\php-7.4;C:\ProgramData\ComposerSetup\bin;C:\Program Files\nodejs\;C:\ProgramData\chocolatey\bin;;C:\Program Files\Docker\Docker\resources\bin;C:\Users\Jais\scoop\shims;C:\Users\Jais\AppData\Local\Microsoft\WindowsApps;D:\jais\php-7.4;C:\Users\Jais\AppData\Roaming\Composer\vendor\bin;C:\Program Files\MariaDB 10.7\bin;C:\Users\Jais\AppData\Roaming\npm
USERNAME=Jais
OS=Windows_NT
PROCESSOR_IDENTIFIER=AMD64 Family 23 Model 17 Stepping 0, AuthenticAMD



---------------  S Y S T E M  ---------------

OS:
 Windows 10 , 64 bit Build 19041 (10.0.19041.2913)
OS uptime: 0 days 18:37 hours
Hyper-V role detected

CPU: total 8 (initial active 8) (8 cores per cpu, 2 threads per core) family 23 model 17 stepping 0 microcode 0x0, cx8, cmov, fxsr, ht, mmx, 3dnowpref, sse, sse2, sse3, ssse3, sse4a, sse4.1, sse4.2, popcnt, lzcnt, tsc, tscinvbit, avx, avx2, aes, clmul, bmi1, bmi2, adx, sha, fma, vzeroupper, clflush, clflushopt, hv

Memory: 4k page, system-wide physical 14244M (1865M free)
TotalPageFile size 29349M (AvailPageFile size 295M)
current process WorkingSet (physical memory assigned to process): 687M, peak: 687M
current process commit charge ("private bytes"): 738M, peak: 1250M

vm_info: Java HotSpot(TM) 64-Bit Server VM (17.0.1+12-LTS-39) for windows-amd64 JRE (17.0.1+12-LTS-39), built on Sep 27 2021 18:41:35 by "mach5one" with MS VC++ 16.8 (VS2019)

END.
