#
# There is insufficient memory for the Java Runtime Environment to continue.
# Native memory allocation (mmap) failed to map 645922816 bytes for G1 virtual space
# Possible reasons:
#   The system is out of physical RAM or swap space
#   The process is running with CompressedOops enabled, and the Java Heap may be blocking the growth of the native heap
# Possible solutions:
#   Reduce memory load on the system
#   Increase physical memory or swap space
#   Check if swap backing store is full
#   Decrease Java heap size (-Xmx/-Xms)
#   Decrease number of Java threads
#   Decrease Java thread stack sizes (-Xss)
#   Set larger code cache with -XX:ReservedCodeCacheSize=
#   JVM is running with Zero Based Compressed Oops mode in which the Java heap is
#     placed in the first 32GB address space. The Java Heap base address is the
#     maximum limit for the native heap growth. Please use -XX:HeapBaseMinAddress
#     to set the Java Heap base and to place the Java Heap above 32GB virtual address.
# This output file may be truncated or incomplete.
#
#  Out of Memory Error (os_windows.cpp:3469), pid=8976, tid=15580
#
# JRE version: Java(TM) SE Runtime Environment (17.0.1+12) (build 17.0.1+12-LTS-39)
# Java VM: Java HotSpot(TM) 64-Bit Server VM (17.0.1+12-LTS-39, mixed mode, sharing, tiered, compressed oops, compressed class ptrs, g1 gc, windows-amd64)
# No core dump will be written. Minidumps are not enabled by default on client versions of Windows
#

---------------  S U M M A R Y ------------

Command Line: --add-opens=java.base/java.util=ALL-UNNAMED --add-opens=java.base/java.lang=ALL-UNNAMED --add-opens=java.base/java.lang.invoke=ALL-UNNAMED --add-opens=java.base/java.util=ALL-UNNAMED --add-opens=java.prefs/java.util.prefs=ALL-UNNAMED --add-opens=java.prefs/java.util.prefs=ALL-UNNAMED --add-opens=java.base/java.nio.charset=ALL-UNNAMED --add-opens=java.base/java.net=ALL-UNNAMED --add-opens=java.base/java.util.concurrent.atomic=ALL-UNNAMED -Xmx3G -Dfile.encoding=windows-1252 -Duser.country=US -Duser.language=en -Duser.variant org.gradle.launcher.daemon.bootstrap.GradleDaemon 7.4

Host: AMD Ryzen 5 2400G with Radeon Vega Graphics    , 8 cores, 13G,  Windows 10 , 64 bit Build 19041 (10.0.19041.2913)
Time: Thu Jun  8 16:18:46 2023 GTB Daylight Time elapsed time: 19.239901 seconds (0d 0h 0m 19s)

---------------  T H R E A D  ---------------

Current thread (0x00000273ff3708a0):  VMThread "VM Thread" [stack: 0x000000ddf1300000,0x000000ddf1400000] [id=15580]

Stack: [0x000000ddf1300000,0x000000ddf1400000]
Native frames: (J=compiled Java code, j=interpreted, Vv=VM code, C=native code)
V  [jvm.dll+0x66fa1a]
V  [jvm.dll+0x7ce5a4]
V  [jvm.dll+0x7cfd4e]
V  [jvm.dll+0x7d03b3]
V  [jvm.dll+0x242b05]
V  [jvm.dll+0x66ca39]
V  [jvm.dll+0x661502]
V  [jvm.dll+0x30081b]
V  [jvm.dll+0x307da6]
V  [jvm.dll+0x357a1e]
V  [jvm.dll+0x357c4f]
V  [jvm.dll+0x2d7ad8]
V  [jvm.dll+0x2d5da4]
V  [jvm.dll+0x2d53ac]
V  [jvm.dll+0x319031]
V  [jvm.dll+0x7d484b]
V  [jvm.dll+0x7d5584]
V  [jvm.dll+0x7d5a9c]
V  [jvm.dll+0x7d5e74]
V  [jvm.dll+0x7d5f40]
V  [jvm.dll+0x77e91a]
V  [jvm.dll+0x66e845]
C  [ucrtbase.dll+0x21bb2]
C  [KERNEL32.DLL+0x17614]
C  [ntdll.dll+0x526a1]

VM_Operation (0x000000ddf2bf6980): G1TryInitiateConcMark, mode: safepoint, requested by thread 0x000002739cc8d580


---------------  P R O C E S S  ---------------

Threads class SMR info:
_java_thread_list=0x000002739b920e90, length=134, elements={
0x00000273fa4426b0, 0x00000273ff374bb0, 0x00000273ff375930, 0x00000273ff38e1f0,
0x00000273ff38ecb0, 0x00000273ff391680, 0x00000273ff391f40, 0x00000273ff3960f0,
0x00000273ff39eab0, 0x00000273ff3b67c0, 0x000002739b837d60, 0x000002739b83a240,
0x000002739dfd52a0, 0x000002739c3e52a0, 0x000002739e1486b0, 0x000002739cfd5850,
0x000002739e1bec70, 0x000002739e361030, 0x000002739cc8d580, 0x000002739be13230,
0x000002739be153e0, 0x000002739be140a0, 0x000002739be12d60, 0x000002739be11a20,
0x000002739be13bd0, 0x000002739be14570, 0x000002739be123c0, 0x000002739be14f10,
0x000002739be12890, 0x000002739be11ef0, 0x00000273a12f0bd0, 0x00000273a12f1570,
0x00000273a12ebed0, 0x00000273a12ed210, 0x00000273a12eb530, 0x00000273a12ec3a0,
0x00000273a12ec870, 0x00000273a12ef890, 0x00000273a12efd60, 0x00000273a12ed6e0,
0x00000273a12f10a0, 0x00000273a12ea6c0, 0x00000273a12eab90, 0x00000273a16c45c0,
0x00000273a16c6c40, 0x00000273a16c4f60, 0x00000273a16c62a0, 0x00000273a16c5dd0,
0x00000273a16c5430, 0x00000273a16c7110, 0x00000273a16c5900, 0x00000273a16c7ab0,
0x00000273a16cafa0, 0x00000273a16c7f80, 0x00000273a16c9c60, 0x00000273a16c8450,
0x00000273a16c8920, 0x00000273a16ca130, 0x00000273a16cb940, 0x00000273a16c6770,
0x00000273a16c75e0, 0x00000273a16c8df0, 0x00000273a16c92c0, 0x00000273a16c9790,
0x00000273a16ca600, 0x00000273a16caad0, 0x00000273a16c40f0, 0x00000273a16c4a90,
0x00000273a16cb470, 0x00000273a0f57d60, 0x00000273a0f54870, 0x00000273a0f58bd0,
0x00000273a0f53530, 0x00000273a0f53a00, 0x00000273a0f590a0, 0x00000273a0f573c0,
0x00000273a0f58700, 0x00000273a0f5a8b0, 0x00000273a0f5a3e0, 0x00000273a0f56550,
0x00000273a0f56a20, 0x00000273a0f53ed0, 0x00000273a0f57890, 0x00000273a0f56ef0,
0x00000273a0f59570, 0x00000273a0f58230, 0x00000273a0f59a40, 0x00000273a0f59f10,
0x00000273a0f54d40, 0x00000273a0d3f7a0, 0x00000273a0d3ee00, 0x00000273a0d3e460,
0x00000273a0d3e930, 0x00000273a0d3fc70, 0x00000273a0d3f2d0, 0x00000273a0d3c2b0,
0x00000273a0d3d5f0, 0x00000273a0d3d120, 0x00000273a0d3df90, 0x00000273a0d3dac0,
0x00000273a0c02790, 0x00000273a0c057b0, 0x00000273a0c05c80, 0x00000273a0c01df0,
0x00000273a0c08300, 0x00000273a0c01920, 0x00000273a0c06af0, 0x00000273a0c022c0,
0x00000273a0c03ad0, 0x00000273a0c03130, 0x00000273a0c03600, 0x00000273a0c04940,
0x00000273a0c03fa0, 0x00000273a0c07e30, 0x00000273a0c04470, 0x00000273a0c04e10,
0x00000273a0c087d0, 0x00000273a0c052e0, 0x00000273a0c06150, 0x00000273a0c06620,
0x00000273a0c06fc0, 0x00000273a0c07490, 0x00000273a0c07960, 0x00000273a0c08ca0,
0x00000273a0c09170, 0x00000273a0a43d30, 0x00000273a0a46880, 0x00000273a0a42520,
0x00000273a0a45070, 0x00000273a0a46d50, 0x00000273a0a48090, 0x00000273a0a44ba0,
0x00000273a0a43860, 0x00000273a0a446d0
}

Java Threads: ( => current thread )
  0x00000273fa4426b0 JavaThread "main" [_thread_blocked, id=2300, stack(0x000000ddf0d00000,0x000000ddf0e00000)]
  0x00000273ff374bb0 JavaThread "Reference Handler" daemon [_thread_blocked, id=15532, stack(0x000000ddf1400000,0x000000ddf1500000)]
  0x00000273ff375930 JavaThread "Finalizer" daemon [_thread_blocked, id=3184, stack(0x000000ddf1500000,0x000000ddf1600000)]
  0x00000273ff38e1f0 JavaThread "Signal Dispatcher" daemon [_thread_blocked, id=22432, stack(0x000000ddf1600000,0x000000ddf1700000)]
  0x00000273ff38ecb0 JavaThread "Attach Listener" daemon [_thread_blocked, id=16312, stack(0x000000ddf1700000,0x000000ddf1800000)]
  0x00000273ff391680 JavaThread "Service Thread" daemon [_thread_blocked, id=10072, stack(0x000000ddf1800000,0x000000ddf1900000)]
  0x00000273ff391f40 JavaThread "Monitor Deflation Thread" daemon [_thread_blocked, id=17196, stack(0x000000ddf1900000,0x000000ddf1a00000)]
  0x00000273ff3960f0 JavaThread "C2 CompilerThread0" daemon [_thread_in_native, id=11524, stack(0x000000ddf1a00000,0x000000ddf1b00000)]
  0x00000273ff39eab0 JavaThread "C1 CompilerThread0" daemon [_thread_blocked, id=13972, stack(0x000000ddf1b00000,0x000000ddf1c00000)]
  0x00000273ff3b67c0 JavaThread "Sweeper thread" daemon [_thread_blocked, id=11792, stack(0x000000ddf1c00000,0x000000ddf1d00000)]
  0x000002739b837d60 JavaThread "Common-Cleaner" daemon [_thread_blocked, id=16580, stack(0x000000ddf1d00000,0x000000ddf1e00000)]
  0x000002739b83a240 JavaThread "Notification Thread" daemon [_thread_blocked, id=17824, stack(0x000000ddf1e00000,0x000000ddf1f00000)]
  0x000002739dfd52a0 JavaThread "Daemon health stats" [_thread_blocked, id=4924, stack(0x000000ddf2600000,0x000000ddf2700000)]
  0x000002739c3e52a0 JavaThread "Incoming local TCP Connector on port 64924" [_thread_in_native, id=14904, stack(0x000000ddf2100000,0x000000ddf2200000)]
  0x000002739e1486b0 JavaThread "Daemon periodic checks" [_thread_blocked, id=12240, stack(0x000000ddf2700000,0x000000ddf2800000)]
  0x000002739cfd5850 JavaThread "Daemon" [_thread_blocked, id=14348, stack(0x000000ddf2800000,0x000000ddf2900000)]
  0x000002739e1bec70 JavaThread "Handler for socket connection from /127.0.0.1:64924 to /127.0.0.1:64925" [_thread_in_native, id=15620, stack(0x000000ddf2900000,0x000000ddf2a00000)]
  0x000002739e361030 JavaThread "Cancel handler" [_thread_blocked, id=17992, stack(0x000000ddf2a00000,0x000000ddf2b00000)]
  0x000002739cc8d580 JavaThread "Daemon worker" [_thread_blocked, id=6792, stack(0x000000ddf2b00000,0x000000ddf2c00000)]
  0x000002739be13230 JavaThread "Asynchronous log dispatcher for DefaultDaemonConnection: socket connection from /127.0.0.1:64924 to /127.0.0.1:64925" [_thread_blocked, id=4536, stack(0x000000ddf2c00000,0x000000ddf2d00000)]
  0x000002739be153e0 JavaThread "Stdin handler" [_thread_blocked, id=15616, stack(0x000000ddf2d00000,0x000000ddf2e00000)]
  0x000002739be140a0 JavaThread "Daemon client event forwarder" [_thread_blocked, id=10000, stack(0x000000ddf2e00000,0x000000ddf2f00000)]
  0x000002739be12d60 JavaThread "Cache worker for journal cache (D:\jais\.gradle\caches\journal-1)" [_thread_blocked, id=15432, stack(0x000000ddf2f00000,0x000000ddf3000000)]
  0x000002739be11a20 JavaThread "File lock request listener" [_thread_in_native, id=19528, stack(0x000000ddf3000000,0x000000ddf3100000)]
  0x000002739be13bd0 JavaThread "Cache worker for file hash cache (D:\jais\.gradle\caches\7.4\fileHashes)" [_thread_blocked, id=5188, stack(0x000000ddf3100000,0x000000ddf3200000)]
  0x000002739be14570 JavaThread "File watcher server" daemon [_thread_in_native, id=280, stack(0x000000ddf3300000,0x000000ddf3400000)]
  0x000002739be123c0 JavaThread "File watcher consumer" daemon [_thread_blocked, id=4340, stack(0x000000ddf3400000,0x000000ddf3500000)]
  0x000002739be14f10 JavaThread "Cache worker for checksums cache (D:\jais\projects\dyenamicsandfriends-1.18\.gradle\7.4\checksums)" [_thread_blocked, id=17012, stack(0x000000ddf3500000,0x000000ddf3600000)]
  0x000002739be12890 JavaThread "Cache worker for cache directory md-rule (D:\jais\.gradle\caches\7.4\md-rule)" [_thread_blocked, id=7332, stack(0x000000ddf3600000,0x000000ddf3700000)]
  0x000002739be11ef0 JavaThread "Cache worker for file hash cache (D:\jais\projects\dyenamicsandfriends-1.18\.gradle\7.4\fileHashes)" [_thread_blocked, id=8072, stack(0x000000ddf3700000,0x000000ddf3800000)]
  0x00000273a12f0bd0 JavaThread "Cache worker for cache directory md-supplier (D:\jais\.gradle\caches\7.4\md-supplier)" [_thread_blocked, id=12152, stack(0x000000ddf3800000,0x000000ddf3900000)]
  0x00000273a12f1570 JavaThread "Cache worker for execution history cache (D:\jais\.gradle\caches\7.4\executionHistory)" [_thread_blocked, id=18776, stack(0x000000ddf3d00000,0x000000ddf3e00000)]
  0x00000273a12ebed0 JavaThread "jar transforms" [_thread_blocked, id=4336, stack(0x000000ddf3e00000,0x000000ddf3f00000)]
  0x00000273a12ed210 JavaThread "jar transforms Thread 2" [_thread_blocked, id=18320, stack(0x000000ddf3f00000,0x000000ddf4000000)]
  0x00000273a12eb530 JavaThread "Cache worker for file content cache (D:\jais\.gradle\caches\7.4\fileContent)" [_thread_blocked, id=11196, stack(0x000000ddf4200000,0x000000ddf4300000)]
  0x00000273a12ec3a0 JavaThread "jar transforms Thread 3" [_thread_blocked, id=7500, stack(0x000000ddf4300000,0x000000ddf4400000)]
  0x00000273a12ec870 JavaThread "jar transforms Thread 4" [_thread_blocked, id=10484, stack(0x000000ddf4400000,0x000000ddf4500000)]
  0x00000273a12ef890 JavaThread "Cache worker for dependencies-accessors (D:\jais\projects\dyenamicsandfriends-1.18\.gradle\7.4\dependencies-accessors)" [_thread_blocked, id=21644, stack(0x000000ddf4500000,0x000000ddf4600000)]
  0x00000273a12efd60 JavaThread "jar transforms Thread 5" [_thread_blocked, id=7876, stack(0x000000ddf4600000,0x000000ddf4700000)]
  0x00000273a12ed6e0 JavaThread "Cache worker for Build Output Cleanup Cache (D:\jais\projects\dyenamicsandfriends-1.18\.gradle\buildOutputCleanup)" [_thread_blocked, id=21300, stack(0x000000ddf4700000,0x000000ddf4800000)]
  0x00000273a12f10a0 JavaThread "Unconstrained build operations" [_thread_blocked, id=15296, stack(0x000000ddf3200000,0x000000ddf3300000)]
  0x00000273a12ea6c0 JavaThread "Unconstrained build operations Thread 2" [_thread_blocked, id=22380, stack(0x000000ddf4800000,0x000000ddf4900000)]
  0x00000273a12eab90 JavaThread "Unconstrained build operations Thread 3" [_thread_blocked, id=22428, stack(0x000000ddf4900000,0x000000ddf4a00000)]
  0x00000273a16c45c0 JavaThread "Unconstrained build operations Thread 4" [_thread_blocked, id=2124, stack(0x000000ddf4a00000,0x000000ddf4b00000)]
  0x00000273a16c6c40 JavaThread "Unconstrained build operations Thread 5" [_thread_blocked, id=21012, stack(0x000000ddf4b00000,0x000000ddf4c00000)]
  0x00000273a16c4f60 JavaThread "Unconstrained build operations Thread 6" [_thread_blocked, id=21324, stack(0x000000ddf4c00000,0x000000ddf4d00000)]
  0x00000273a16c62a0 JavaThread "Unconstrained build operations Thread 7" [_thread_blocked, id=5044, stack(0x000000ddf4d00000,0x000000ddf4e00000)]
  0x00000273a16c5dd0 JavaThread "Unconstrained build operations Thread 8" [_thread_blocked, id=10432, stack(0x000000ddf4e00000,0x000000ddf4f00000)]
  0x00000273a16c5430 JavaThread "Unconstrained build operations Thread 9" [_thread_blocked, id=12336, stack(0x000000ddf4f00000,0x000000ddf5000000)]
  0x00000273a16c7110 JavaThread "Unconstrained build operations Thread 10" [_thread_blocked, id=10132, stack(0x000000ddf5000000,0x000000ddf5100000)]
  0x00000273a16c5900 JavaThread "Unconstrained build operations Thread 11" [_thread_blocked, id=16868, stack(0x000000ddf5100000,0x000000ddf5200000)]
  0x00000273a16c7ab0 JavaThread "Unconstrained build operations Thread 12" [_thread_blocked, id=15052, stack(0x000000ddf5200000,0x000000ddf5300000)]
  0x00000273a16cafa0 JavaThread "Unconstrained build operations Thread 13" [_thread_blocked, id=16240, stack(0x000000ddf5300000,0x000000ddf5400000)]
  0x00000273a16c7f80 JavaThread "Unconstrained build operations Thread 14" [_thread_blocked, id=9184, stack(0x000000ddf5400000,0x000000ddf5500000)]
  0x00000273a16c9c60 JavaThread "Unconstrained build operations Thread 15" [_thread_blocked, id=11072, stack(0x000000ddf5500000,0x000000ddf5600000)]
  0x00000273a16c8450 JavaThread "Unconstrained build operations Thread 16" [_thread_blocked, id=22336, stack(0x000000ddf5600000,0x000000ddf5700000)]
  0x00000273a16c8920 JavaThread "Unconstrained build operations Thread 17" [_thread_blocked, id=8764, stack(0x000000ddf5700000,0x000000ddf5800000)]
  0x00000273a16ca130 JavaThread "Unconstrained build operations Thread 18" [_thread_blocked, id=19956, stack(0x000000ddf5800000,0x000000ddf5900000)]
  0x00000273a16cb940 JavaThread "Unconstrained build operations Thread 19" [_thread_blocked, id=10284, stack(0x000000ddf5900000,0x000000ddf5a00000)]
  0x00000273a16c6770 JavaThread "Unconstrained build operations Thread 20" [_thread_blocked, id=11132, stack(0x000000ddf5a00000,0x000000ddf5b00000)]
  0x00000273a16c75e0 JavaThread "Unconstrained build operations Thread 21" [_thread_blocked, id=9064, stack(0x000000ddf5b00000,0x000000ddf5c00000)]
  0x00000273a16c8df0 JavaThread "Unconstrained build operations Thread 22" [_thread_blocked, id=22444, stack(0x000000ddf5c00000,0x000000ddf5d00000)]
  0x00000273a16c92c0 JavaThread "Unconstrained build operations Thread 23" [_thread_blocked, id=11312, stack(0x000000ddf5d00000,0x000000ddf5e00000)]
  0x00000273a16c9790 JavaThread "Unconstrained build operations Thread 24" [_thread_blocked, id=11624, stack(0x000000ddf5e00000,0x000000ddf5f00000)]
  0x00000273a16ca600 JavaThread "Unconstrained build operations Thread 25" [_thread_blocked, id=4012, stack(0x000000ddf5f00000,0x000000ddf6000000)]
  0x00000273a16caad0 JavaThread "Unconstrained build operations Thread 26" [_thread_blocked, id=16436, stack(0x000000ddf6000000,0x000000ddf6100000)]
  0x00000273a16c40f0 JavaThread "Unconstrained build operations Thread 27" [_thread_blocked, id=20168, stack(0x000000ddf6100000,0x000000ddf6200000)]
  0x00000273a16c4a90 JavaThread "Unconstrained build operations Thread 28" [_thread_blocked, id=8980, stack(0x000000ddf6200000,0x000000ddf6300000)]
  0x00000273a16cb470 JavaThread "Unconstrained build operations Thread 29" [_thread_blocked, id=1128, stack(0x000000ddf6300000,0x000000ddf6400000)]
  0x00000273a0f57d60 JavaThread "Unconstrained build operations Thread 30" [_thread_blocked, id=8004, stack(0x000000ddf6400000,0x000000ddf6500000)]
  0x00000273a0f54870 JavaThread "Unconstrained build operations Thread 31" [_thread_blocked, id=6600, stack(0x000000ddf6500000,0x000000ddf6600000)]
  0x00000273a0f58bd0 JavaThread "Unconstrained build operations Thread 32" [_thread_blocked, id=11716, stack(0x000000ddf6600000,0x000000ddf6700000)]
  0x00000273a0f53530 JavaThread "Unconstrained build operations Thread 33" [_thread_blocked, id=10716, stack(0x000000ddf6700000,0x000000ddf6800000)]
  0x00000273a0f53a00 JavaThread "Unconstrained build operations Thread 34" [_thread_blocked, id=4576, stack(0x000000ddf6800000,0x000000ddf6900000)]
  0x00000273a0f590a0 JavaThread "jar transforms Thread 6" [_thread_blocked, id=5872, stack(0x000000ddf6a00000,0x000000ddf6b00000)]
  0x00000273a0f573c0 JavaThread "jar transforms Thread 7" [_thread_blocked, id=5944, stack(0x000000ddf6b00000,0x000000ddf6c00000)]
  0x00000273a0f58700 JavaThread "jar transforms Thread 8" [_thread_blocked, id=15600, stack(0x000000ddf6c00000,0x000000ddf6d00000)]
  0x00000273a0f5a8b0 JavaThread "Memory manager" [_thread_blocked, id=20856, stack(0x000000ddf6e00000,0x000000ddf6f00000)]
  0x00000273a0f5a3e0 JavaThread "ForkJoinPool.commonPool-worker-1" daemon [_thread_blocked, id=4532, stack(0x000000ddf6f00000,0x000000ddf7000000)]
  0x00000273a0f56550 JavaThread "ForkJoinPool.commonPool-worker-2" daemon [_thread_blocked, id=20824, stack(0x000000ddf7000000,0x000000ddf7100000)]
  0x00000273a0f56a20 JavaThread "ForkJoinPool.commonPool-worker-3" daemon [_thread_blocked, id=3908, stack(0x000000ddf7100000,0x000000ddf7200000)]
  0x00000273a0f53ed0 JavaThread "ForkJoinPool.commonPool-worker-4" daemon [_thread_blocked, id=544, stack(0x000000ddf7200000,0x000000ddf7300000)]
  0x00000273a0f57890 JavaThread "ForkJoinPool.commonPool-worker-5" daemon [_thread_blocked, id=7416, stack(0x000000ddf7300000,0x000000ddf7400000)]
  0x00000273a0f56ef0 JavaThread "ForkJoinPool.commonPool-worker-6" daemon [_thread_blocked, id=14072, stack(0x000000ddf7400000,0x000000ddf7500000)]
  0x00000273a0f59570 JavaThread "ForkJoinPool.commonPool-worker-7" daemon [_thread_blocked, id=11696, stack(0x000000ddf7500000,0x000000ddf7600000)]
  0x00000273a0f58230 JavaThread "Exec process" [_thread_blocked, id=20008, stack(0x000000ddf7600000,0x000000ddf7700000)]
  0x00000273a0f59a40 JavaThread "Exec process Thread 2" [_thread_blocked, id=22452, stack(0x000000ddf7700000,0x000000ddf7800000)]
  0x00000273a0f59f10 JavaThread "Exec process Thread 3" [_thread_blocked, id=10536, stack(0x000000ddf7800000,0x000000ddf7900000)]
  0x00000273a0f54d40 JavaThread "Unconstrained build operations Thread 35" [_thread_blocked, id=17984, stack(0x000000ddf7900000,0x000000ddf7a00000)]
  0x00000273a0d3f7a0 JavaThread "Unconstrained build operations Thread 36" [_thread_blocked, id=1476, stack(0x000000ddf7a00000,0x000000ddf7b00000)]
  0x00000273a0d3ee00 JavaThread "Unconstrained build operations Thread 37" [_thread_blocked, id=4424, stack(0x000000ddf7b00000,0x000000ddf7c00000)]
  0x00000273a0d3e460 JavaThread "Unconstrained build operations Thread 38" [_thread_blocked, id=5936, stack(0x000000ddf7c00000,0x000000ddf7d00000)]
  0x00000273a0d3e930 JavaThread "Unconstrained build operations Thread 39" [_thread_blocked, id=2400, stack(0x000000ddf7d00000,0x000000ddf7e00000)]
  0x00000273a0d3fc70 JavaThread "Unconstrained build operations Thread 40" [_thread_blocked, id=14068, stack(0x000000ddf7e00000,0x000000ddf7f00000)]
  0x00000273a0d3f2d0 JavaThread "Unconstrained build operations Thread 41" [_thread_blocked, id=21560, stack(0x000000ddf7f00000,0x000000ddf8000000)]
  0x00000273a0d3c2b0 JavaThread "Unconstrained build operations Thread 42" [_thread_blocked, id=10692, stack(0x000000ddf8000000,0x000000ddf8100000)]
  0x00000273a0d3d5f0 JavaThread "Unconstrained build operations Thread 43" [_thread_blocked, id=18392, stack(0x000000ddf6900000,0x000000ddf6a00000)]
  0x00000273a0d3d120 JavaThread "Unconstrained build operations Thread 44" [_thread_blocked, id=8888, stack(0x000000ddf6d00000,0x000000ddf6e00000)]
  0x00000273a0d3df90 JavaThread "Unconstrained build operations Thread 45" [_thread_blocked, id=21128, stack(0x000000ddf8100000,0x000000ddf8200000)]
  0x00000273a0d3dac0 JavaThread "Unconstrained build operations Thread 46" [_thread_blocked, id=10764, stack(0x000000ddf8200000,0x000000ddf8300000)]
  0x00000273a0c02790 JavaThread "Unconstrained build operations Thread 47" [_thread_blocked, id=17104, stack(0x000000ddf8300000,0x000000ddf8400000)]
  0x00000273a0c057b0 JavaThread "Unconstrained build operations Thread 48" [_thread_blocked, id=6744, stack(0x000000ddf8400000,0x000000ddf8500000)]
  0x00000273a0c05c80 JavaThread "Unconstrained build operations Thread 49" [_thread_blocked, id=11116, stack(0x000000ddf8500000,0x000000ddf8600000)]
  0x00000273a0c01df0 JavaThread "Unconstrained build operations Thread 50" [_thread_blocked, id=22272, stack(0x000000ddf8600000,0x000000ddf8700000)]
  0x00000273a0c08300 JavaThread "Unconstrained build operations Thread 51" [_thread_blocked, id=9736, stack(0x000000ddf8700000,0x000000ddf8800000)]
  0x00000273a0c01920 JavaThread "Unconstrained build operations Thread 52" [_thread_blocked, id=2396, stack(0x000000ddf8800000,0x000000ddf8900000)]
  0x00000273a0c06af0 JavaThread "Unconstrained build operations Thread 53" [_thread_blocked, id=11796, stack(0x000000ddf8900000,0x000000ddf8a00000)]
  0x00000273a0c022c0 JavaThread "Unconstrained build operations Thread 54" [_thread_blocked, id=10148, stack(0x000000ddf8a00000,0x000000ddf8b00000)]
  0x00000273a0c03ad0 JavaThread "Unconstrained build operations Thread 55" [_thread_blocked, id=15136, stack(0x000000ddf8b00000,0x000000ddf8c00000)]
  0x00000273a0c03130 JavaThread "Unconstrained build operations Thread 56" [_thread_blocked, id=5412, stack(0x000000ddf8c00000,0x000000ddf8d00000)]
  0x00000273a0c03600 JavaThread "Unconstrained build operations Thread 57" [_thread_blocked, id=12080, stack(0x000000ddf8d00000,0x000000ddf8e00000)]
  0x00000273a0c04940 JavaThread "Unconstrained build operations Thread 58" [_thread_blocked, id=5408, stack(0x000000ddf8e00000,0x000000ddf8f00000)]
  0x00000273a0c03fa0 JavaThread "Unconstrained build operations Thread 59" [_thread_blocked, id=17580, stack(0x000000ddf8f00000,0x000000ddf9000000)]
  0x00000273a0c07e30 JavaThread "Unconstrained build operations Thread 60" [_thread_blocked, id=18612, stack(0x000000ddf9000000,0x000000ddf9100000)]
  0x00000273a0c04470 JavaThread "Unconstrained build operations Thread 61" [_thread_blocked, id=5320, stack(0x000000ddf9100000,0x000000ddf9200000)]
  0x00000273a0c04e10 JavaThread "Unconstrained build operations Thread 62" [_thread_blocked, id=1896, stack(0x000000ddf9200000,0x000000ddf9300000)]
  0x00000273a0c087d0 JavaThread "Unconstrained build operations Thread 63" [_thread_blocked, id=21536, stack(0x000000ddf9300000,0x000000ddf9400000)]
  0x00000273a0c052e0 JavaThread "Unconstrained build operations Thread 64" [_thread_blocked, id=11112, stack(0x000000ddf9400000,0x000000ddf9500000)]
  0x00000273a0c06150 JavaThread "Unconstrained build operations Thread 65" [_thread_blocked, id=21976, stack(0x000000ddf9500000,0x000000ddf9600000)]
  0x00000273a0c06620 JavaThread "Unconstrained build operations Thread 66" [_thread_blocked, id=11748, stack(0x000000ddf9600000,0x000000ddf9700000)]
  0x00000273a0c06fc0 JavaThread "Unconstrained build operations Thread 67" [_thread_blocked, id=9872, stack(0x000000ddf9700000,0x000000ddf9800000)]
  0x00000273a0c07490 JavaThread "Unconstrained build operations Thread 68" [_thread_blocked, id=10112, stack(0x000000ddf9800000,0x000000ddf9900000)]
  0x00000273a0c07960 JavaThread "Unconstrained build operations Thread 69" [_thread_blocked, id=8076, stack(0x000000ddf9900000,0x000000ddf9a00000)]
  0x00000273a0c08ca0 JavaThread "Unconstrained build operations Thread 70" [_thread_blocked, id=13996, stack(0x000000ddf9a00000,0x000000ddf9b00000)]
  0x00000273a0c09170 JavaThread "Unconstrained build operations Thread 71" [_thread_blocked, id=8452, stack(0x000000ddf9b00000,0x000000ddf9c00000)]
  0x00000273a0a43d30 JavaThread "Unconstrained build operations Thread 72" [_thread_blocked, id=9316, stack(0x000000ddf9c00000,0x000000ddf9d00000)]
  0x00000273a0a46880 JavaThread "Unconstrained build operations Thread 73" [_thread_blocked, id=22036, stack(0x000000ddf9d00000,0x000000ddf9e00000)]
  0x00000273a0a42520 JavaThread "Unconstrained build operations Thread 74" [_thread_blocked, id=20864, stack(0x000000ddf9e00000,0x000000ddf9f00000)]
  0x00000273a0a45070 JavaThread "Unconstrained build operations Thread 75" [_thread_blocked, id=3088, stack(0x000000ddf9f00000,0x000000ddfa000000)]
  0x00000273a0a46d50 JavaThread "Unconstrained build operations Thread 76" [_thread_blocked, id=460, stack(0x000000ddfa000000,0x000000ddfa100000)]
  0x00000273a0a48090 JavaThread "Unconstrained build operations Thread 77" [_thread_blocked, id=16604, stack(0x000000ddfa100000,0x000000ddfa200000)]
  0x00000273a0a44ba0 JavaThread "Unconstrained build operations Thread 78" [_thread_blocked, id=7268, stack(0x000000ddfa200000,0x000000ddfa300000)]
  0x00000273a0a43860 JavaThread "Unconstrained build operations Thread 79" [_thread_blocked, id=1156, stack(0x000000ddfa300000,0x000000ddfa400000)]
  0x00000273a0a446d0 JavaThread "Unconstrained build operations Thread 80" [_thread_blocked, id=21796, stack(0x000000ddfa400000,0x000000ddfa500000)]

Other Threads:
=>0x00000273ff3708a0 VMThread "VM Thread" [stack: 0x000000ddf1300000,0x000000ddf1400000] [id=15580]
  0x00000273fa499ce0 WatcherThread [stack: 0x000000ddf1f00000,0x000000ddf2000000] [id=14356]
  0x00000273fa485090 GCTaskThread "GC Thread#0" [stack: 0x000000ddf0e00000,0x000000ddf0f00000] [id=9688]
  0x000002739c976af0 GCTaskThread "GC Thread#1" [stack: 0x000000ddf2200000,0x000000ddf2300000] [id=8740]
  0x000002739bc6e740 GCTaskThread "GC Thread#2" [stack: 0x000000ddf2300000,0x000000ddf2400000] [id=19680]
  0x000002739bf8d2a0 GCTaskThread "GC Thread#3" [stack: 0x000000ddf2400000,0x000000ddf2500000] [id=7916]
  0x000002739bf8d550 GCTaskThread "GC Thread#4" [stack: 0x000000ddf2500000,0x000000ddf2600000] [id=12112]
  0x000002739e0c97e0 GCTaskThread "GC Thread#5" [stack: 0x000000ddf3900000,0x000000ddf3a00000] [id=13020]
  0x00000273a1317040 GCTaskThread "GC Thread#6" [stack: 0x000000ddf3a00000,0x000000ddf3b00000] [id=11656]
  0x00000273a1316350 GCTaskThread "GC Thread#7" [stack: 0x000000ddf3b00000,0x000000ddf3c00000] [id=9904]
  0x00000273fa491ee0 ConcurrentGCThread "G1 Main Marker" [stack: 0x000000ddf0f00000,0x000000ddf1000000] [id=7648]
  0x00000273fa493fb0 ConcurrentGCThread "G1 Conc#0" [stack: 0x000000ddf1000000,0x000000ddf1100000] [id=18716]
  0x00000273a1316600 ConcurrentGCThread "G1 Conc#1" [stack: 0x000000ddf3c00000,0x000000ddf3d00000] [id=18896]
  0x00000273ff2330d0 ConcurrentGCThread "G1 Refine#0" [stack: 0x000000ddf1100000,0x000000ddf1200000] [id=10436]
  0x00000273a1767e20 ConcurrentGCThread "G1 Refine#1" [stack: 0x000000ddf4000000,0x000000ddf4100000] [id=4240]
  0x000002739defaeb0 ConcurrentGCThread "G1 Refine#2" [stack: 0x000000ddf4100000,0x000000ddf4200000] [id=14376]
  0x000002739c5b7ee0 ConcurrentGCThread "G1 Refine#3" [stack: 0x000000ddfa700000,0x000000ddfa800000] [id=8092]
  0x000002739c5b9020 ConcurrentGCThread "G1 Refine#4" [stack: 0x000000ddfa800000,0x000000ddfa900000] [id=19452]
  0x000002739c5b81c0 ConcurrentGCThread "G1 Refine#5" [stack: 0x000000ddfa900000,0x000000ddfaa00000] [id=12036]
  0x000002739c5b9300 ConcurrentGCThread "G1 Refine#6" [stack: 0x000000ddfaa00000,0x000000ddfab00000] [id=17696]
  0x000002739e883270 ConcurrentGCThread "G1 Refine#7" [stack: 0x000000ddf2000000,0x000000ddf2100000] [id=13984]
  0x00000273ff233a00 ConcurrentGCThread "G1 Service" [stack: 0x000000ddf1200000,0x000000ddf1300000] [id=22124]

Threads with active compile tasks:
C2 CompilerThread0    19265 7718       4       net.minecraftforge.srgutils.InternalUtils::loadTSrg2 (661 bytes)

VM state: at safepoint (normal execution)

VM Mutex/Monitor currently owned by a thread:  ([mutex/lock_event])
[0x00000273fa43c480] Threads_lock - owner thread: 0x00000273ff3708a0
[0x00000273fa43e130] Heap_lock - owner thread: 0x000002739cc8d580

Heap address: 0x0000000740000000, size: 3072 MB, Compressed Oops mode: Zero based, Oop shift amount: 3

CDS archive(s) mapped at: [0x0000000800000000-0x0000000800bc0000-0x0000000800bc0000), size 12320768, SharedBaseAddress: 0x0000000800000000, ArchiveRelocationMode: 0.
Compressed class space mapped at: 0x0000000800c00000-0x0000000840c00000, reserved size: 1073741824
Narrow klass base: 0x0000000800000000, Narrow klass shift: 0, Narrow klass range: 0x100000000

GC Precious Log:
 CPUs: 8 total, 8 available
 Memory: 14244M
 Large Page Support: Disabled
 NUMA Support: Disabled
 Compressed Oops: Enabled (Zero based)
 Heap Region Size: 2M
 Heap Min Capacity: 8M
 Heap Initial Capacity: 224M
 Heap Max Capacity: 3G
 Pre-touch: Disabled
 Parallel Workers: 8
 Concurrent Workers: 2
 Concurrent Refinement Workers: 8
 Periodic GC: Disabled

Heap:
 garbage-first heap   total 315392K, used 191225K [0x0000000740000000, 0x0000000800000000)
  region size 2048K, 4 young (8192K), 4 survivors (8192K)
 Metaspace       used 57580K, committed 58176K, reserved 1105920K
  class space    used 7824K, committed 8128K, reserved 1048576K

Heap Regions: E=young(eden), S=young(survivor), O=old, HS=humongous(starts), HC=humongous(continues), CS=collection set, F=free, OA=open archive, CA=closed archive, TAMS=top-at-mark-start (previous, next)
|   0|0x0000000740000000, 0x0000000740200000, 0x0000000740200000|100%| O|  |TAMS 0x0000000740200000, 0x0000000740200000| Untracked 
|   1|0x0000000740200000, 0x0000000740400000, 0x0000000740400000|100%| O|  |TAMS 0x0000000740400000, 0x0000000740400000| Untracked 
|   2|0x0000000740400000, 0x0000000740600000, 0x0000000740600000|100%|HS|  |TAMS 0x0000000740600000, 0x0000000740600000| Complete 
|   3|0x0000000740600000, 0x0000000740800000, 0x0000000740800000|100%|HC|  |TAMS 0x0000000740800000, 0x0000000740800000| Complete 
|   4|0x0000000740800000, 0x0000000740a00000, 0x0000000740a00000|100%| O|  |TAMS 0x0000000740a00000, 0x0000000740a00000| Untracked 
|   5|0x0000000740a00000, 0x0000000740c00000, 0x0000000740c00000|100%| O|  |TAMS 0x0000000740c00000, 0x0000000740c00000| Untracked 
|   6|0x0000000740c00000, 0x0000000740e00000, 0x0000000740e00000|100%| O|  |TAMS 0x0000000740e00000, 0x0000000740e00000| Untracked 
|   7|0x0000000740e00000, 0x0000000741000000, 0x0000000741000000|100%| O|  |TAMS 0x0000000741000000, 0x0000000741000000| Untracked 
|   8|0x0000000741000000, 0x0000000741200000, 0x0000000741200000|100%| O|  |TAMS 0x0000000741200000, 0x0000000741200000| Untracked 
|   9|0x0000000741200000, 0x0000000741400000, 0x0000000741400000|100%| O|  |TAMS 0x0000000741400000, 0x0000000741400000| Untracked 
|  10|0x0000000741400000, 0x0000000741600000, 0x0000000741600000|100%| O|  |TAMS 0x0000000741600000, 0x0000000741600000| Untracked 
|  11|0x0000000741600000, 0x0000000741800000, 0x0000000741800000|100%| O|  |TAMS 0x0000000741800000, 0x0000000741800000| Untracked 
|  12|0x0000000741800000, 0x0000000741a00000, 0x0000000741a00000|100%| O|  |TAMS 0x0000000741a00000, 0x0000000741a00000| Untracked 
|  13|0x0000000741a00000, 0x0000000741c00000, 0x0000000741c00000|100%| O|  |TAMS 0x0000000741c00000, 0x0000000741c00000| Untracked 
|  14|0x0000000741c00000, 0x0000000741e00000, 0x0000000741e00000|100%| O|  |TAMS 0x0000000741e00000, 0x0000000741e00000| Untracked 
|  15|0x0000000741e00000, 0x0000000742000000, 0x0000000742000000|100%|HS|  |TAMS 0x0000000742000000, 0x0000000742000000| Complete 
|  16|0x0000000742000000, 0x0000000742200000, 0x0000000742200000|100%| O|  |TAMS 0x0000000742200000, 0x0000000742200000| Untracked 
|  17|0x0000000742200000, 0x0000000742400000, 0x0000000742400000|100%| O|  |TAMS 0x0000000742400000, 0x0000000742400000| Untracked 
|  18|0x0000000742400000, 0x0000000742600000, 0x0000000742600000|100%| O|  |TAMS 0x0000000742600000, 0x0000000742600000| Untracked 
|  19|0x0000000742600000, 0x0000000742800000, 0x0000000742800000|100%| O|  |TAMS 0x0000000742800000, 0x0000000742800000| Untracked 
|  20|0x0000000742800000, 0x0000000742a00000, 0x0000000742a00000|100%| O|  |TAMS 0x0000000742a00000, 0x0000000742a00000| Untracked 
|  21|0x0000000742a00000, 0x0000000742c00000, 0x0000000742c00000|100%| O|  |TAMS 0x0000000742c00000, 0x0000000742c00000| Untracked 
|  22|0x0000000742c00000, 0x0000000742e00000, 0x0000000742e00000|100%| O|  |TAMS 0x0000000742e00000, 0x0000000742e00000| Untracked 
|  23|0x0000000742e00000, 0x0000000743000000, 0x0000000743000000|100%| O|  |TAMS 0x0000000743000000, 0x0000000743000000| Untracked 
|  24|0x0000000743000000, 0x0000000743200000, 0x0000000743200000|100%| O|  |TAMS 0x0000000743200000, 0x0000000743200000| Untracked 
|  25|0x0000000743200000, 0x0000000743400000, 0x0000000743400000|100%| O|  |TAMS 0x0000000743200000, 0x0000000743400000| Untracked 
|  26|0x0000000743400000, 0x0000000743600000, 0x0000000743600000|100%| O|  |TAMS 0x0000000743600000, 0x0000000743600000| Untracked 
|  27|0x0000000743600000, 0x0000000743800000, 0x0000000743800000|100%| O|  |TAMS 0x0000000743600000, 0x0000000743800000| Untracked 
|  28|0x0000000743800000, 0x0000000743a00000, 0x0000000743a00000|100%| O|  |TAMS 0x0000000743800000, 0x0000000743a00000| Untracked 
|  29|0x0000000743a00000, 0x0000000743c00000, 0x0000000743c00000|100%| O|  |TAMS 0x0000000743a00000, 0x0000000743c00000| Untracked 
|  30|0x0000000743c00000, 0x0000000743e00000, 0x0000000743e00000|100%| O|  |TAMS 0x0000000743c00000, 0x0000000743e00000| Untracked 
|  31|0x0000000743e00000, 0x0000000744000000, 0x0000000744000000|100%| O|  |TAMS 0x0000000744000000, 0x0000000744000000| Untracked 
|  32|0x0000000744000000, 0x0000000744200000, 0x0000000744200000|100%| O|  |TAMS 0x0000000744200000, 0x0000000744200000| Untracked 
|  33|0x0000000744200000, 0x0000000744400000, 0x0000000744400000|100%| O|  |TAMS 0x0000000744200000, 0x0000000744400000| Untracked 
|  34|0x0000000744400000, 0x0000000744600000, 0x0000000744600000|100%| O|  |TAMS 0x0000000744400000, 0x0000000744600000| Untracked 
|  35|0x0000000744600000, 0x0000000744800000, 0x0000000744800000|100%| O|  |TAMS 0x0000000744600000, 0x0000000744800000| Untracked 
|  36|0x0000000744800000, 0x0000000744a00000, 0x0000000744a00000|100%| O|  |TAMS 0x0000000744800000, 0x0000000744a00000| Untracked 
|  37|0x0000000744a00000, 0x0000000744c00000, 0x0000000744c00000|100%| O|  |TAMS 0x0000000744a00000, 0x0000000744c00000| Untracked 
|  38|0x0000000744c00000, 0x0000000744e00000, 0x0000000744e00000|100%| O|  |TAMS 0x0000000744c00000, 0x0000000744e00000| Untracked 
|  39|0x0000000744e00000, 0x0000000745000000, 0x0000000745000000|100%| O|  |TAMS 0x0000000744e00000, 0x0000000745000000| Untracked 
|  40|0x0000000745000000, 0x0000000745200000, 0x0000000745200000|100%| O|  |TAMS 0x0000000745000000, 0x0000000745200000| Untracked 
|  41|0x0000000745200000, 0x0000000745400000, 0x0000000745400000|100%| O|  |TAMS 0x0000000745200000, 0x0000000745400000| Untracked 
|  42|0x0000000745400000, 0x0000000745600000, 0x0000000745600000|100%|HS|  |TAMS 0x0000000745400000, 0x0000000745600000| Complete 
|  43|0x0000000745600000, 0x0000000745800000, 0x0000000745800000|100%|HC|  |TAMS 0x0000000745600000, 0x0000000745800000| Complete 
|  44|0x0000000745800000, 0x0000000745a00000, 0x0000000745a00000|100%|HC|  |TAMS 0x0000000745800000, 0x0000000745a00000| Complete 
|  45|0x0000000745a00000, 0x0000000745c00000, 0x0000000745c00000|100%| O|  |TAMS 0x0000000745c00000, 0x0000000745c00000| Untracked 
|  46|0x0000000745c00000, 0x0000000745e00000, 0x0000000745e00000|100%| O|  |TAMS 0x0000000745c00000, 0x0000000745e00000| Untracked 
|  47|0x0000000745e00000, 0x0000000746000000, 0x0000000746000000|100%| O|  |TAMS 0x0000000745e00000, 0x0000000746000000| Untracked 
|  48|0x0000000746000000, 0x0000000746200000, 0x0000000746200000|100%| O|  |TAMS 0x0000000746000000, 0x0000000746200000| Untracked 
|  49|0x0000000746200000, 0x0000000746400000, 0x0000000746400000|100%| O|  |TAMS 0x0000000746200000, 0x0000000746400000| Untracked 
|  50|0x0000000746400000, 0x0000000746600000, 0x0000000746600000|100%| O|  |TAMS 0x0000000746400000, 0x0000000746600000| Untracked 
|  51|0x0000000746600000, 0x0000000746800000, 0x0000000746800000|100%| O|  |TAMS 0x0000000746600000, 0x0000000746800000| Untracked 
|  52|0x0000000746800000, 0x0000000746a00000, 0x0000000746a00000|100%| O|  |TAMS 0x0000000746800000, 0x0000000746a00000| Untracked 
|  53|0x0000000746a00000, 0x0000000746c00000, 0x0000000746c00000|100%| O|  |TAMS 0x0000000746a00000, 0x0000000746c00000| Untracked 
|  54|0x0000000746c00000, 0x0000000746e00000, 0x0000000746e00000|100%| O|  |TAMS 0x0000000746c00000, 0x0000000746e00000| Untracked 
|  55|0x0000000746e00000, 0x0000000747000000, 0x0000000747000000|100%| O|  |TAMS 0x0000000746e00000, 0x0000000747000000| Untracked 
|  56|0x0000000747000000, 0x0000000747200000, 0x0000000747200000|100%| O|  |TAMS 0x0000000747000000, 0x0000000747200000| Untracked 
|  57|0x0000000747200000, 0x0000000747400000, 0x0000000747400000|100%| O|  |TAMS 0x0000000747200000, 0x0000000747400000| Untracked 
|  58|0x0000000747400000, 0x0000000747600000, 0x0000000747600000|100%| O|  |TAMS 0x0000000747400000, 0x0000000747600000| Untracked 
|  59|0x0000000747600000, 0x0000000747800000, 0x0000000747800000|100%| O|  |TAMS 0x0000000747600000, 0x0000000747800000| Untracked 
|  60|0x0000000747800000, 0x0000000747a00000, 0x0000000747a00000|100%| O|  |TAMS 0x0000000747800000, 0x0000000747a00000| Untracked 
|  61|0x0000000747a00000, 0x0000000747c00000, 0x0000000747c00000|100%| O|  |TAMS 0x0000000747a00000, 0x0000000747c00000| Untracked 
|  62|0x0000000747c00000, 0x0000000747e00000, 0x0000000747e00000|100%| O|  |TAMS 0x0000000747c00000, 0x0000000747e00000| Untracked 
|  63|0x0000000747e00000, 0x0000000748000000, 0x0000000748000000|100%| O|  |TAMS 0x0000000747e00000, 0x0000000748000000| Untracked 
|  64|0x0000000748000000, 0x0000000748200000, 0x0000000748200000|100%| O|  |TAMS 0x0000000748000000, 0x0000000748200000| Untracked 
|  65|0x0000000748200000, 0x0000000748400000, 0x0000000748400000|100%| O|  |TAMS 0x0000000748200000, 0x0000000748400000| Untracked 
|  66|0x0000000748400000, 0x0000000748600000, 0x0000000748600000|100%| O|  |TAMS 0x0000000748400000, 0x0000000748600000| Untracked 
|  67|0x0000000748600000, 0x0000000748800000, 0x0000000748800000|100%| O|  |TAMS 0x0000000748600000, 0x0000000748800000| Untracked 
|  68|0x0000000748800000, 0x0000000748a00000, 0x0000000748a00000|100%| O|  |TAMS 0x0000000748800000, 0x0000000748a00000| Untracked 
|  69|0x0000000748a00000, 0x0000000748c00000, 0x0000000748c00000|100%| O|  |TAMS 0x0000000748a00000, 0x0000000748bfe800| Untracked 
|  70|0x0000000748c00000, 0x0000000748e00000, 0x0000000748e00000|100%| O|  |TAMS 0x0000000748c00000, 0x0000000748c00000| Untracked 
|  71|0x0000000748e00000, 0x0000000749000000, 0x0000000749000000|100%| O|  |TAMS 0x0000000748e00000, 0x0000000748e00000| Untracked 
|  72|0x0000000749000000, 0x0000000749200000, 0x0000000749200000|100%| O|  |TAMS 0x0000000749000000, 0x0000000749000000| Untracked 
|  73|0x0000000749200000, 0x0000000749400000, 0x0000000749400000|100%| O|  |TAMS 0x0000000749200000, 0x0000000749200000| Untracked 
|  74|0x0000000749400000, 0x0000000749600000, 0x0000000749600000|100%| O|  |TAMS 0x0000000749400000, 0x0000000749400000| Untracked 
|  75|0x0000000749600000, 0x0000000749800000, 0x0000000749800000|100%| O|  |TAMS 0x0000000749800000, 0x0000000749800000| Untracked 
|  76|0x0000000749800000, 0x0000000749a00000, 0x0000000749a00000|100%| O|  |TAMS 0x0000000749a00000, 0x0000000749a00000| Untracked 
|  77|0x0000000749a00000, 0x0000000749c00000, 0x0000000749c00000|100%| O|  |TAMS 0x0000000749c00000, 0x0000000749c00000| Untracked 
|  78|0x0000000749c00000, 0x0000000749e00000, 0x0000000749e00000|100%| O|  |TAMS 0x0000000749c00000, 0x0000000749c00000| Untracked 
|  79|0x0000000749e00000, 0x000000074a000000, 0x000000074a000000|100%| O|  |TAMS 0x0000000749e00000, 0x0000000749e00000| Untracked 
|  80|0x000000074a000000, 0x000000074a200000, 0x000000074a200000|100%| O|  |TAMS 0x000000074a000000, 0x000000074a000000| Untracked 
|  81|0x000000074a200000, 0x000000074a400000, 0x000000074a400000|100%| O|  |TAMS 0x000000074a200000, 0x000000074a200000| Untracked 
|  82|0x000000074a400000, 0x000000074a600000, 0x000000074a600000|100%| O|  |TAMS 0x000000074a400000, 0x000000074a400000| Untracked 
|  83|0x000000074a600000, 0x000000074a800000, 0x000000074a800000|100%| O|  |TAMS 0x000000074a600000, 0x000000074a600000| Untracked 
|  84|0x000000074a800000, 0x000000074aa00000, 0x000000074aa00000|100%| O|  |TAMS 0x000000074a800000, 0x000000074a800000| Untracked 
|  85|0x000000074aa00000, 0x000000074ac00000, 0x000000074ac00000|100%| O|  |TAMS 0x000000074aa00000, 0x000000074aa00000| Untracked 
|  86|0x000000074ac00000, 0x000000074ae00000, 0x000000074ae00000|100%| O|  |TAMS 0x000000074ac00000, 0x000000074ac00000| Untracked 
|  87|0x000000074ae00000, 0x000000074b000000, 0x000000074b000000|100%| O|  |TAMS 0x000000074ae00000, 0x000000074ae00000| Untracked 
|  88|0x000000074b000000, 0x000000074b200000, 0x000000074b200000|100%| O|  |TAMS 0x000000074b000000, 0x000000074b000000| Untracked 
|  89|0x000000074b200000, 0x000000074b2be600, 0x000000074b400000| 37%| O|  |TAMS 0x000000074b200000, 0x000000074b200000| Untracked 
|  90|0x000000074b400000, 0x000000074b400000, 0x000000074b600000|  0%| F|  |TAMS 0x000000074b400000, 0x000000074b400000| Untracked 
|  91|0x000000074b600000, 0x000000074b600000, 0x000000074b800000|  0%| F|  |TAMS 0x000000074b600000, 0x000000074b600000| Untracked 
|  92|0x000000074b800000, 0x000000074b800000, 0x000000074ba00000|  0%| F|  |TAMS 0x000000074b800000, 0x000000074b800000| Untracked 
|  93|0x000000074ba00000, 0x000000074ba00000, 0x000000074bc00000|  0%| F|  |TAMS 0x000000074ba00000, 0x000000074ba00000| Untracked 
|  94|0x000000074bc00000, 0x000000074bc00000, 0x000000074be00000|  0%| F|  |TAMS 0x000000074bc00000, 0x000000074bc00000| Untracked 
|  95|0x000000074be00000, 0x000000074be00000, 0x000000074c000000|  0%| F|  |TAMS 0x000000074be00000, 0x000000074be00000| Untracked 
|  96|0x000000074c000000, 0x000000074c000000, 0x000000074c200000|  0%| F|  |TAMS 0x000000074c000000, 0x000000074c000000| Untracked 
|  97|0x000000074c200000, 0x000000074c200000, 0x000000074c400000|  0%| F|  |TAMS 0x000000074c200000, 0x000000074c200000| Untracked 
|  98|0x000000074c400000, 0x000000074c400000, 0x000000074c600000|  0%| F|  |TAMS 0x000000074c400000, 0x000000074c400000| Untracked 
|  99|0x000000074c600000, 0x000000074c600000, 0x000000074c800000|  0%| F|  |TAMS 0x000000074c600000, 0x000000074c600000| Untracked 
| 100|0x000000074c800000, 0x000000074c800000, 0x000000074ca00000|  0%| F|  |TAMS 0x000000074c800000, 0x000000074c800000| Untracked 
| 101|0x000000074ca00000, 0x000000074ca00000, 0x000000074cc00000|  0%| F|  |TAMS 0x000000074ca00000, 0x000000074ca00000| Untracked 
| 102|0x000000074cc00000, 0x000000074cc00000, 0x000000074ce00000|  0%| F|  |TAMS 0x000000074cc00000, 0x000000074cc00000| Untracked 
| 103|0x000000074ce00000, 0x000000074ce00000, 0x000000074d000000|  0%| F|  |TAMS 0x000000074ce00000, 0x000000074ce00000| Untracked 
| 104|0x000000074d000000, 0x000000074d000000, 0x000000074d200000|  0%| F|  |TAMS 0x000000074d000000, 0x000000074d000000| Untracked 
| 105|0x000000074d200000, 0x000000074d200000, 0x000000074d400000|  0%| F|  |TAMS 0x000000074d200000, 0x000000074d200000| Untracked 
| 106|0x000000074d400000, 0x000000074d400000, 0x000000074d600000|  0%| F|  |TAMS 0x000000074d400000, 0x000000074d400000| Untracked 
| 107|0x000000074d600000, 0x000000074d600000, 0x000000074d800000|  0%| F|  |TAMS 0x000000074d600000, 0x000000074d600000| Untracked 
| 108|0x000000074d800000, 0x000000074d800000, 0x000000074da00000|  0%| F|  |TAMS 0x000000074d800000, 0x000000074d800000| Untracked 
| 109|0x000000074da00000, 0x000000074da00000, 0x000000074dc00000|  0%| F|  |TAMS 0x000000074da00000, 0x000000074da00000| Untracked 
| 110|0x000000074dc00000, 0x000000074dc00000, 0x000000074de00000|  0%| F|  |TAMS 0x000000074dc00000, 0x000000074dc00000| Untracked 
| 111|0x000000074de00000, 0x000000074de00000, 0x000000074e000000|  0%| F|  |TAMS 0x000000074de00000, 0x000000074de00000| Untracked 
| 112|0x000000074e000000, 0x000000074e000000, 0x000000074e200000|  0%| F|  |TAMS 0x000000074e000000, 0x000000074e000000| Untracked 
| 113|0x000000074e200000, 0x000000074e200000, 0x000000074e400000|  0%| F|  |TAMS 0x000000074e200000, 0x000000074e200000| Untracked 
| 114|0x000000074e400000, 0x000000074e400000, 0x000000074e600000|  0%| F|  |TAMS 0x000000074e400000, 0x000000074e400000| Untracked 
| 115|0x000000074e600000, 0x000000074e600000, 0x000000074e800000|  0%| F|  |TAMS 0x000000074e600000, 0x000000074e600000| Untracked 
| 116|0x000000074e800000, 0x000000074e800000, 0x000000074ea00000|  0%| F|  |TAMS 0x000000074e800000, 0x000000074e800000| Untracked 
| 117|0x000000074ea00000, 0x000000074ea00000, 0x000000074ec00000|  0%| F|  |TAMS 0x000000074ea00000, 0x000000074ea00000| Untracked 
| 118|0x000000074ec00000, 0x000000074ec00000, 0x000000074ee00000|  0%| F|  |TAMS 0x000000074ec00000, 0x000000074ec00000| Untracked 
| 119|0x000000074ee00000, 0x000000074ee00000, 0x000000074f000000|  0%| F|  |TAMS 0x000000074ee00000, 0x000000074ee00000| Untracked 
| 120|0x000000074f000000, 0x000000074f000000, 0x000000074f200000|  0%| F|  |TAMS 0x000000074f000000, 0x000000074f000000| Untracked 
| 121|0x000000074f200000, 0x000000074f200000, 0x000000074f400000|  0%| F|  |TAMS 0x000000074f200000, 0x000000074f200000| Untracked 
| 122|0x000000074f400000, 0x000000074f400000, 0x000000074f600000|  0%| F|  |TAMS 0x000000074f400000, 0x000000074f400000| Untracked 
| 123|0x000000074f600000, 0x000000074f600000, 0x000000074f800000|  0%| F|  |TAMS 0x000000074f600000, 0x000000074f600000| Untracked 
| 124|0x000000074f800000, 0x000000074f800000, 0x000000074fa00000|  0%| F|  |TAMS 0x000000074f800000, 0x000000074f800000| Untracked 
| 125|0x000000074fa00000, 0x000000074fa00000, 0x000000074fc00000|  0%| F|  |TAMS 0x000000074fa00000, 0x000000074fa00000| Untracked 
| 126|0x000000074fc00000, 0x000000074fc00000, 0x000000074fe00000|  0%| F|  |TAMS 0x000000074fc00000, 0x000000074fc00000| Untracked 
| 127|0x000000074fe00000, 0x000000074fe00000, 0x0000000750000000|  0%| F|  |TAMS 0x000000074fe00000, 0x000000074fe00000| Untracked 
| 128|0x0000000750000000, 0x0000000750000000, 0x0000000750200000|  0%| F|  |TAMS 0x0000000750000000, 0x0000000750000000| Untracked 
| 129|0x0000000750200000, 0x0000000750200000, 0x0000000750400000|  0%| F|  |TAMS 0x0000000750200000, 0x0000000750200000| Untracked 
| 130|0x0000000750400000, 0x0000000750400000, 0x0000000750600000|  0%| F|  |TAMS 0x0000000750400000, 0x0000000750400000| Untracked 
| 131|0x0000000750600000, 0x0000000750800000, 0x0000000750800000|100%| S|CS|TAMS 0x0000000750600000, 0x0000000750600000| Complete 
| 132|0x0000000750800000, 0x0000000750a00000, 0x0000000750a00000|100%| S|CS|TAMS 0x0000000750800000, 0x0000000750800000| Complete 
| 133|0x0000000750a00000, 0x0000000750c00000, 0x0000000750c00000|100%| S|CS|TAMS 0x0000000750a00000, 0x0000000750a00000| Complete 
| 134|0x0000000750c00000, 0x0000000750e00000, 0x0000000750e00000|100%| S|CS|TAMS 0x0000000750c00000, 0x0000000750c00000| Complete 
| 135|0x0000000750e00000, 0x0000000750e00000, 0x0000000751000000|  0%| F|  |TAMS 0x0000000750e00000, 0x0000000750e00000| Untracked 
| 136|0x0000000751000000, 0x0000000751000000, 0x0000000751200000|  0%| F|  |TAMS 0x0000000751000000, 0x0000000751000000| Untracked 
| 137|0x0000000751200000, 0x0000000751200000, 0x0000000751400000|  0%| F|  |TAMS 0x0000000751200000, 0x0000000751200000| Untracked 
| 138|0x0000000751400000, 0x0000000751400000, 0x0000000751600000|  0%| F|  |TAMS 0x0000000751400000, 0x0000000751400000| Untracked 
| 139|0x0000000751600000, 0x0000000751600000, 0x0000000751800000|  0%| F|  |TAMS 0x0000000751600000, 0x0000000751600000| Untracked 
| 140|0x0000000751800000, 0x0000000751800000, 0x0000000751a00000|  0%| F|  |TAMS 0x0000000751800000, 0x0000000751800000| Untracked 
| 141|0x0000000751a00000, 0x0000000751a00000, 0x0000000751c00000|  0%| F|  |TAMS 0x0000000751a00000, 0x0000000751a00000| Untracked 
| 142|0x0000000751c00000, 0x0000000751c00000, 0x0000000751e00000|  0%| F|  |TAMS 0x0000000751c00000, 0x0000000751c00000| Untracked 
| 143|0x0000000751e00000, 0x0000000751e00000, 0x0000000752000000|  0%| F|  |TAMS 0x0000000751e00000, 0x0000000751e00000| Untracked 
| 144|0x0000000752000000, 0x0000000752000000, 0x0000000752200000|  0%| F|  |TAMS 0x0000000752000000, 0x0000000752000000| Untracked 
| 145|0x0000000752200000, 0x0000000752200000, 0x0000000752400000|  0%| F|  |TAMS 0x0000000752200000, 0x0000000752200000| Untracked 
| 146|0x0000000752400000, 0x0000000752400000, 0x0000000752600000|  0%| F|  |TAMS 0x0000000752400000, 0x0000000752400000| Untracked 
| 147|0x0000000752600000, 0x0000000752600000, 0x0000000752800000|  0%| F|  |TAMS 0x0000000752600000, 0x0000000752600000| Untracked 
| 148|0x0000000752800000, 0x0000000752800000, 0x0000000752a00000|  0%| F|  |TAMS 0x0000000752800000, 0x0000000752800000| Untracked 
| 149|0x0000000752a00000, 0x0000000752a00000, 0x0000000752c00000|  0%| F|  |TAMS 0x0000000752a00000, 0x0000000752a00000| Untracked 
| 150|0x0000000752c00000, 0x0000000752c00000, 0x0000000752e00000|  0%| F|  |TAMS 0x0000000752c00000, 0x0000000752c00000| Untracked 
| 151|0x0000000752e00000, 0x0000000752e00000, 0x0000000753000000|  0%| F|  |TAMS 0x0000000752e00000, 0x0000000752e00000| Untracked 
| 152|0x0000000753000000, 0x0000000753000000, 0x0000000753200000|  0%| F|  |TAMS 0x0000000753000000, 0x0000000753000000| Untracked 
| 153|0x0000000753200000, 0x0000000753200000, 0x0000000753400000|  0%| F|  |TAMS 0x0000000753200000, 0x0000000753200000| Untracked 

Card table byte_map: [0x00000273fad40000,0x00000273fb340000] _byte_map_base: 0x00000273f7340000

Marking Bits (Prev, Next): (CMBitMap*) 0x00000273fa4855f0, (CMBitMap*) 0x00000273fa4855b0
 Prev Bits: [0x0000027396730000, 0x0000027399730000)
 Next Bits: [0x00000273fb940000, 0x00000273fe940000)

Polling page: 0x00000273f8240000

Metaspace:

Usage:
  Non-class:     48.59 MB used.
      Class:      7.64 MB used.
       Both:     56.23 MB used.

Virtual space:
  Non-class space:       56.00 MB reserved,      48.88 MB ( 87%) committed,  7 nodes.
      Class space:        1.00 GB reserved,       7.94 MB ( <1%) committed,  1 nodes.
             Both:        1.05 GB reserved,      56.81 MB (  5%) committed. 

Chunk freelists:
   Non-Class:  3.14 MB
       Class:  122.00 KB
        Both:  3.26 MB

MaxMetaspaceSize: unlimited
CompressedClassSpaceSize: 1.00 GB
Initial GC threshold: 21.00 MB
Current GC threshold: 94.50 MB
CDS: on
MetaspaceReclaimPolicy: balanced
 - commit_granule_bytes: 65536.
 - commit_granule_words: 8192.
 - virtual_space_node_default_size: 1048576.
 - enlarge_chunks_in_place: 1.
 - new_chunks_are_fully_committed: 0.
 - uncommit_free_chunks: 1.
 - use_allocation_guard: 0.
 - handle_deallocations: 1.


Internal statistics:

num_allocs_failed_limit: 6.
num_arena_births: 562.
num_arena_deaths: 0.
num_vsnodes_births: 8.
num_vsnodes_deaths: 0.
num_space_committed: 909.
num_space_uncommitted: 0.
num_chunks_returned_to_freelist: 6.
num_chunks_taken_from_freelist: 2603.
num_chunk_merges: 6.
num_chunk_splits: 1675.
num_chunks_enlarged: 1080.
num_purges: 0.
num_inconsistent_stats: 0.

CodeHeap 'non-profiled nmethods': size=120000Kb used=4468Kb max_used=4468Kb free=115531Kb
 bounds [0x000002738f200000, 0x000002738f660000, 0x0000027396730000]
CodeHeap 'profiled nmethods': size=120000Kb used=13941Kb max_used=13941Kb free=106059Kb
 bounds [0x0000027387cd0000, 0x0000027388a70000, 0x000002738f200000]
CodeHeap 'non-nmethods': size=5760Kb used=2373Kb max_used=2438Kb free=3386Kb
 bounds [0x0000027387730000, 0x00000273879a0000, 0x0000027387cd0000]
 total_blobs=7803 nmethods=6908 adapters=807
 compilation: enabled
              stopped_count=0, restarted_count=0
 full_count=0

Compilation events (20 events):
Event: 19.012 Thread 0x00000273ff39eab0 nmethod 7708 0x0000027388a6cf90 code [0x0000027388a6d160, 0x0000027388a6d578]
Event: 19.012 Thread 0x00000273ff3960f0 7709       4       java.util.Iterator::forEachRemaining (30 bytes)
Event: 19.015 Thread 0x00000273ff3960f0 nmethod 7709 0x000002738f659b90 code [0x000002738f659d40, 0x000002738f659f98]
Event: 19.015 Thread 0x00000273ff3960f0 7710   !   4       java.io.BufferedReader$1::hasNext (43 bytes)
Event: 19.017 Thread 0x00000273ff3960f0 nmethod 7710 0x000002738f65a290 code [0x000002738f65a420, 0x000002738f65a628]
Event: 19.019 Thread 0x00000273ff3960f0 7711       4       java.nio.ByteBuffer::position (6 bytes)
Event: 19.020 Thread 0x00000273ff3960f0 nmethod 7711 0x000002738f65a790 code [0x000002738f65a920, 0x000002738f65aa18]
Event: 19.032 Thread 0x00000273ff3960f0 7712       4       java.nio.CharBuffer::position (6 bytes)
Event: 19.033 Thread 0x00000273ff3960f0 nmethod 7712 0x000002738f65ab10 code [0x000002738f65ac80, 0x000002738f65ad58]
Event: 19.041 Thread 0x00000273ff3960f0 7713 %     4       java.util.ArrayList$ArrayListSpliterator::forEachRemaining @ 81 (127 bytes)
Event: 19.046 Thread 0x00000273ff3960f0 nmethod 7713% 0x000002738f65ae90 code [0x000002738f65b040, 0x000002738f65b3d8]
Event: 19.047 Thread 0x00000273ff3960f0 7714       4       java.util.ArrayList$ArrayListSpliterator::forEachRemaining (127 bytes)
Event: 19.054 Thread 0x00000273ff3960f0 nmethod 7714 0x000002738f65b710 code [0x000002738f65b8a0, 0x000002738f65bb78]
Event: 19.054 Thread 0x00000273ff3960f0 7715 %     4       java.util.ArrayList$ArrayListSpliterator::forEachRemaining @ 81 (127 bytes)
Event: 19.057 Thread 0x00000273ff3960f0 nmethod 7715% 0x000002738f65bd90 code [0x000002738f65bf40, 0x000002738f65c298]
Event: 19.059 Thread 0x00000273ff3960f0 7716       4       java.util.Arrays::copyOfRange (90 bytes)
Event: 19.063 Thread 0x00000273ff3960f0 nmethod 7716 0x000002738f65c590 code [0x000002738f65c720, 0x000002738f65cc18]
Event: 19.063 Thread 0x00000273ff3960f0 7717       4       java.lang.Class::getComponentType (14 bytes)
Event: 19.064 Thread 0x00000273ff3960f0 nmethod 7717 0x000002738f65ce90 code [0x000002738f65d000, 0x000002738f65d098]
Event: 19.064 Thread 0x00000273ff3960f0 7718       4       net.minecraftforge.srgutils.InternalUtils::loadTSrg2 (661 bytes)

GC Heap History (20 events):
Event: 14.857 GC heap after
{Heap after GC invocations=35 (full 0):
 garbage-first heap   total 157696K, used 105847K [0x0000000740000000, 0x0000000800000000)
  region size 2048K, 2 young (4096K), 2 survivors (4096K)
 Metaspace       used 57326K, committed 57856K, reserved 1105920K
  class space    used 7808K, committed 8064K, reserved 1048576K
}
Event: 14.872 GC heap before
{Heap before GC invocations=35 (full 0):
 garbage-first heap   total 157696K, used 118135K [0x0000000740000000, 0x0000000800000000)
  region size 2048K, 8 young (16384K), 2 survivors (4096K)
 Metaspace       used 57326K, committed 57856K, reserved 1105920K
  class space    used 7808K, committed 8064K, reserved 1048576K
}
Event: 14.879 GC heap after
{Heap after GC invocations=36 (full 0):
 garbage-first heap   total 315392K, used 115540K [0x0000000740000000, 0x0000000800000000)
  region size 2048K, 1 young (2048K), 1 survivors (2048K)
 Metaspace       used 57326K, committed 57856K, reserved 1105920K
  class space    used 7808K, committed 8064K, reserved 1048576K
}
Event: 15.084 GC heap before
{Heap before GC invocations=37 (full 0):
 garbage-first heap   total 315392K, used 185172K [0x0000000740000000, 0x0000000800000000)
  region size 2048K, 35 young (71680K), 1 survivors (2048K)
 Metaspace       used 57436K, committed 58048K, reserved 1105920K
  class space    used 7822K, committed 8128K, reserved 1048576K
}
Event: 15.112 GC heap after
{Heap after GC invocations=38 (full 0):
 garbage-first heap   total 315392K, used 162087K [0x0000000740000000, 0x0000000800000000)
  region size 2048K, 5 young (10240K), 5 survivors (10240K)
 Metaspace       used 57436K, committed 58048K, reserved 1105920K
  class space    used 7822K, committed 8128K, reserved 1048576K
}
Event: 15.173 GC heap before
{Heap before GC invocations=38 (full 0):
 garbage-first heap   total 315392K, used 180519K [0x0000000740000000, 0x0000000800000000)
  region size 2048K, 15 young (30720K), 5 survivors (10240K)
 Metaspace       used 57437K, committed 58048K, reserved 1105920K
  class space    used 7822K, committed 8128K, reserved 1048576K
}
Event: 15.198 GC heap after
{Heap after GC invocations=39 (full 0):
 garbage-first heap   total 315392K, used 178956K [0x0000000740000000, 0x0000000800000000)
  region size 2048K, 4 young (8192K), 4 survivors (8192K)
 Metaspace       used 57437K, committed 58048K, reserved 1105920K
  class space    used 7822K, committed 8128K, reserved 1048576K
}
Event: 17.843 GC heap before
{Heap before GC invocations=40 (full 0):
 garbage-first heap   total 315392K, used 289548K [0x0000000740000000, 0x0000000800000000)
  region size 2048K, 10 young (20480K), 4 survivors (8192K)
 Metaspace       used 57484K, committed 58112K, reserved 1105920K
  class space    used 7823K, committed 8128K, reserved 1048576K
}
Event: 17.851 GC heap after
{Heap after GC invocations=41 (full 0):
 garbage-first heap   total 315392K, used 174220K [0x0000000740000000, 0x0000000800000000)
  region size 2048K, 1 young (2048K), 1 survivors (2048K)
 Metaspace       used 57484K, committed 58112K, reserved 1105920K
  class space    used 7823K, committed 8128K, reserved 1048576K
}
Event: 19.002 GC heap before
{Heap before GC invocations=41 (full 0):
 garbage-first heap   total 315392K, used 297100K [0x0000000740000000, 0x0000000800000000)
  region size 2048K, 4 young (8192K), 1 survivors (2048K)
 Metaspace       used 57580K, committed 58176K, reserved 1105920K
  class space    used 7824K, committed 8128K, reserved 1048576K
}
Event: 19.003 GC heap after
{Heap after GC invocations=42 (full 0):
 garbage-first heap   total 315392K, used 178020K [0x0000000740000000, 0x0000000800000000)
  region size 2048K, 1 young (2048K), 1 survivors (2048K)
 Metaspace       used 57580K, committed 58176K, reserved 1105920K
  class space    used 7824K, committed 8128K, reserved 1048576K
}
Event: 19.008 GC heap before
{Heap before GC invocations=42 (full 0):
 garbage-first heap   total 315392K, used 184164K [0x0000000740000000, 0x0000000800000000)
  region size 2048K, 2 young (4096K), 1 survivors (2048K)
 Metaspace       used 57580K, committed 58176K, reserved 1105920K
  class space    used 7824K, committed 8128K, reserved 1048576K
}
Event: 19.009 GC heap after
{Heap after GC invocations=43 (full 0):
 garbage-first heap   total 315392K, used 184014K [0x0000000740000000, 0x0000000800000000)
  region size 2048K, 1 young (2048K), 1 survivors (2048K)
 Metaspace       used 57580K, committed 58176K, reserved 1105920K
  class space    used 7824K, committed 8128K, reserved 1048576K
}
Event: 19.078 GC heap before
{Heap before GC invocations=44 (full 0):
 garbage-first heap   total 315392K, used 134589K [0x0000000740000000, 0x0000000800000000)
  region size 2048K, 24 young (49152K), 1 survivors (2048K)
 Metaspace       used 57580K, committed 58176K, reserved 1105920K
  class space    used 7824K, committed 8128K, reserved 1048576K
}
Event: 19.093 GC heap after
{Heap after GC invocations=45 (full 0):
 garbage-first heap   total 315392K, used 110279K [0x0000000740000000, 0x0000000800000000)
  region size 2048K, 3 young (6144K), 3 survivors (6144K)
 Metaspace       used 57580K, committed 58176K, reserved 1105920K
  class space    used 7824K, committed 8128K, reserved 1048576K
}
Event: 19.100 GC heap before
{Heap before GC invocations=45 (full 0):
 garbage-first heap   total 315392K, used 118471K [0x0000000740000000, 0x0000000800000000)
  region size 2048K, 7 young (14336K), 3 survivors (6144K)
 Metaspace       used 57580K, committed 58176K, reserved 1105920K
  class space    used 7824K, committed 8128K, reserved 1048576K
}
Event: 19.107 GC heap after
{Heap after GC invocations=46 (full 0):
 garbage-first heap   total 315392K, used 113174K [0x0000000740000000, 0x0000000800000000)
  region size 2048K, 1 young (2048K), 1 survivors (2048K)
 Metaspace       used 57580K, committed 58176K, reserved 1105920K
  class space    used 7824K, committed 8128K, reserved 1048576K
}
Event: 19.145 GC heap before
{Heap before GC invocations=46 (full 0):
 garbage-first heap   total 315392K, used 182806K [0x0000000740000000, 0x0000000800000000)
  region size 2048K, 35 young (71680K), 1 survivors (2048K)
 Metaspace       used 57580K, committed 58176K, reserved 1105920K
  class space    used 7824K, committed 8128K, reserved 1048576K
}
Event: 19.167 GC heap after
{Heap after GC invocations=47 (full 0):
 garbage-first heap   total 315392K, used 159738K [0x0000000740000000, 0x0000000800000000)
  region size 2048K, 5 young (10240K), 5 survivors (10240K)
 Metaspace       used 57580K, committed 58176K, reserved 1105920K
  class space    used 7824K, committed 8128K, reserved 1048576K
}
Event: 19.210 GC heap before
{Heap before GC invocations=47 (full 0):
 garbage-first heap   total 315392K, used 196602K [0x0000000740000000, 0x0000000800000000)
  region size 2048K, 24 young (49152K), 5 survivors (10240K)
 Metaspace       used 57580K, committed 58176K, reserved 1105920K
  class space    used 7824K, committed 8128K, reserved 1048576K
}

Deoptimization events (20 events):
Event: 19.047 Thread 0x000002739cc8d580 DEOPT PACKING pc=0x000002738f65b354 sp=0x000000ddf2bf6c20
Event: 19.047 Thread 0x000002739cc8d580 DEOPT UNPACKING pc=0x00000273877823a3 sp=0x000000ddf2bf6be0 mode 2
Event: 19.047 Thread 0x000002739cc8d580 Uncommon trap: trap_request=0xffffffbe fr.pc=0x000002738f65b354 relative=0x0000000000000314
Event: 19.047 Thread 0x000002739cc8d580 Uncommon trap: reason=profile_predicate action=maybe_recompile pc=0x000002738f65b354 method=java.util.ArrayList$ArrayListSpliterator.forEachRemaining(Ljava/util/function/Consumer;)V @ 81 c2
Event: 19.047 Thread 0x000002739cc8d580 DEOPT PACKING pc=0x000002738f65b354 sp=0x000000ddf2bf6c20
Event: 19.047 Thread 0x000002739cc8d580 DEOPT UNPACKING pc=0x00000273877823a3 sp=0x000000ddf2bf6be0 mode 2
Event: 19.047 Thread 0x000002739cc8d580 Uncommon trap: trap_request=0xffffffbe fr.pc=0x000002738f65b354 relative=0x0000000000000314
Event: 19.047 Thread 0x000002739cc8d580 Uncommon trap: reason=profile_predicate action=maybe_recompile pc=0x000002738f65b354 method=java.util.ArrayList$ArrayListSpliterator.forEachRemaining(Ljava/util/function/Consumer;)V @ 81 c2
Event: 19.047 Thread 0x000002739cc8d580 DEOPT PACKING pc=0x000002738f65b354 sp=0x000000ddf2bf6c20
Event: 19.047 Thread 0x000002739cc8d580 DEOPT UNPACKING pc=0x00000273877823a3 sp=0x000000ddf2bf6be0 mode 2
Event: 19.047 Thread 0x000002739cc8d580 Uncommon trap: trap_request=0xffffffbe fr.pc=0x000002738f65b354 relative=0x0000000000000314
Event: 19.047 Thread 0x000002739cc8d580 Uncommon trap: reason=profile_predicate action=maybe_recompile pc=0x000002738f65b354 method=java.util.ArrayList$ArrayListSpliterator.forEachRemaining(Ljava/util/function/Consumer;)V @ 81 c2
Event: 19.047 Thread 0x000002739cc8d580 DEOPT PACKING pc=0x000002738f65b354 sp=0x000000ddf2bf6c20
Event: 19.047 Thread 0x000002739cc8d580 DEOPT UNPACKING pc=0x00000273877823a3 sp=0x000000ddf2bf6be0 mode 2
Event: 19.064 Thread 0x000002739cc8d580 DEOPT PACKING pc=0x00000273889ea409 sp=0x000000ddf2bf6d20
Event: 19.064 Thread 0x000002739cc8d580 DEOPT UNPACKING pc=0x0000027387782b43 sp=0x000000ddf2bf6310 mode 0
Event: 19.167 Thread 0x000002739cc8d580 Uncommon trap: trap_request=0xffffff45 fr.pc=0x000002738f62750c relative=0x00000000000037ac
Event: 19.167 Thread 0x000002739cc8d580 Uncommon trap: reason=unstable_if action=reinterpret pc=0x000002738f62750c method=net.minecraftforge.srgutils.InternalUtils.loadTSrg2(Ljava/util/List;)Lnet/minecraftforge/srgutils/IMappingBuilder; @ 107 c2
Event: 19.167 Thread 0x000002739cc8d580 DEOPT PACKING pc=0x000002738f62750c sp=0x000000ddf2bf6e10
Event: 19.167 Thread 0x000002739cc8d580 DEOPT UNPACKING pc=0x00000273877823a3 sp=0x000000ddf2bf6e18 mode 2

Classes unloaded (0 events):
No events

Classes redefined (0 events):
No events

Internal exceptions (20 events):
Event: 11.603 Thread 0x000002739cc8d580 Exception <a 'java/lang/ClassNotFoundException'{0x0000000745eeab90}: org/gradle/api/tasks/compile/AbstractOptionsBeanInfo> (0x0000000745eeab90) 
thrown [t:\workspace\open\src\hotspot\share\classfile\systemDictionary.cpp, line 256]
Event: 11.603 Thread 0x000002739cc8d580 Exception <a 'java/lang/ClassNotFoundException'{0x0000000745efb220}: org/gradle/api/tasks/compile/AbstractOptionsCustomizer> (0x0000000745efb220) 
thrown [t:\workspace\open\src\hotspot\share\classfile\systemDictionary.cpp, line 256]
Event: 11.604 Thread 0x000002739cc8d580 Exception <a 'java/lang/ClassNotFoundException'{0x0000000745f0e178}: org/gradle/api/tasks/compile/CompileOptionsCustomizer> (0x0000000745f0e178) 
thrown [t:\workspace\open\src\hotspot\share\classfile\systemDictionary.cpp, line 256]
Event: 11.606 Thread 0x000002739cc8d580 Exception <a 'java/lang/ClassNotFoundException'{0x0000000745f505d0}: org/gradle/api/tasks/compile/CompileOptions_DecoratedCustomizer> (0x0000000745f505d0) 
thrown [t:\workspace\open\src\hotspot\share\classfile\systemDictionary.cpp, line 256]
Event: 11.623 Thread 0x00000273a0f57890 Implicit null exception at 0x000002738f274403 to 0x000002738f2745c4
Event: 11.623 Thread 0x00000273a0f5a3e0 Implicit null exception at 0x000002738f274403 to 0x000002738f2745c4
Event: 11.623 Thread 0x00000273a0f53ed0 Implicit null exception at 0x000002738f274403 to 0x000002738f2745c4
Event: 11.675 Thread 0x00000273a0f58230 Exception <a 'java/lang/NoSuchMethodError'{0x0000000745a63d70}: 'void java.lang.invoke.DirectMethodHandle$Holder.invokeStatic(java.lang.Object, long)'> (0x0000000745a63d70) 
thrown [t:\workspace\open\src\hotspot\share\interpreter\linkResolver.cpp, line 766]
Event: 11.676 Thread 0x00000273a0f58230 Exception <a 'java/lang/NoSuchMethodError'{0x0000000745a69118}: 'java.lang.Object java.lang.invoke.DirectMethodHandle$Holder.newInvokeSpecial(java.lang.Object, long)'> (0x0000000745a69118) 
thrown [t:\workspace\open\src\hotspot\share\interpreter\linkResolver.cpp, line 766]
Event: 11.678 Thread 0x00000273a0f58230 Exception <a 'java/lang/NoSuchMethodError'{0x0000000745a6ff70}: 'java.lang.Object java.lang.invoke.DirectMethodHandle$Holder.invokeStatic(java.lang.Object, java.lang.Object, long, java.lang.Object)'> (0x0000000745a6ff70) 
thrown [t:\workspace\open\src\hotspot\share\interpreter\linkResolver.cpp, line 766]
Event: 11.678 Thread 0x00000273a0f58230 Exception <a 'java/lang/NoSuchMethodError'{0x0000000745a73a08}: 'java.lang.Object java.lang.invoke.DirectMethodHandle$Holder.invokeStaticInit(java.lang.Object, java.lang.Object, long, java.lang.Object)'> (0x0000000745a73a08) 
thrown [t:\workspace\open\src\hotspot\share\interpreter\linkResolver.cpp, line 766]
Event: 11.679 Thread 0x00000273a0f58230 Exception <a 'java/lang/NoSuchMethodError'{0x0000000745a7a018}: 'java.lang.Object java.lang.invoke.DirectMethodHandle$Holder.newInvokeSpecial(java.lang.Object, java.lang.Object, long)'> (0x0000000745a7a018) 
thrown [t:\workspace\open\src\hotspot\share\interpreter\linkResolver.cpp, line 766]
Event: 11.679 Thread 0x00000273a0f58230 Exception <a 'java/lang/NoSuchMethodError'{0x0000000745a7e128}: 'java.lang.Object java.lang.invoke.Invokers$Holder.linkToTargetMethod(java.lang.Object, long, java.lang.Object)'> (0x0000000745a7e128) 
thrown [t:\workspace\open\src\hotspot\share\interpreter\linkResolver.cpp, line 766]
Event: 12.357 Thread 0x000002739cc8d580 Implicit null exception at 0x000002738f250df2 to 0x000002738f2513e4
Event: 12.556 Thread 0x000002739cc8d580 Implicit null exception at 0x000002738f3fb07c to 0x000002738f3fb744
Event: 12.723 Thread 0x000002739cc8d580 Implicit null exception at 0x000002738f23c9f2 to 0x000002738f23cfd0
Event: 14.185 Thread 0x000002739cc8d580 Exception <a 'java/lang/NoSuchMethodError'{0x000000074decff40}: 'void java.lang.invoke.DirectMethodHandle$Holder.invokeVirtual(java.lang.Object, java.lang.Object)'> (0x000000074decff40) 
thrown [t:\workspace\open\src\hotspot\share\interpreter\linkResolver.cpp, line 766]
Event: 14.189 Thread 0x000002739cc8d580 Exception <a 'java/lang/NoSuchMethodError'{0x000000074dee32a0}: 'void java.lang.invoke.DirectMethodHandle$Holder.invokeStatic(java.lang.Object, java.lang.Object, java.lang.Object, java.lang.Object, java.lang.Object, java.lang.Object, java.lang.Object)'> (0x000000074dee32a0) 
thrown [t:\workspace\open\src\hotspot\share\interpreter\linkResolver.cpp, line 766]
Event: 14.996 Thread 0x000002739cc8d580 Exception <a 'java/lang/NoSuchMethodError'{0x00000007504e0760}: 'java.lang.Object java.lang.invoke.DirectMethodHandle$Holder.newInvokeSpecial(java.lang.Object, java.lang.Object, int, int)'> (0x00000007504e0760) 
thrown [t:\workspace\open\src\hotspot\share\interpreter\linkResolver.cpp, line 766]
Event: 14.999 Thread 0x000002739cc8d580 Exception <a 'java/lang/NoSuchMethodError'{0x00000007505009b8}: 'void java.lang.invoke.DirectMethodHandle$Holder.invokeStatic(java.lang.Object, java.lang.Object, int, int, java.lang.Object)'> (0x00000007505009b8) 
thrown [t:\workspace\open\src\hotspot\share\interpreter\linkResolver.cpp, line 766]

VM Operations (20 events):
Event: 17.495 Executing VM operation: Cleanup done
Event: 17.843 Executing VM operation: G1CollectForAllocation
Event: 17.851 Executing VM operation: G1CollectForAllocation done
Event: 18.862 Executing VM operation: Cleanup
Event: 18.862 Executing VM operation: Cleanup done
Event: 19.002 Executing VM operation: G1CollectForAllocation
Event: 19.004 Executing VM operation: G1CollectForAllocation done
Event: 19.008 Executing VM operation: G1TryInitiateConcMark
Event: 19.010 Executing VM operation: G1TryInitiateConcMark done
Event: 19.050 Executing VM operation: G1Concurrent
Event: 19.053 Executing VM operation: G1Concurrent done
Event: 19.070 Executing VM operation: G1Concurrent
Event: 19.071 Executing VM operation: G1Concurrent done
Event: 19.078 Executing VM operation: G1CollectForAllocation
Event: 19.093 Executing VM operation: G1CollectForAllocation done
Event: 19.100 Executing VM operation: G1CollectForAllocation
Event: 19.107 Executing VM operation: G1CollectForAllocation done
Event: 19.145 Executing VM operation: G1CollectForAllocation
Event: 19.167 Executing VM operation: G1CollectForAllocation done
Event: 19.210 Executing VM operation: G1TryInitiateConcMark

Events (20 events):
Event: 13.903 Thread 0x00000273a0a46d50 Thread added: 0x00000273a0a46d50
Event: 13.904 Thread 0x00000273a0a48090 Thread added: 0x00000273a0a48090
Event: 13.904 Thread 0x00000273a0a44ba0 Thread added: 0x00000273a0a44ba0
Event: 13.904 Thread 0x00000273a0a43860 Thread added: 0x00000273a0a43860
Event: 13.904 Thread 0x00000273a0a446d0 Thread added: 0x00000273a0a446d0
Event: 13.905 Thread 0x000002739d3720e0 Thread added: 0x000002739d3720e0
Event: 14.273 loading class java/lang/StackTraceElement$HashedModules
Event: 14.273 loading class java/lang/StackTraceElement$HashedModules done
Event: 14.339 loading class java/util/TreeMap$KeySpliterator
Event: 14.339 loading class java/util/TreeMap$TreeMapSpliterator
Event: 14.339 loading class java/util/TreeMap$TreeMapSpliterator done
Event: 14.339 loading class java/util/TreeMap$KeySpliterator done
Event: 14.531 loading class java/io/BufferedReader$1
Event: 14.531 loading class java/io/BufferedReader$1 done
Event: 14.586 Thread 0x000002739d372b00 Thread added: 0x000002739d372b00
Event: 15.492 Thread 0x000002739d372b00 Thread exited: 0x000002739d372b00
Event: 16.010 Thread 0x000002739d3720e0 Thread exited: 0x000002739d3720e0
Event: 18.344 loading class jdk/internal/access/foreign/MemorySegmentProxy
Event: 18.344 loading class jdk/internal/access/foreign/MemorySegmentProxy done
Event: 18.442 Thread 0x00000273a0f56080 Thread exited: 0x00000273a0f56080


Dynamic libraries:
0x00007ff772160000 - 0x00007ff772170000 	C:\Program Files\Java\jdk-17.0.1\bin\java.exe
0x00007ff928fb0000 - 0x00007ff9291a8000 	C:\WINDOWS\SYSTEM32\ntdll.dll
0x00007ff927fc0000 - 0x00007ff92807f000 	C:\WINDOWS\System32\KERNEL32.DLL
0x00007ff926980000 - 0x00007ff926c76000 	C:\WINDOWS\System32\KERNELBASE.dll
0x00007ff926c80000 - 0x00007ff926d80000 	C:\WINDOWS\System32\ucrtbase.dll
0x00007ff913ca0000 - 0x00007ff913cb8000 	C:\Program Files\Java\jdk-17.0.1\bin\jli.dll
0x00007ff906e20000 - 0x00007ff906e3a000 	C:\Program Files\Java\jdk-17.0.1\bin\VCRUNTIME140.dll
0x00007ff927770000 - 0x00007ff92781f000 	C:\WINDOWS\System32\ADVAPI32.dll
0x00007ff928300000 - 0x00007ff92839e000 	C:\WINDOWS\System32\msvcrt.dll
0x00007ff927010000 - 0x00007ff9270ac000 	C:\WINDOWS\System32\sechost.dll
0x00007ff928100000 - 0x00007ff928226000 	C:\WINDOWS\System32\RPCRT4.dll
0x00007ff927840000 - 0x00007ff9279dd000 	C:\WINDOWS\System32\USER32.dll
0x00007ff9148a0000 - 0x00007ff914b3a000 	C:\WINDOWS\WinSxS\amd64_microsoft.windows.common-controls_6595b64144ccf1df_6.0.19041.1110_none_60b5254171f9507e\COMCTL32.dll
0x00007ff926ef0000 - 0x00007ff926f12000 	C:\WINDOWS\System32\win32u.dll
0x00007ff927f90000 - 0x00007ff927fbc000 	C:\WINDOWS\System32\GDI32.dll
0x00007ff926860000 - 0x00007ff926975000 	C:\WINDOWS\System32\gdi32full.dll
0x00007ff926f70000 - 0x00007ff92700d000 	C:\WINDOWS\System32\msvcp_win.dll
0x00007ff9214c0000 - 0x00007ff9214ca000 	C:\WINDOWS\SYSTEM32\VERSION.dll
0x00007ff9270b0000 - 0x00007ff9270e0000 	C:\WINDOWS\System32\IMM32.DLL
0x00007ff906d40000 - 0x00007ff906d4c000 	C:\Program Files\Java\jdk-17.0.1\bin\vcruntime140_1.dll
0x00007ff8f3660000 - 0x00007ff8f36ed000 	C:\Program Files\Java\jdk-17.0.1\bin\msvcp140.dll
0x00007ff870310000 - 0x00007ff870ece000 	C:\Program Files\Java\jdk-17.0.1\bin\server\jvm.dll
0x00007ff9271d0000 - 0x00007ff9271d8000 	C:\WINDOWS\System32\PSAPI.DLL
0x00007ff905310000 - 0x00007ff905319000 	C:\WINDOWS\SYSTEM32\WSOCK32.dll
0x00007ff91ab00000 - 0x00007ff91ab27000 	C:\WINDOWS\SYSTEM32\WINMM.dll
0x00007ff9279f0000 - 0x00007ff927a5b000 	C:\WINDOWS\System32\WS2_32.dll
0x00007ff924530000 - 0x00007ff924542000 	C:\WINDOWS\SYSTEM32\kernel.appcore.dll
0x00007ff903840000 - 0x00007ff90384a000 	C:\Program Files\Java\jdk-17.0.1\bin\jimage.dll
0x00007ff914d40000 - 0x00007ff914f24000 	C:\WINDOWS\SYSTEM32\DBGHELP.DLL
0x00007ff90b0e0000 - 0x00007ff90b114000 	C:\WINDOWS\SYSTEM32\dbgcore.DLL
0x00007ff926db0000 - 0x00007ff926e32000 	C:\WINDOWS\System32\bcryptPrimitives.dll
0x00007ff8f8a70000 - 0x00007ff8f8a95000 	C:\Program Files\Java\jdk-17.0.1\bin\java.dll
0x00007ff8ee6f0000 - 0x00007ff8ee7c6000 	C:\Program Files\Java\jdk-17.0.1\bin\svml.dll
0x00007ff9284d0000 - 0x00007ff928c14000 	C:\WINDOWS\System32\SHELL32.dll
0x00007ff924730000 - 0x00007ff924ec3000 	C:\WINDOWS\SYSTEM32\windows.storage.dll
0x00007ff9272f0000 - 0x00007ff927644000 	C:\WINDOWS\System32\combase.dll
0x00007ff925fa0000 - 0x00007ff925fce000 	C:\WINDOWS\SYSTEM32\Wldp.dll
0x00007ff927ed0000 - 0x00007ff927f7d000 	C:\WINDOWS\System32\SHCORE.dll
0x00007ff927170000 - 0x00007ff9271c5000 	C:\WINDOWS\System32\shlwapi.dll
0x00007ff9265d0000 - 0x00007ff9265ef000 	C:\WINDOWS\SYSTEM32\profapi.dll
0x00007ff8fe040000 - 0x00007ff8fe059000 	C:\Program Files\Java\jdk-17.0.1\bin\net.dll
0x00007ff91f3c0000 - 0x00007ff91f4ca000 	C:\WINDOWS\SYSTEM32\WINHTTP.dll
0x00007ff925d10000 - 0x00007ff925d7a000 	C:\WINDOWS\system32\mswsock.dll
0x00007ff8f8a50000 - 0x00007ff8f8a65000 	C:\Program Files\Java\jdk-17.0.1\bin\nio.dll
0x00007ff8f3640000 - 0x00007ff8f3658000 	C:\Program Files\Java\jdk-17.0.1\bin\zip.dll
0x00007ff8f3630000 - 0x00007ff8f3640000 	C:\Program Files\Java\jdk-17.0.1\bin\verify.dll
0x00007ff902210000 - 0x00007ff902237000 	D:\jais\.gradle\native\e1d6ef7f7dcc3fd88c89a11ec53ec762bb8ba0a96d01ffa2cd45eb1d1d8dd5c5\windows-amd64\native-platform.dll
0x00007ff8ec1e0000 - 0x00007ff8ec324000 	D:\jais\.gradle\native\0d407fdbe67a94daf76414ababcb853783967236a71b16ec16e742cd7a986fd3\windows-amd64\native-platform-file-events.dll
0x00007ff8f3620000 - 0x00007ff8f3629000 	C:\Program Files\Java\jdk-17.0.1\bin\management.dll
0x00007ff8f3610000 - 0x00007ff8f361b000 	C:\Program Files\Java\jdk-17.0.1\bin\management_ext.dll
0x00007ff926050000 - 0x00007ff926068000 	C:\WINDOWS\SYSTEM32\CRYPTSP.dll
0x00007ff925650000 - 0x00007ff925684000 	C:\WINDOWS\system32\rsaenh.dll
0x00007ff926d80000 - 0x00007ff926da7000 	C:\WINDOWS\System32\bcrypt.dll
0x00007ff926590000 - 0x00007ff9265be000 	C:\WINDOWS\SYSTEM32\USERENV.dll
0x00007ff925ea0000 - 0x00007ff925eac000 	C:\WINDOWS\SYSTEM32\CRYPTBASE.dll
0x00007ff925a20000 - 0x00007ff925a5c000 	C:\WINDOWS\SYSTEM32\IPHLPAPI.DLL
0x00007ff927f80000 - 0x00007ff927f88000 	C:\WINDOWS\System32\NSI.dll
0x00007ff920710000 - 0x00007ff920727000 	C:\WINDOWS\SYSTEM32\dhcpcsvc6.DLL
0x00007ff921040000 - 0x00007ff92105d000 	C:\WINDOWS\SYSTEM32\dhcpcsvc.DLL
0x00007ff925a60000 - 0x00007ff925b2b000 	C:\WINDOWS\SYSTEM32\DNSAPI.dll
0x00007ff8f33d0000 - 0x00007ff8f33de000 	C:\Program Files\Java\jdk-17.0.1\bin\sunmscapi.dll
0x00007ff926700000 - 0x00007ff92685e000 	C:\WINDOWS\System32\CRYPT32.dll
0x00007ff926160000 - 0x00007ff926188000 	C:\WINDOWS\SYSTEM32\ncrypt.dll
0x00007ff926120000 - 0x00007ff92615b000 	C:\WINDOWS\SYSTEM32\NTASN1.dll
0x00007ff8ea4f0000 - 0x00007ff8ea4f7000 	C:\WINDOWS\system32\wshunix.dll
0x000000005b180000 - 0x000000005b1a6000 	C:\Program Files\Bonjour\mdnsNSP.dll
0x00007ff90bf10000 - 0x00007ff90bf1a000 	C:\Windows\System32\rasadhlp.dll
0x00007ff91cf00000 - 0x00007ff91cf82000 	C:\WINDOWS\System32\fwpuclnt.dll

dbghelp: loaded successfully - version: 4.0.5 - missing functions: none
symbol engine: initialized successfully - sym options: 0x614 - pdb path: .;C:\Program Files\Java\jdk-17.0.1\bin;C:\WINDOWS\SYSTEM32;C:\WINDOWS\WinSxS\amd64_microsoft.windows.common-controls_6595b64144ccf1df_6.0.19041.1110_none_60b5254171f9507e;C:\Program Files\Java\jdk-17.0.1\bin\server;D:\jais\.gradle\native\e1d6ef7f7dcc3fd88c89a11ec53ec762bb8ba0a96d01ffa2cd45eb1d1d8dd5c5\windows-amd64;D:\jais\.gradle\native\0d407fdbe67a94daf76414ababcb853783967236a71b16ec16e742cd7a986fd3\windows-amd64;C:\Program Files\Bonjour

VM Arguments:
jvm_args: --add-opens=java.base/java.util=ALL-UNNAMED --add-opens=java.base/java.lang=ALL-UNNAMED --add-opens=java.base/java.lang.invoke=ALL-UNNAMED --add-opens=java.base/java.util=ALL-UNNAMED --add-opens=java.prefs/java.util.prefs=ALL-UNNAMED --add-opens=java.prefs/java.util.prefs=ALL-UNNAMED --add-opens=java.base/java.nio.charset=ALL-UNNAMED --add-opens=java.base/java.net=ALL-UNNAMED --add-opens=java.base/java.util.concurrent.atomic=ALL-UNNAMED -Xmx3G -Dfile.encoding=windows-1252 -Duser.country=US -Duser.language=en -Duser.variant 
java_command: org.gradle.launcher.daemon.bootstrap.GradleDaemon 7.4
java_class_path (initial): D:\jais\.gradle\wrapper\dists\gradle-7.4-bin\c0gwcg53nkjbqw7r0h0umtfvt\gradle-7.4\lib\gradle-launcher-7.4.jar
Launcher Type: SUN_STANDARD

[Global flags]
     intx CICompilerCount                          = 4                                         {product} {ergonomic}
     uint ConcGCThreads                            = 2                                         {product} {ergonomic}
     uint G1ConcRefinementThreads                  = 8                                         {product} {ergonomic}
   size_t G1HeapRegionSize                         = 2097152                                   {product} {ergonomic}
    uintx GCDrainStackTargetSize                   = 64                                        {product} {ergonomic}
   size_t InitialHeapSize                          = 234881024                                 {product} {ergonomic}
   size_t MarkStackSize                            = 4194304                                   {product} {ergonomic}
   size_t MaxHeapSize                              = 3221225472                                {product} {command line}
   size_t MaxNewSize                               = 1931476992                                {product} {ergonomic}
   size_t MinHeapDeltaBytes                        = 2097152                                   {product} {ergonomic}
   size_t MinHeapSize                              = 8388608                                   {product} {ergonomic}
    uintx NonNMethodCodeHeapSize                   = 5839372                                {pd product} {ergonomic}
    uintx NonProfiledCodeHeapSize                  = 122909434                              {pd product} {ergonomic}
    uintx ProfiledCodeHeapSize                     = 122909434                              {pd product} {ergonomic}
    uintx ReservedCodeCacheSize                    = 251658240                              {pd product} {ergonomic}
     bool SegmentedCodeCache                       = true                                      {product} {ergonomic}
   size_t SoftMaxHeapSize                          = 3221225472                             {manageable} {ergonomic}
     bool UseCompressedClassPointers               = true                           {product lp64_product} {ergonomic}
     bool UseCompressedOops                        = true                           {product lp64_product} {ergonomic}
     bool UseG1GC                                  = true                                      {product} {ergonomic}
     bool UseLargePagesIndividualAllocation        = false                                  {pd product} {ergonomic}

Logging:
Log output configuration:
 #0: stdout all=warning uptime,level,tags
 #1: stderr all=off uptime,level,tags

Environment Variables:
PATH=C:\Program Files\OpenJDK\jdk-11.0.18.10-hotspot\bin;C:\Python310\Scripts\;C:\Python310\;C:\Program Files\Zulu\zulu-8\bin\;C:\Program Files\Common Files\Oracle\Java\javapath;C:\Program Files\AdoptOpenJDK\jre-11.0.10.9-openj9\bin;C:\Program Files\AdoptOpenJDK\jre-8.0.282.8-hotspot\bin;C:\WINDOWS\system32;C:\WINDOWS;C:\WINDOWS\System32\Wbem;C:\WINDOWS\System32\WindowsPowerShell\v1.0\;C:\WINDOWS\System32\OpenSSH\;C:\Program Files\Calibre2\;C:\Program Files (x86)\QuickTime\QTSystem\;C:\Program Files\PuTTY\;C:\Program Files\Git\cmd;D:\jais\php-7.4;C:\ProgramData\ComposerSetup\bin;C:\Program Files\nodejs\;C:\ProgramData\chocolatey\bin;;C:\Program Files\Docker\Docker\resources\bin;C:\Users\Jais\scoop\shims;C:\Users\Jais\AppData\Local\Microsoft\WindowsApps;D:\jais\php-7.4;C:\Users\Jais\AppData\Roaming\Composer\vendor\bin;C:\Program Files\MariaDB 10.7\bin;C:\Users\Jais\AppData\Roaming\npm
USERNAME=Jais
OS=Windows_NT
PROCESSOR_IDENTIFIER=AMD64 Family 23 Model 17 Stepping 0, AuthenticAMD



---------------  S Y S T E M  ---------------

OS:
 Windows 10 , 64 bit Build 19041 (10.0.19041.2913)
OS uptime: 0 days 18:35 hours
Hyper-V role detected

CPU: total 8 (initial active 8) (8 cores per cpu, 2 threads per core) family 23 model 17 stepping 0 microcode 0x0, cx8, cmov, fxsr, ht, mmx, 3dnowpref, sse, sse2, sse3, ssse3, sse4a, sse4.1, sse4.2, popcnt, lzcnt, tsc, tscinvbit, avx, avx2, aes, clmul, bmi1, bmi2, adx, sha, fma, vzeroupper, clflush, clflushopt, hv

Memory: 4k page, system-wide physical 14244M (1981M free)
TotalPageFile size 29349M (AvailPageFile size 378M)
current process WorkingSet (physical memory assigned to process): 535M, peak: 535M
current process commit charge ("private bytes"): 589M, peak: 1205M

vm_info: Java HotSpot(TM) 64-Bit Server VM (17.0.1+12-LTS-39) for windows-amd64 JRE (17.0.1+12-LTS-39), built on Sep 27 2021 18:41:35 by "mach5one" with MS VC++ 16.8 (VS2019)

END.
